#
# A fatal error has been detected by the Java Runtime Environment:
#
#  EXCEPTION_ACCESS_VIOLATION (0xc0000005) at pc=0x00007ff90cbef0b6, pid=48120, tid=8136
#
# JRE version: Java(TM) SE Runtime Environment 18.9 (11.0.15+8) (build 11.0.15+8-LTS-149)
# Java VM: Java HotSpot(TM) 64-Bit Server VM 18.9 (11.0.15+8-LTS-149, mixed mode, tiered, compressed oops, g1 gc, windows-amd64)
# Problematic frame:
# C  [libarcsoft_face.dll+0xf0b6]
#
# No core dump will be written. Minidumps are not enabled by default on client versions of Windows
#
# If you would like to submit a bug report, please visit:
#   https://bugreport.java.com/bugreport/crash.jsp
# The crash happened outside the Java Virtual Machine in native code.
# See problematic frame for where to report the bug.
#

---------------  S U M M A R Y ------------

Command Line: -Dfile.encoding=UTF-8 -XX:TieredStopAtLevel=1 -Xverify:none -Dspring.output.ansi.enabled=always -Dcom.sun.management.jmxremote -Dspring.jmx.enabled=true -Dspring.liveBeansView.mbeanDomain -Dspring.application.admin.enabled=true -javaagent:D:\Program Files\JetBrains\IntelliJ IDEA 2022.2.1\lib\idea_rt.jar=14426:D:\Program Files\JetBrains\IntelliJ IDEA 2022.2.1\bin -Dfile.encoding=UTF-8 com.example.uploadtest.UploadtestApplication

Host: Intel(R) Core(TM) i7-9700 CPU @ 3.00GHz, 8 cores, 7G,  Windows 10 , 64 bit Build 19041 (10.0.19041.2251)
Time: Sun Dec 11 14:09:24 2022 中国标准时间 elapsed time: 7.214463 seconds (0d 0h 0m 7s)

---------------  T H R E A D  ---------------

Current thread (0x0000021c5e987000):  JavaThread "http-nio-8081-exec-3" daemon [_thread_in_native, id=8136, stack(0x000000385d800000,0x000000385d900000)]

Stack: [0x000000385d800000,0x000000385d900000],  sp=0x000000385d8fcbb0,  free space=1010k
Native frames: (J=compiled Java code, j=interpreted, Vv=VM code, C=native code)
C  [libarcsoft_face.dll+0xf0b6]

Java frames: (J=compiled Java code, j=interpreted, Vv=VM code)
j  com.arcsoft.face.FaceEngine.detectFaces(J[BIIII[Lcom/arcsoft/face/FaceInfo;)I+0
j  com.arcsoft.face.FaceEngine.detectFaces([BIILcom/arcsoft/face/enums/ImageFormat;Lcom/arcsoft/face/enums/DetectModel;Ljava/util/List;)I+107
j  com.arcsoft.face.FaceEngine.detectFaces([BIILcom/arcsoft/face/enums/ImageFormat;Ljava/util/List;)I+11
j  com.example.uploadtest.util.MyFaceFeature.extract(Ljava/io/File;Lcom/arcsoft/face/FaceEngine;)[B+38
j  com.example.uploadtest.controller.FaceController.login(Ljava/lang/String;)Ljava/lang/String;+44
v  ~StubRoutines::call_stub
J 2670  jdk.internal.reflect.NativeMethodAccessorImpl.invoke0(Ljava/lang/reflect/Method;Ljava/lang/Object;[Ljava/lang/Object;)Ljava/lang/Object; java.base@11.0.15 (0 bytes) @ 0x0000021c2e51903f [0x0000021c2e518fc0+0x000000000000007f]
J 2669 c1 jdk.internal.reflect.NativeMethodAccessorImpl.invoke(Ljava/lang/Object;[Ljava/lang/Object;)Ljava/lang/Object; java.base@11.0.15 (104 bytes) @ 0x0000021c2e51987c [0x0000021c2e519520+0x000000000000035c]
J 2428 c1 jdk.internal.reflect.DelegatingMethodAccessorImpl.invoke(Ljava/lang/Object;[Ljava/lang/Object;)Ljava/lang/Object; java.base@11.0.15 (10 bytes) @ 0x0000021c2e4b32e4 [0x0000021c2e4b32a0+0x0000000000000044]
J 2453 c1 java.lang.reflect.Method.invoke(Ljava/lang/Object;[Ljava/lang/Object;)Ljava/lang/Object; java.base@11.0.15 (65 bytes) @ 0x0000021c2e4be8d4 [0x0000021c2e4be7e0+0x00000000000000f4]
j  org.springframework.web.method.support.InvocableHandlerMethod.doInvoke([Ljava/lang/Object;)Ljava/lang/Object;+16
j  org.springframework.web.method.support.InvocableHandlerMethod.invokeForRequest(Lorg/springframework/web/context/request/NativeWebRequest;Lorg/springframework/web/method/support/ModelAndViewContainer;[Ljava/lang/Object;)Ljava/lang/Object;+56
j  org.springframework.web.servlet.mvc.method.annotation.ServletInvocableHandlerMethod.invokeAndHandle(Lorg/springframework/web/context/request/ServletWebRequest;Lorg/springframework/web/method/support/ModelAndViewContainer;[Ljava/lang/Object;)V+4
j  org.springframework.web.servlet.mvc.method.annotation.RequestMappingHandlerAdapter.invokeHandlerMethod(Ljavax/servlet/http/HttpServletRequest;Ljavax/servlet/http/HttpServletResponse;Lorg/springframework/web/method/HandlerMethod;)Lorg/springframework/web/servlet/ModelAndView;+244
j  org.springframework.web.servlet.mvc.method.annotation.RequestMappingHandlerAdapter.handleInternal(Ljavax/servlet/http/HttpServletRequest;Ljavax/servlet/http/HttpServletResponse;Lorg/springframework/web/method/HandlerMethod;)Lorg/springframework/web/servlet/ModelAndView;+81
j  org.springframework.web.servlet.mvc.method.AbstractHandlerMethodAdapter.handle(Ljavax/servlet/http/HttpServletRequest;Ljavax/servlet/http/HttpServletResponse;Ljava/lang/Object;)Lorg/springframework/web/servlet/ModelAndView;+7
j  org.springframework.web.servlet.DispatcherServlet.doDispatch(Ljavax/servlet/http/HttpServletRequest;Ljavax/servlet/http/HttpServletResponse;)V+257
j  org.springframework.web.servlet.DispatcherServlet.doService(Ljavax/servlet/http/HttpServletRequest;Ljavax/servlet/http/HttpServletResponse;)V+212
j  org.springframework.web.servlet.FrameworkServlet.processRequest(Ljavax/servlet/http/HttpServletRequest;Ljavax/servlet/http/HttpServletResponse;)V+71
j  org.springframework.web.servlet.FrameworkServlet.doPost(Ljavax/servlet/http/HttpServletRequest;Ljavax/servlet/http/HttpServletResponse;)V+3
j  javax.servlet.http.HttpServlet.service(Ljavax/servlet/http/HttpServletRequest;Ljavax/servlet/http/HttpServletResponse;)V+149
j  org.springframework.web.servlet.FrameworkServlet.service(Ljavax/servlet/http/HttpServletRequest;Ljavax/servlet/http/HttpServletResponse;)V+33
j  javax.servlet.http.HttpServlet.service(Ljavax/servlet/ServletRequest;Ljavax/servlet/ServletResponse;)V+36
j  org.apache.catalina.core.ApplicationFilterChain.internalDoFilter(Ljavax/servlet/ServletRequest;Ljavax/servlet/ServletResponse;)V+304
j  org.apache.catalina.core.ApplicationFilterChain.doFilter(Ljavax/servlet/ServletRequest;Ljavax/servlet/ServletResponse;)V+101
j  org.apache.tomcat.websocket.server.WsFilter.doFilter(Ljavax/servlet/ServletRequest;Ljavax/servlet/ServletResponse;Ljavax/servlet/FilterChain;)V+21
j  org.apache.catalina.core.ApplicationFilterChain.internalDoFilter(Ljavax/servlet/ServletRequest;Ljavax/servlet/ServletResponse;)V+135
j  org.apache.catalina.core.ApplicationFilterChain.doFilter(Ljavax/servlet/ServletRequest;Ljavax/servlet/ServletResponse;)V+101
j  org.springframework.web.filter.RequestContextFilter.doFilterInternal(Ljavax/servlet/http/HttpServletRequest;Ljavax/servlet/http/HttpServletResponse;Ljavax/servlet/FilterChain;)V+21
j  org.springframework.web.filter.OncePerRequestFilter.doFilter(Ljavax/servlet/ServletRequest;Ljavax/servlet/ServletResponse;Ljavax/servlet/FilterChain;)V+147
j  org.apache.catalina.core.ApplicationFilterChain.internalDoFilter(Ljavax/servlet/ServletRequest;Ljavax/servlet/ServletResponse;)V+135
j  org.apache.catalina.core.ApplicationFilterChain.doFilter(Ljavax/servlet/ServletRequest;Ljavax/servlet/ServletResponse;)V+101
j  org.springframework.web.filter.FormContentFilter.doFilterInternal(Ljavax/servlet/http/HttpServletRequest;Ljavax/servlet/http/HttpServletResponse;Ljavax/servlet/FilterChain;)V+38
j  org.springframework.web.filter.OncePerRequestFilter.doFilter(Ljavax/servlet/ServletRequest;Ljavax/servlet/ServletResponse;Ljavax/servlet/FilterChain;)V+147
j  org.apache.catalina.core.ApplicationFilterChain.internalDoFilter(Ljavax/servlet/ServletRequest;Ljavax/servlet/ServletResponse;)V+135
j  org.apache.catalina.core.ApplicationFilterChain.doFilter(Ljavax/servlet/ServletRequest;Ljavax/servlet/ServletResponse;)V+101
j  org.springframework.web.filter.CharacterEncodingFilter.doFilterInternal(Ljavax/servlet/http/HttpServletRequest;Ljavax/servlet/http/HttpServletResponse;Ljavax/servlet/FilterChain;)V+53
j  org.springframework.web.filter.OncePerRequestFilter.doFilter(Ljavax/servlet/ServletRequest;Ljavax/servlet/ServletResponse;Ljavax/servlet/FilterChain;)V+147
j  org.apache.catalina.core.ApplicationFilterChain.internalDoFilter(Ljavax/servlet/ServletRequest;Ljavax/servlet/ServletResponse;)V+135
j  org.apache.catalina.core.ApplicationFilterChain.doFilter(Ljavax/servlet/ServletRequest;Ljavax/servlet/ServletResponse;)V+101
j  org.apache.catalina.core.StandardWrapperValve.invoke(Lorg/apache/catalina/connector/Request;Lorg/apache/catalina/connector/Response;)V+694
j  org.apache.catalina.core.StandardContextValve.invoke(Lorg/apache/catalina/connector/Request;Lorg/apache/catalina/connector/Response;)V+169
j  org.apache.catalina.authenticator.AuthenticatorBase.invoke(Lorg/apache/catalina/connector/Request;Lorg/apache/catalina/connector/Response;)V+260
j  org.apache.catalina.core.StandardHostValve.invoke(Lorg/apache/catalina/connector/Request;Lorg/apache/catalina/connector/Response;)V+128
j  org.apache.catalina.valves.ErrorReportValve.invoke(Lorg/apache/catalina/connector/Request;Lorg/apache/catalina/connector/Response;)V+6
j  org.apache.catalina.core.StandardEngineValve.invoke(Lorg/apache/catalina/connector/Request;Lorg/apache/catalina/connector/Response;)V+59
j  org.apache.catalina.connector.CoyoteAdapter.service(Lorg/apache/coyote/Request;Lorg/apache/coyote/Response;)V+199
j  org.apache.coyote.http11.Http11Processor.service(Lorg/apache/tomcat/util/net/SocketWrapperBase;)Lorg/apache/tomcat/util/net/AbstractEndpoint$Handler$SocketState;+737
j  org.apache.coyote.AbstractProcessorLight.process(Lorg/apache/tomcat/util/net/SocketWrapperBase;Lorg/apache/tomcat/util/net/SocketEvent;)Lorg/apache/tomcat/util/net/AbstractEndpoint$Handler$SocketState;+170
j  org.apache.coyote.AbstractProtocol$ConnectionHandler.process(Lorg/apache/tomcat/util/net/SocketWrapperBase;Lorg/apache/tomcat/util/net/SocketEvent;)Lorg/apache/tomcat/util/net/AbstractEndpoint$Handler$SocketState;+505
j  org.apache.tomcat.util.net.NioEndpoint$SocketProcessor.doRun()V+216
j  org.apache.tomcat.util.net.SocketProcessorBase.run()V+21
j  java.util.concurrent.ThreadPoolExecutor.runWorker(Ljava/util/concurrent/ThreadPoolExecutor$Worker;)V+92 java.base@11.0.15
j  java.util.concurrent.ThreadPoolExecutor$Worker.run()V+5 java.base@11.0.15
j  org.apache.tomcat.util.threads.TaskThread$WrappingRunnable.run()V+4
j  java.lang.Thread.run()V+11 java.base@11.0.15
v  ~StubRoutines::call_stub

siginfo: EXCEPTION_ACCESS_VIOLATION (0xc0000005), reading address 0xffffffffffffffff


Register to memory mapping:

RIP=0x00007ff90cbef0b6 libarcsoft_face.dll
RAX=0x0 is NULL
RBX=0x42ea000042ea0b60 is an unknown value
RCX=0x42ea000042ea0b60 is an unknown value
RDX=0x0 is NULL
RSP=0x000000385d8fcbb0 is pointing into the stack for thread: 0x0000021c5e987000
RBP=0x0 is NULL
RSI=0x0000021c4ad17d90 points into unknown readable memory: 0x42ff000042ff0000 | 00 00 ff 42 00 00 ff 42
RDI=0x0000000000000034 is an unknown value
R8 =0x0 is NULL
R9 =0x0000000000000010 is an unknown value
R10=0x0000000000000030 is an unknown value
R11=0x0000000000000300 is an unknown value
R12=0x0000021c4ad18fa0 points into unknown readable memory: 0x42ff000042ff0000 | 00 00 ff 42 00 00 ff 42
R13=0x0000000000000004 is an unknown value
R14=0x0000000000000b60 is an unknown value
R15=0x0000021c47fb1040 points into unknown readable memory: 0x0000000100000100 | 00 01 00 00 01 00 00 00


Registers:
RAX=0x0000000000000000, RBX=0x42ea000042ea0b60, RCX=0x42ea000042ea0b60, RDX=0x0000000000000000
RSP=0x000000385d8fcbb0, RBP=0x0000000000000000, RSI=0x0000021c4ad17d90, RDI=0x0000000000000034
R8 =0x0000000000000000, R9 =0x0000000000000010, R10=0x0000000000000030, R11=0x0000000000000300
R12=0x0000021c4ad18fa0, R13=0x0000000000000004, R14=0x0000000000000b60, R15=0x0000021c47fb1040
RIP=0x00007ff90cbef0b6, EFLAGS=0x0000000000010246

Top of Stack: (sp=0x000000385d8fcbb0)
0x000000385d8fcbb0:   0000021c4ad18908 0000021c4ad17d90
0x000000385d8fcbc0:   0000000000000033 0000000000000000
0x000000385d8fcbd0:   0000000000000040 000000000000000a
0x000000385d8fcbe0:   0000000000000040 00007ff90cbeb6c0
0x000000385d8fcbf0:   0000021c4ad13ce0 0000000000000002
0x000000385d8fcc00:   0000000000000005 0000021c47fb1040
0x000000385d8fcc10:   0000021c47fb1284 00007ff90cbe88da
0x000000385d8fcc20:   0000021c4ad13ce0 0000000000000002
0x000000385d8fcc30:   0000021c4ad13ce8 0000000000000000
0x000000385d8fcc40:   000000006404f4db 000000006414c060
0x000000385d8fcc50:   0000021c6404f4db 00007ff96414c060
0x000000385d8fcc60:   0000021c00000000 0000021c00000002
0x000000385d8fcc70:   0000000500000000 0000000100000001
0x000000385d8fcc80:   000000385d9fcd80 0000021c47fb1284
0x000000385d8fcc90:   0000000000000004 0000021c47fb1040
0x000000385d8fcca0:   000000000000000a 0000021c4ad13ce0 

Instructions: (pc=0x00007ff90cbef0b6)
0x00007ff90cbef096:   2d 44 8b f7 66 0f 1f 44 00 00 48 8b 1e 49 03 de
0x00007ff90cbef0a6:   85 ed 74 09 48 8b d3 49 8b cf ff 53 28 48 8b cb
0x00007ff90cbef0b6:   ff 53 30 ff c7 49 83 c6 38 3b 7e 08 7c dc 33 c0
0x00007ff90cbef0c6:   48 8b 5c 24 40 48 8b 6c 24 48 48 8b 74 24 50 48 


Stack slot to memory mapping:
stack at sp + 0 slots: 0x0000021c4ad18908 points into unknown readable memory: 0x42ff000042ff0000 | 00 00 ff 42 00 00 ff 42
stack at sp + 1 slots: 0x0000021c4ad17d90 points into unknown readable memory: 0x42ff000042ff0000 | 00 00 ff 42 00 00 ff 42
stack at sp + 2 slots: 0x0000000000000033 is an unknown value
stack at sp + 3 slots: 0x0 is NULL
stack at sp + 4 slots: 0x0000000000000040 is an unknown value
stack at sp + 5 slots: 0x000000000000000a is an unknown value
stack at sp + 6 slots: 0x0000000000000040 is an unknown value
stack at sp + 7 slots: 0x00007ff90cbeb6c0 libarcsoft_face.dll


---------------  P R O C E S S  ---------------

Threads class SMR info:
_java_thread_list=0x0000021c5ea5e3d0, length=43, elements={
0x0000021c4421b800, 0x0000021c4421d000, 0x0000021c44af7000, 0x0000021c44afa000,
0x0000021c44afa800, 0x0000021c44b01800, 0x0000021c44b03000, 0x0000021c44c26800,
0x0000021c4519d000, 0x0000021c452c3000, 0x0000021c45f9a000, 0x0000021c453ef800,
0x0000021c46844800, 0x0000021c4671d800, 0x0000021c467cf800, 0x0000021c465d8800,
0x0000021c465d9800, 0x0000021c465da800, 0x0000021c465dc800, 0x0000021c465df000,
0x0000021c465db000, 0x0000021c465dc000, 0x0000021c465de800, 0x0000021c465dd800,
0x0000021c5e983800, 0x0000021c5e985000, 0x0000021c5e97f800, 0x0000021c5e986000,
0x0000021c5e980800, 0x0000021c5e987000, 0x0000021c5e981000, 0x0000021c5e987800,
0x0000021c5e982000, 0x0000021c5e984800, 0x0000021c5e982800, 0x0000021c5e98e000,
0x0000021c5e98b800, 0x0000021c5e989000, 0x0000021c5e988800, 0x0000021c5e98c800,
0x0000021c5e98a000, 0x0000021c5e98d800, 0x0000021c5e98b000
}

Java Threads: ( => current thread )
  0x0000021c4421b800 JavaThread "Reference Handler" daemon [_thread_blocked, id=37720, stack(0x0000003854200000,0x0000003854300000)]
  0x0000021c4421d000 JavaThread "Finalizer" daemon [_thread_blocked, id=46972, stack(0x0000003854300000,0x0000003854400000)]
  0x0000021c44af7000 JavaThread "Signal Dispatcher" daemon [_thread_blocked, id=32396, stack(0x0000003854400000,0x0000003854500000)]
  0x0000021c44afa000 JavaThread "Attach Listener" daemon [_thread_blocked, id=45744, stack(0x0000003854500000,0x0000003854600000)]
  0x0000021c44afa800 JavaThread "Service Thread" daemon [_thread_blocked, id=24196, stack(0x0000003854600000,0x0000003854700000)]
  0x0000021c44b01800 JavaThread "C1 CompilerThread0" daemon [_thread_blocked, id=50376, stack(0x0000003854700000,0x0000003854800000)]
  0x0000021c44b03000 JavaThread "Sweeper thread" daemon [_thread_blocked, id=45904, stack(0x0000003854800000,0x0000003854900000)]
  0x0000021c44c26800 JavaThread "Common-Cleaner" daemon [_thread_blocked, id=46712, stack(0x0000003854900000,0x0000003854a00000)]
  0x0000021c4519d000 JavaThread "Monitor Ctrl-Break" daemon [_thread_in_native, id=50804, stack(0x0000003854a00000,0x0000003854b00000)]
  0x0000021c452c3000 JavaThread "RMI TCP Accept-0" daemon [_thread_in_native, id=8668, stack(0x0000003854b00000,0x0000003854c00000)]
  0x0000021c45f9a000 JavaThread "RMI TCP Connection(1)-192.168.209.1" daemon [_thread_in_native, id=48108, stack(0x0000003854d00000,0x0000003854e00000)]
  0x0000021c453ef800 JavaThread "RMI Scheduler(0)" daemon [_thread_blocked, id=36156, stack(0x0000003855100000,0x0000003855200000)]
  0x0000021c46844800 JavaThread "Catalina-utility-1" [_thread_blocked, id=15696, stack(0x0000003855700000,0x0000003855800000)]
  0x0000021c4671d800 JavaThread "Catalina-utility-2" [_thread_blocked, id=22520, stack(0x0000003855b00000,0x0000003855c00000)]
  0x0000021c467cf800 JavaThread "container-0" [_thread_blocked, id=11004, stack(0x0000003855c00000,0x0000003855d00000)]
  0x0000021c465d8800 JavaThread "mysql-cj-abandoned-connection-cleanup" daemon [_thread_blocked, id=23988, stack(0x000000385c900000,0x000000385ca00000)]
  0x0000021c465d9800 JavaThread "HikariPool-1 housekeeper" daemon [_thread_blocked, id=38868, stack(0x000000385cb00000,0x000000385cc00000)]
  0x0000021c465da800 JavaThread "ForkJoinPool.commonPool-worker-3" daemon [_thread_blocked, id=21804, stack(0x000000385cc00000,0x000000385cd00000)]
  0x0000021c465dc800 JavaThread "HikariPool-1 connection adder" daemon [_thread_in_native, id=43508, stack(0x000000385cd00000,0x000000385ce00000)]
  0x0000021c465df000 JavaThread "ForkJoinPool.commonPool-worker-5" daemon [_thread_blocked, id=53368, stack(0x000000385ce00000,0x000000385cf00000)]
  0x0000021c465db000 JavaThread "ForkJoinPool.commonPool-worker-7" daemon [_thread_blocked, id=36168, stack(0x000000385cf00000,0x000000385d000000)]
  0x0000021c465dc000 JavaThread "ForkJoinPool.commonPool-worker-9" daemon [_thread_blocked, id=15280, stack(0x000000385d000000,0x000000385d100000)]
  0x0000021c465de800 JavaThread "ForkJoinPool.commonPool-worker-11" daemon [_thread_blocked, id=6160, stack(0x000000385d100000,0x000000385d200000)]
  0x0000021c465dd800 JavaThread "ForkJoinPool.commonPool-worker-13" daemon [_thread_blocked, id=45104, stack(0x000000385d200000,0x000000385d300000)]
  0x0000021c5e983800 JavaThread "File Watcher" daemon [_thread_blocked, id=9180, stack(0x000000385d300000,0x000000385d400000)]
  0x0000021c5e985000 JavaThread "Live Reload Server" daemon [_thread_in_native, id=43532, stack(0x000000385d500000,0x000000385d600000)]
  0x0000021c5e97f800 JavaThread "http-nio-8081-BlockPoller" daemon [_thread_in_native, id=32816, stack(0x000000385d400000,0x000000385d500000)]
  0x0000021c5e986000 JavaThread "http-nio-8081-exec-1" daemon [_thread_in_native, id=25572, stack(0x000000385d600000,0x000000385d700000)]
  0x0000021c5e980800 JavaThread "http-nio-8081-exec-2" daemon [_thread_in_native, id=34560, stack(0x000000385d700000,0x000000385d800000)]
=>0x0000021c5e987000 JavaThread "http-nio-8081-exec-3" daemon [_thread_in_native, id=8136, stack(0x000000385d800000,0x000000385d900000)]
  0x0000021c5e981000 JavaThread "http-nio-8081-exec-4" daemon [_thread_in_native, id=24424, stack(0x000000385d900000,0x000000385da00000)]
  0x0000021c5e987800 JavaThread "http-nio-8081-exec-5" daemon [_thread_in_native, id=33964, stack(0x000000385da00000,0x000000385db00000)]
  0x0000021c5e982000 JavaThread "http-nio-8081-exec-6" daemon [_thread_blocked, id=8864, stack(0x000000385db00000,0x000000385dc00000)]
  0x0000021c5e984800 JavaThread "http-nio-8081-exec-7" daemon [_thread_blocked, id=34488, stack(0x000000385dc00000,0x000000385dd00000)]
  0x0000021c5e982800 JavaThread "http-nio-8081-exec-8" daemon [_thread_blocked, id=33860, stack(0x000000385dd00000,0x000000385de00000)]
  0x0000021c5e98e000 JavaThread "http-nio-8081-exec-9" daemon [_thread_blocked, id=36912, stack(0x000000385de00000,0x000000385df00000)]
  0x0000021c5e98b800 JavaThread "http-nio-8081-exec-10" daemon [_thread_blocked, id=41320, stack(0x000000385df00000,0x000000385e000000)]
  0x0000021c5e989000 JavaThread "http-nio-8081-ClientPoller" daemon [_thread_in_native, id=43180, stack(0x000000385e000000,0x000000385e100000)]
  0x0000021c5e988800 JavaThread "http-nio-8081-Acceptor" daemon [_thread_in_native, id=53416, stack(0x000000385e100000,0x000000385e200000)]
  0x0000021c5e98c800 JavaThread "DestroyJavaVM" [_thread_blocked, id=16700, stack(0x0000003853b00000,0x0000003853c00000)]
  0x0000021c5e98a000 JavaThread "RMI TCP Connection(2)-192.168.209.1" daemon [_thread_in_native, id=36020, stack(0x0000003855300000,0x0000003855400000)]
  0x0000021c5e98d800 JavaThread "RMI TCP Connection(3)-192.168.209.1" daemon [_thread_in_native, id=45596, stack(0x000000385e200000,0x000000385e300000)]
  0x0000021c5e98b000 JavaThread "Java2D Disposer" daemon [_thread_blocked, id=22136, stack(0x000000385e300000,0x000000385e400000)]

Other Threads:
  0x0000021c441f7000 VMThread "VM Thread" [stack: 0x0000003854100000,0x0000003854200000] [id=37612]
  0x0000021c452d9000 WatcherThread [stack: 0x0000003854c00000,0x0000003854d00000] [id=39628]
  0x0000021c26383800 GCTaskThread "GC Thread#0" [stack: 0x0000003853c00000,0x0000003853d00000] [id=50884]
  0x0000021c4542e000 GCTaskThread "GC Thread#1" [stack: 0x0000003854e00000,0x0000003854f00000] [id=50528]
  0x0000021c45f8b000 GCTaskThread "GC Thread#2" [stack: 0x0000003854f00000,0x0000003855000000] [id=49120]
  0x0000021c46073800 GCTaskThread "GC Thread#3" [stack: 0x0000003855200000,0x0000003855300000] [id=30368]
  0x0000021c46074800 GCTaskThread "GC Thread#4" [stack: 0x0000003855500000,0x0000003855600000] [id=14060]
  0x0000021c460fa800 GCTaskThread "GC Thread#5" [stack: 0x0000003855600000,0x0000003855700000] [id=8316]
  0x0000021c46163000 GCTaskThread "GC Thread#6" [stack: 0x0000003855800000,0x0000003855900000] [id=38320]
  0x0000021c46156800 GCTaskThread "GC Thread#7" [stack: 0x0000003855900000,0x0000003855a00000] [id=31384]
  0x0000021c263b4800 ConcurrentGCThread "G1 Main Marker" [stack: 0x0000003853d00000,0x0000003853e00000] [id=24648]
  0x0000021c263b9000 ConcurrentGCThread "G1 Conc#0" [stack: 0x0000003853e00000,0x0000003853f00000] [id=52400]
  0x0000021c4610b800 ConcurrentGCThread "G1 Conc#1" [stack: 0x0000003855a00000,0x0000003855b00000] [id=6952]
  0x0000021c2643e000 ConcurrentGCThread "G1 Refine#0" [stack: 0x0000003853f00000,0x0000003854000000] [id=31400]
  0x0000021c44e92000 ConcurrentGCThread "G1 Refine#1" [stack: 0x0000003855000000,0x0000003855100000] [id=49724]
  0x0000021c44060800 ConcurrentGCThread "G1 Young RemSet Sampling" [stack: 0x0000003854000000,0x0000003854100000] [id=11160]

Threads with active compile tasks:

VM state:not at safepoint (normal execution)

VM Mutex/Monitor currently owned by a thread: None

Heap address: 0x0000000082e00000, size: 2002 MB, Compressed Oops mode: 32-bit
Narrow klass base: 0x0000000000000000, Narrow klass shift: 3
Compressed class space size: 1073741824 Address: 0x0000000100000000

Heap:
 garbage-first heap   total 137216K, used 73728K [0x0000000082e00000, 0x0000000100000000)
  region size 1024K, 21 young (21504K), 10 survivors (10240K)
 Metaspace       used 46298K, capacity 47841K, committed 48128K, reserved 1091584K
  class space    used 5712K, capacity 6363K, committed 6400K, reserved 1048576K
Heap Regions: E=young(eden), S=young(survivor), O=old, HS=humongous(starts), HC=humongous(continues), CS=collection set, F=free, A=archive, TAMS=top-at-mark-start (previous, next)
|   0|0x0000000082e00000, 0x0000000082f00000, 0x0000000082f00000|100%| O|  |TAMS 0x0000000082f00000, 0x0000000082e00000| Untracked 
|   1|0x0000000082f00000, 0x0000000083000000, 0x0000000083000000|100%| O|  |TAMS 0x0000000083000000, 0x0000000082f00000| Untracked 
|   2|0x0000000083000000, 0x0000000083100000, 0x0000000083100000|100%| O|  |TAMS 0x0000000083100000, 0x0000000083000000| Untracked 
|   3|0x0000000083100000, 0x0000000083200000, 0x0000000083200000|100%| O|  |TAMS 0x0000000083200000, 0x0000000083100000| Untracked 
|   4|0x0000000083200000, 0x0000000083300000, 0x0000000083300000|100%| O|  |TAMS 0x0000000083300000, 0x0000000083200000| Untracked 
|   5|0x0000000083300000, 0x0000000083400000, 0x0000000083400000|100%| O|  |TAMS 0x0000000083400000, 0x0000000083300000| Untracked 
|   6|0x0000000083400000, 0x0000000083500000, 0x0000000083500000|100%| O|  |TAMS 0x0000000083500000, 0x0000000083400000| Untracked 
|   7|0x0000000083500000, 0x0000000083600000, 0x0000000083600000|100%| O|  |TAMS 0x0000000083600000, 0x0000000083500000| Untracked 
|   8|0x0000000083600000, 0x0000000083700000, 0x0000000083700000|100%| O|  |TAMS 0x0000000083700000, 0x0000000083600000| Untracked 
|   9|0x0000000083700000, 0x0000000083800000, 0x0000000083800000|100%| O|  |TAMS 0x0000000083800000, 0x0000000083700000| Untracked 
|  10|0x0000000083800000, 0x0000000083900000, 0x0000000083900000|100%| O|  |TAMS 0x0000000083892e00, 0x0000000083800000| Untracked 
|  11|0x0000000083900000, 0x0000000083a00000, 0x0000000083a00000|100%| O|  |TAMS 0x0000000083900000, 0x0000000083900000| Untracked 
|  12|0x0000000083a00000, 0x0000000083b00000, 0x0000000083b00000|100%| O|  |TAMS 0x0000000083a00000, 0x0000000083a00000| Untracked 
|  13|0x0000000083b00000, 0x0000000083c00000, 0x0000000083c00000|100%| O|  |TAMS 0x0000000083b00000, 0x0000000083b00000| Untracked 
|  14|0x0000000083c00000, 0x0000000083d00000, 0x0000000083d00000|100%| O|  |TAMS 0x0000000083c00000, 0x0000000083c00000| Untracked 
|  15|0x0000000083d00000, 0x0000000083e00000, 0x0000000083e00000|100%|HS|  |TAMS 0x0000000083d00000, 0x0000000083d00000| Complete 
|  16|0x0000000083e00000, 0x0000000083f00000, 0x0000000083f00000|100%|HC|  |TAMS 0x0000000083e00000, 0x0000000083e00000| Complete 
|  17|0x0000000083f00000, 0x0000000084000000, 0x0000000084000000|100%|HS|  |TAMS 0x0000000083f00000, 0x0000000083f00000| Complete 
|  18|0x0000000084000000, 0x0000000084100000, 0x0000000084100000|100%|HC|  |TAMS 0x0000000084000000, 0x0000000084000000| Complete 
|  19|0x0000000084100000, 0x0000000084200000, 0x0000000084200000|100%|HS|  |TAMS 0x0000000084100000, 0x0000000084100000| Complete 
|  20|0x0000000084200000, 0x0000000084300000, 0x0000000084300000|100%|HC|  |TAMS 0x0000000084200000, 0x0000000084200000| Complete 
|  21|0x0000000084300000, 0x0000000084400000, 0x0000000084400000|100%|HS|  |TAMS 0x0000000084300000, 0x0000000084300000| Complete 
|  22|0x0000000084400000, 0x0000000084500000, 0x0000000084500000|100%|HC|  |TAMS 0x0000000084400000, 0x0000000084400000| Complete 
|  23|0x0000000084500000, 0x0000000084600000, 0x0000000084600000|100%|HS|  |TAMS 0x0000000084500000, 0x0000000084500000| Complete 
|  24|0x0000000084600000, 0x0000000084700000, 0x0000000084700000|100%|HC|  |TAMS 0x0000000084600000, 0x0000000084600000| Complete 
|  25|0x0000000084700000, 0x0000000084800000, 0x0000000084800000|100%|HS|  |TAMS 0x0000000084700000, 0x0000000084700000| Complete 
|  26|0x0000000084800000, 0x0000000084900000, 0x0000000084900000|100%|HC|  |TAMS 0x0000000084800000, 0x0000000084800000| Complete 
|  27|0x0000000084900000, 0x0000000084a00000, 0x0000000084a00000|100%|HS|  |TAMS 0x0000000084900000, 0x0000000084900000| Complete 
|  28|0x0000000084a00000, 0x0000000084b00000, 0x0000000084b00000|100%|HC|  |TAMS 0x0000000084a00000, 0x0000000084a00000| Complete 
|  29|0x0000000084b00000, 0x0000000084c00000, 0x0000000084c00000|100%|HS|  |TAMS 0x0000000084b00000, 0x0000000084b00000| Complete 
|  30|0x0000000084c00000, 0x0000000084d00000, 0x0000000084d00000|100%|HC|  |TAMS 0x0000000084c00000, 0x0000000084c00000| Complete 
|  31|0x0000000084d00000, 0x0000000084e00000, 0x0000000084e00000|100%|HS|  |TAMS 0x0000000084d00000, 0x0000000084d00000| Complete 
|  32|0x0000000084e00000, 0x0000000084f00000, 0x0000000084f00000|100%|HC|  |TAMS 0x0000000084e00000, 0x0000000084e00000| Complete 
|  33|0x0000000084f00000, 0x0000000085000000, 0x0000000085000000|100%|HS|  |TAMS 0x0000000084f00000, 0x0000000084f00000| Complete 
|  34|0x0000000085000000, 0x0000000085100000, 0x0000000085100000|100%|HC|  |TAMS 0x0000000085000000, 0x0000000085000000| Complete 
|  35|0x0000000085100000, 0x0000000085200000, 0x0000000085200000|100%|HS|  |TAMS 0x0000000085100000, 0x0000000085100000| Complete 
|  36|0x0000000085200000, 0x0000000085300000, 0x0000000085300000|100%|HC|  |TAMS 0x0000000085200000, 0x0000000085200000| Complete 
|  37|0x0000000085300000, 0x0000000085400000, 0x0000000085400000|100%|HS|  |TAMS 0x0000000085300000, 0x0000000085300000| Complete 
|  38|0x0000000085400000, 0x0000000085500000, 0x0000000085500000|100%|HC|  |TAMS 0x0000000085400000, 0x0000000085400000| Complete 
|  39|0x0000000085500000, 0x0000000085600000, 0x0000000085600000|100%|HS|  |TAMS 0x0000000085500000, 0x0000000085500000| Complete 
|  40|0x0000000085600000, 0x0000000085700000, 0x0000000085700000|100%|HC|  |TAMS 0x0000000085600000, 0x0000000085600000| Complete 
|  41|0x0000000085700000, 0x0000000085800000, 0x0000000085800000|100%|HS|  |TAMS 0x0000000085700000, 0x0000000085700000| Complete 
|  42|0x0000000085800000, 0x0000000085900000, 0x0000000085900000|100%|HC|  |TAMS 0x0000000085800000, 0x0000000085800000| Complete 
|  43|0x0000000085900000, 0x0000000085a00000, 0x0000000085a00000|100%|HS|  |TAMS 0x0000000085900000, 0x0000000085900000| Complete 
|  44|0x0000000085a00000, 0x0000000085b00000, 0x0000000085b00000|100%|HS|  |TAMS 0x0000000085a00000, 0x0000000085a00000| Complete 
|  45|0x0000000085b00000, 0x0000000085c00000, 0x0000000085c00000|100%|HS|  |TAMS 0x0000000085b00000, 0x0000000085b00000| Complete 
|  46|0x0000000085c00000, 0x0000000085d00000, 0x0000000085d00000|100%|HS|  |TAMS 0x0000000085c00000, 0x0000000085c00000| Complete 
|  47|0x0000000085d00000, 0x0000000085e00000, 0x0000000085e00000|100%|HS|  |TAMS 0x0000000085d00000, 0x0000000085d00000| Complete 
|  48|0x0000000085e00000, 0x0000000085f00000, 0x0000000085f00000|100%| S|CS|TAMS 0x0000000085e00000, 0x0000000085e00000| Complete 
|  49|0x0000000085f00000, 0x0000000086000000, 0x0000000086000000|100%|HS|  |TAMS 0x0000000085f00000, 0x0000000085f00000| Complete 
|  50|0x0000000086000000, 0x0000000086100000, 0x0000000086100000|100%|HC|  |TAMS 0x0000000086000000, 0x0000000086000000| Complete 
|  51|0x0000000086100000, 0x0000000086100000, 0x0000000086200000|  0%| F|  |TAMS 0x0000000086100000, 0x0000000086100000| Untracked 
|  52|0x0000000086200000, 0x0000000086200000, 0x0000000086300000|  0%| F|  |TAMS 0x0000000086200000, 0x0000000086200000| Untracked 
|  53|0x0000000086300000, 0x0000000086300000, 0x0000000086400000|  0%| F|  |TAMS 0x0000000086300000, 0x0000000086300000| Untracked 
|  54|0x0000000086400000, 0x0000000086400000, 0x0000000086500000|  0%| F|  |TAMS 0x0000000086400000, 0x0000000086400000| Untracked 
|  55|0x0000000086500000, 0x0000000086600000, 0x0000000086600000|100%| S|CS|TAMS 0x0000000086500000, 0x0000000086500000| Complete 
|  56|0x0000000086600000, 0x0000000086700000, 0x0000000086700000|100%| S|CS|TAMS 0x0000000086600000, 0x0000000086600000| Complete 
|  57|0x0000000086700000, 0x0000000086800000, 0x0000000086800000|100%| S|CS|TAMS 0x0000000086700000, 0x0000000086700000| Complete 
|  58|0x0000000086800000, 0x0000000086800000, 0x0000000086900000|  0%| F|  |TAMS 0x0000000086800000, 0x0000000086800000| Untracked 
|  59|0x0000000086900000, 0x0000000086900000, 0x0000000086a00000|  0%| F|  |TAMS 0x0000000086900000, 0x0000000086900000| Untracked 
|  60|0x0000000086a00000, 0x0000000086a00000, 0x0000000086b00000|  0%| F|  |TAMS 0x0000000086a00000, 0x0000000086a00000| Untracked 
|  61|0x0000000086b00000, 0x0000000086b00000, 0x0000000086c00000|  0%| F|  |TAMS 0x0000000086b00000, 0x0000000086b00000| Untracked 
|  62|0x0000000086c00000, 0x0000000086c00000, 0x0000000086d00000|  0%| F|  |TAMS 0x0000000086c00000, 0x0000000086c00000| Untracked 
|  63|0x0000000086d00000, 0x0000000086d00000, 0x0000000086e00000|  0%| F|  |TAMS 0x0000000086d00000, 0x0000000086d00000| Untracked 
|  64|0x0000000086e00000, 0x0000000086e00000, 0x0000000086f00000|  0%| F|  |TAMS 0x0000000086e00000, 0x0000000086e00000| Untracked 
|  65|0x0000000086f00000, 0x0000000086f00000, 0x0000000087000000|  0%| F|  |TAMS 0x0000000086f00000, 0x0000000086f00000| Untracked 
|  66|0x0000000087000000, 0x0000000087000000, 0x0000000087100000|  0%| F|  |TAMS 0x0000000087000000, 0x0000000087000000| Untracked 
|  67|0x0000000087100000, 0x0000000087100000, 0x0000000087200000|  0%| F|  |TAMS 0x0000000087100000, 0x0000000087100000| Untracked 
|  68|0x0000000087200000, 0x0000000087200000, 0x0000000087300000|  0%| F|  |TAMS 0x0000000087200000, 0x0000000087200000| Untracked 
|  69|0x0000000087300000, 0x0000000087300000, 0x0000000087400000|  0%| F|  |TAMS 0x0000000087300000, 0x0000000087300000| Untracked 
|  70|0x0000000087400000, 0x0000000087400000, 0x0000000087500000|  0%| F|  |TAMS 0x0000000087400000, 0x0000000087400000| Untracked 
|  71|0x0000000087500000, 0x0000000087500000, 0x0000000087600000|  0%| F|  |TAMS 0x0000000087500000, 0x0000000087500000| Untracked 
|  72|0x0000000087600000, 0x0000000087600000, 0x0000000087700000|  0%| F|  |TAMS 0x0000000087600000, 0x0000000087600000| Untracked 
|  73|0x0000000087700000, 0x0000000087700000, 0x0000000087800000|  0%| F|  |TAMS 0x0000000087700000, 0x0000000087700000| Untracked 
|  74|0x0000000087800000, 0x0000000087800000, 0x0000000087900000|  0%| F|  |TAMS 0x0000000087800000, 0x0000000087800000| Untracked 
|  75|0x0000000087900000, 0x0000000087900000, 0x0000000087a00000|  0%| F|  |TAMS 0x0000000087900000, 0x0000000087900000| Untracked 
|  76|0x0000000087a00000, 0x0000000087a00000, 0x0000000087b00000|  0%| F|  |TAMS 0x0000000087a00000, 0x0000000087a00000| Untracked 
|  77|0x0000000087b00000, 0x0000000087b00000, 0x0000000087c00000|  0%| F|  |TAMS 0x0000000087b00000, 0x0000000087b00000| Untracked 
|  78|0x0000000087c00000, 0x0000000087c00000, 0x0000000087d00000|  0%| F|  |TAMS 0x0000000087c00000, 0x0000000087c00000| Untracked 
|  79|0x0000000087d00000, 0x0000000087d00000, 0x0000000087e00000|  0%| F|  |TAMS 0x0000000087d00000, 0x0000000087d00000| Untracked 
|  80|0x0000000087e00000, 0x0000000087e00000, 0x0000000087f00000|  0%| F|  |TAMS 0x0000000087e00000, 0x0000000087e00000| Untracked 
|  81|0x0000000087f00000, 0x0000000087f00000, 0x0000000088000000|  0%| F|  |TAMS 0x0000000087f00000, 0x0000000087f00000| Untracked 
|  82|0x0000000088000000, 0x0000000088000000, 0x0000000088100000|  0%| F|  |TAMS 0x0000000088000000, 0x0000000088000000| Untracked 
|  83|0x0000000088100000, 0x0000000088100000, 0x0000000088200000|  0%| F|  |TAMS 0x0000000088100000, 0x0000000088100000| Untracked 
|  84|0x0000000088200000, 0x0000000088200000, 0x0000000088300000|  0%| F|  |TAMS 0x0000000088200000, 0x0000000088200000| Untracked 
|  85|0x0000000088300000, 0x0000000088300000, 0x0000000088400000|  0%| F|  |TAMS 0x0000000088300000, 0x0000000088300000| Untracked 
|  86|0x0000000088400000, 0x0000000088400000, 0x0000000088500000|  0%| F|  |TAMS 0x0000000088400000, 0x0000000088400000| Untracked 
|  87|0x0000000088500000, 0x0000000088500000, 0x0000000088600000|  0%| F|  |TAMS 0x0000000088500000, 0x0000000088500000| Untracked 
|  88|0x0000000088600000, 0x0000000088600000, 0x0000000088700000|  0%| F|  |TAMS 0x0000000088600000, 0x0000000088600000| Untracked 
|  89|0x0000000088700000, 0x0000000088700000, 0x0000000088800000|  0%| F|  |TAMS 0x0000000088700000, 0x0000000088700000| Untracked 
|  90|0x0000000088800000, 0x0000000088800000, 0x0000000088900000|  0%| F|  |TAMS 0x0000000088800000, 0x0000000088800000| Untracked 
|  91|0x0000000088900000, 0x0000000088900000, 0x0000000088a00000|  0%| F|  |TAMS 0x0000000088900000, 0x0000000088900000| Untracked 
|  92|0x0000000088a00000, 0x0000000088a00000, 0x0000000088b00000|  0%| F|  |TAMS 0x0000000088a00000, 0x0000000088a00000| Untracked 
|  93|0x0000000088b00000, 0x0000000088b00000, 0x0000000088c00000|  0%| F|  |TAMS 0x0000000088b00000, 0x0000000088b00000| Untracked 
|  94|0x0000000088c00000, 0x0000000088c00000, 0x0000000088d00000|  0%| F|  |TAMS 0x0000000088c00000, 0x0000000088c00000| Untracked 
|  95|0x0000000088d00000, 0x0000000088d00000, 0x0000000088e00000|  0%| F|  |TAMS 0x0000000088d00000, 0x0000000088d00000| Untracked 
|  96|0x0000000088e00000, 0x0000000088e00000, 0x0000000088f00000|  0%| F|  |TAMS 0x0000000088e00000, 0x0000000088e00000| Untracked 
|  97|0x0000000088f00000, 0x0000000088f00000, 0x0000000089000000|  0%| F|  |TAMS 0x0000000088f00000, 0x0000000088f00000| Untracked 
|  98|0x0000000089000000, 0x0000000089000000, 0x0000000089100000|  0%| F|  |TAMS 0x0000000089000000, 0x0000000089000000| Untracked 
|  99|0x0000000089100000, 0x0000000089100000, 0x0000000089200000|  0%| F|  |TAMS 0x0000000089100000, 0x0000000089100000| Untracked 
| 100|0x0000000089200000, 0x0000000089200000, 0x0000000089300000|  0%| F|  |TAMS 0x0000000089200000, 0x0000000089200000| Untracked 
| 101|0x0000000089300000, 0x0000000089300000, 0x0000000089400000|  0%| F|  |TAMS 0x0000000089300000, 0x0000000089300000| Untracked 
| 102|0x0000000089400000, 0x0000000089400000, 0x0000000089500000|  0%| F|  |TAMS 0x0000000089400000, 0x0000000089400000| Untracked 
| 103|0x0000000089500000, 0x0000000089500000, 0x0000000089600000|  0%| F|  |TAMS 0x0000000089500000, 0x0000000089500000| Untracked 
| 104|0x0000000089600000, 0x0000000089600000, 0x0000000089700000|  0%| F|  |TAMS 0x0000000089600000, 0x0000000089600000| Untracked 
| 105|0x0000000089700000, 0x0000000089700000, 0x0000000089800000|  0%| F|  |TAMS 0x0000000089700000, 0x0000000089700000| Untracked 
| 106|0x0000000089800000, 0x0000000089800000, 0x0000000089900000|  0%| F|  |TAMS 0x0000000089800000, 0x0000000089800000| Untracked 
| 107|0x0000000089900000, 0x0000000089900000, 0x0000000089a00000|  0%| F|  |TAMS 0x0000000089900000, 0x0000000089900000| Untracked 
| 108|0x0000000089a00000, 0x0000000089a00000, 0x0000000089b00000|  0%| F|  |TAMS 0x0000000089a00000, 0x0000000089a00000| Untracked 
| 109|0x0000000089b00000, 0x0000000089b00000, 0x0000000089c00000|  0%| F|  |TAMS 0x0000000089b00000, 0x0000000089b00000| Untracked 
| 110|0x0000000089c00000, 0x0000000089c00000, 0x0000000089d00000|  0%| F|  |TAMS 0x0000000089c00000, 0x0000000089c00000| Untracked 
| 111|0x0000000089d00000, 0x0000000089d00000, 0x0000000089e00000|  0%| F|  |TAMS 0x0000000089d00000, 0x0000000089d00000| Untracked 
| 112|0x0000000089e00000, 0x0000000089e00000, 0x0000000089f00000|  0%| F|  |TAMS 0x0000000089e00000, 0x0000000089e00000| Untracked 
| 113|0x0000000089f00000, 0x0000000089f00000, 0x000000008a000000|  0%| F|  |TAMS 0x0000000089f00000, 0x0000000089f00000| Untracked 
| 114|0x000000008a000000, 0x000000008a000000, 0x000000008a100000|  0%| F|  |TAMS 0x000000008a000000, 0x000000008a000000| Untracked 
| 115|0x000000008a100000, 0x000000008a176ff0, 0x000000008a200000| 46%| E|  |TAMS 0x000000008a100000, 0x000000008a100000| Complete 
| 116|0x000000008a200000, 0x000000008a300000, 0x000000008a300000|100%| E|CS|TAMS 0x000000008a200000, 0x000000008a200000| Complete 
| 117|0x000000008a300000, 0x000000008a400000, 0x000000008a400000|100%| E|CS|TAMS 0x000000008a300000, 0x000000008a300000| Complete 
| 118|0x000000008a400000, 0x000000008a500000, 0x000000008a500000|100%| E|CS|TAMS 0x000000008a400000, 0x000000008a400000| Complete 
| 119|0x000000008a500000, 0x000000008a600000, 0x000000008a600000|100%| E|CS|TAMS 0x000000008a500000, 0x000000008a500000| Complete 
| 120|0x000000008a600000, 0x000000008a700000, 0x000000008a700000|100%| E|CS|TAMS 0x000000008a600000, 0x000000008a600000| Complete 
| 121|0x000000008a700000, 0x000000008a800000, 0x000000008a800000|100%| E|CS|TAMS 0x000000008a700000, 0x000000008a700000| Complete 
| 122|0x000000008a800000, 0x000000008a900000, 0x000000008a900000|100%| E|CS|TAMS 0x000000008a800000, 0x000000008a800000| Complete 
| 123|0x000000008a900000, 0x000000008aa00000, 0x000000008aa00000|100%| E|CS|TAMS 0x000000008a900000, 0x000000008a900000| Complete 
| 124|0x000000008aa00000, 0x000000008ab00000, 0x000000008ab00000|100%| E|CS|TAMS 0x000000008aa00000, 0x000000008aa00000| Complete 
| 125|0x000000008ab00000, 0x000000008ac00000, 0x000000008ac00000|100%| E|CS|TAMS 0x000000008ab00000, 0x000000008ab00000| Complete 
| 126|0x000000008ac00000, 0x000000008ad00000, 0x000000008ad00000|100%| S|CS|TAMS 0x000000008ac00000, 0x000000008ac00000| Complete 
| 127|0x000000008ad00000, 0x000000008ae00000, 0x000000008ae00000|100%| O|  |TAMS 0x000000008ad00000, 0x000000008ad00000| Untracked 
| 128|0x000000008ae00000, 0x000000008af00000, 0x000000008af00000|100%| S|CS|TAMS 0x000000008ae00000, 0x000000008ae00000| Complete 
| 129|0x000000008af00000, 0x000000008b000000, 0x000000008b000000|100%| S|CS|TAMS 0x000000008af00000, 0x000000008af00000| Complete 
| 130|0x000000008b000000, 0x000000008b100000, 0x000000008b100000|100%| S|CS|TAMS 0x000000008b000000, 0x000000008b000000| Complete 
| 131|0x000000008b100000, 0x000000008b200000, 0x000000008b200000|100%| S|CS|TAMS 0x000000008b100000, 0x000000008b100000| Complete 
| 132|0x000000008b200000, 0x000000008b300000, 0x000000008b300000|100%| S|CS|TAMS 0x000000008b200000, 0x000000008b200000| Complete 
| 133|0x000000008b300000, 0x000000008b400000, 0x000000008b400000|100%| O|  |TAMS 0x000000008b300000, 0x000000008b300000| Untracked 

Card table byte_map: [0x0000021c3d130000,0x0000021c3d520000] _byte_map_base: 0x0000021c3cd19000

Marking Bits (Prev, Next): (CMBitMap*) 0x0000021c263aaa78, (CMBitMap*) 0x0000021c263aaab0
 Prev Bits: [0x0000021c3d910000, 0x0000021c3f858000)
 Next Bits: [0x0000021c3f860000, 0x0000021c417a8000)

Polling page: 0x0000021c25b40000

Metaspace:

Usage:
  Non-class:     40.51 MB capacity,    39.63 MB ( 98%) used,   723.10 KB (  2%) free+waste,   169.31 KB ( <1%) overhead. 
      Class:      6.21 MB capacity,     5.58 MB ( 90%) used,   564.52 KB (  9%) free+waste,    85.94 KB (  1%) overhead. 
       Both:     46.72 MB capacity,    45.21 MB ( 97%) used,     1.26 MB (  3%) free+waste,   255.25 KB ( <1%) overhead. 

Virtual space:
  Non-class space:       42.00 MB reserved,      40.75 MB ( 97%) committed 
      Class space:        1.00 GB reserved,       6.25 MB ( <1%) committed 
             Both:        1.04 GB reserved,      47.00 MB (  4%) committed 

Chunk freelists:
   Non-Class:  7.25 KB
       Class:  640 bytes
        Both:  7.88 KB

CodeHeap 'non-profiled nmethods': size=238336Kb used=7586Kb max_used=7586Kb free=230749Kb
 bounds [0x0000021c2e150000, 0x0000021c2e8c0000, 0x0000021c3ca10000]
CodeHeap 'non-nmethods': size=7424Kb used=1264Kb max_used=1264Kb free=6159Kb
 bounds [0x0000021c2da10000, 0x0000021c2dc80000, 0x0000021c2e150000]
 total_blobs=5497 nmethods=4839 adapters=584
 compilation: enabled
              stopped_count=0, restarted_count=0
 full_count=0

Compilation events (10 events):
Event: 7.107 Thread 0x0000021c44b01800 4833       1       sun.nio.ch.IOUtil::readIntoNativeBuffer (157 bytes)
Event: 7.107 Thread 0x0000021c44b01800 nmethod 4833 0x0000021c2e8b7390 code [0x0000021c2e8b7580, 0x0000021c2e8b78a8]
Event: 7.107 Thread 0x0000021c44b01800 4834       1       sun.nio.ch.Util$BufferCache::offerFirst (73 bytes)
Event: 7.107 Thread 0x0000021c44b01800 nmethod 4834 0x0000021c2e8b7b10 code [0x0000021c2e8b7cc0, 0x0000021c2e8b7eb8]
Event: 7.107 Thread 0x0000021c44b01800 4837       1       java.nio.channels.spi.AbstractSelector::cancelledKeys (5 bytes)
Event: 7.107 Thread 0x0000021c44b01800 nmethod 4837 0x0000021c2e8b8010 code [0x0000021c2e8b81a0, 0x0000021c2e8b8258]
Event: 7.123 Thread 0x0000021c44b01800 4838       1       java.awt.image.ComponentSampleModel::getNumDataElements (5 bytes)
Event: 7.123 Thread 0x0000021c44b01800 nmethod 4838 0x0000021c2e8b8310 code [0x0000021c2e8b84a0, 0x0000021c2e8b8558]
Event: 7.152 Thread 0x0000021c44b01800 4839       1       java.awt.image.Raster::getNumDataElements (8 bytes)
Event: 7.152 Thread 0x0000021c44b01800 nmethod 4839 0x0000021c2e8b8610 code [0x0000021c2e8b87a0, 0x0000021c2e8b8888]

GC Heap History (10 events):
Event: 3.857 GC heap before
{Heap before GC invocations=4 (full 0):
 garbage-first heap   total 129024K, used 66226K [0x0000000082e00000, 0x0000000100000000)
  region size 1024K, 59 young (60416K), 2 survivors (2048K)
 Metaspace       used 26336K, capacity 27365K, committed 27520K, reserved 1073152K
  class space    used 3202K, capacity 3641K, committed 3712K, reserved 1048576K
}
Event: 3.859 GC heap after
{Heap after GC invocations=5 (full 0):
 garbage-first heap   total 129024K, used 11113K [0x0000000082e00000, 0x0000000100000000)
  region size 1024K, 4 young (4096K), 4 survivors (4096K)
 Metaspace       used 26336K, capacity 27365K, committed 27520K, reserved 1073152K
  class space    used 3202K, capacity 3641K, committed 3712K, reserved 1048576K
}
Event: 4.913 GC heap before
{Heap before GC invocations=5 (full 0):
 garbage-first heap   total 129024K, used 76649K [0x0000000082e00000, 0x0000000100000000)
  region size 1024K, 68 young (69632K), 4 survivors (4096K)
 Metaspace       used 32359K, capacity 33467K, committed 33792K, reserved 1079296K
  class space    used 4023K, capacity 4507K, committed 4608K, reserved 1048576K
}
Event: 4.919 GC heap after
{Heap after GC invocations=6 (full 0):
 garbage-first heap   total 129024K, used 14758K [0x0000000082e00000, 0x0000000100000000)
  region size 1024K, 8 young (8192K), 8 survivors (8192K)
 Metaspace       used 32359K, capacity 33467K, committed 33792K, reserved 1079296K
  class space    used 4023K, capacity 4507K, committed 4608K, reserved 1048576K
}
Event: 5.276 GC heap before
{Heap before GC invocations=6 (full 0):
 garbage-first heap   total 129024K, used 27046K [0x0000000082e00000, 0x0000000100000000)
  region size 1024K, 21 young (21504K), 8 survivors (8192K)
 Metaspace       used 34590K, capacity 35709K, committed 35840K, reserved 1081344K
  class space    used 4289K, capacity 4787K, committed 4864K, reserved 1048576K
}
Event: 5.283 GC heap after
{Heap after GC invocations=7 (full 0):
 garbage-first heap   total 129024K, used 16258K [0x0000000082e00000, 0x0000000100000000)
  region size 1024K, 6 young (6144K), 6 survivors (6144K)
 Metaspace       used 34590K, capacity 35709K, committed 35840K, reserved 1081344K
  class space    used 4289K, capacity 4787K, committed 4864K, reserved 1048576K
}
Event: 6.251 GC heap before
{Heap before GC invocations=8 (full 0):
 garbage-first heap   total 129024K, used 82818K [0x0000000082e00000, 0x0000000100000000)
  region size 1024K, 71 young (72704K), 6 survivors (6144K)
 Metaspace       used 41337K, capacity 42680K, committed 42880K, reserved 1087488K
  class space    used 5140K, capacity 5694K, committed 5760K, reserved 1048576K
}
Event: 6.257 GC heap after
{Heap after GC invocations=9 (full 0):
 garbage-first heap   total 129024K, used 20536K [0x0000000082e00000, 0x0000000100000000)
  region size 1024K, 6 young (6144K), 6 survivors (6144K)
 Metaspace       used 41337K, capacity 42680K, committed 42880K, reserved 1087488K
  class space    used 5140K, capacity 5694K, committed 5760K, reserved 1048576K
}
Event: 7.109 GC heap before
{Heap before GC invocations=9 (full 0):
 garbage-first heap   total 129024K, used 122936K [0x0000000082e00000, 0x0000000100000000)
  region size 1024K, 74 young (75776K), 6 survivors (6144K)
 Metaspace       used 46285K, capacity 47841K, committed 48128K, reserved 1091584K
  class space    used 5708K, capacity 6363K, committed 6400K, reserved 1048576K
}
Event: 7.116 GC heap after
{Heap after GC invocations=10 (full 0):
 garbage-first heap   total 137216K, used 56320K [0x0000000082e00000, 0x0000000100000000)
  region size 1024K, 10 young (10240K), 10 survivors (10240K)
 Metaspace       used 46285K, capacity 47841K, committed 48128K, reserved 1091584K
  class space    used 5708K, capacity 6363K, committed 6400K, reserved 1048576K
}

Deoptimization events (0 events):
No events

Classes redefined (0 events):
No events

Internal exceptions (10 events):
Event: 6.046 Thread 0x0000021c45ff7000 Exception <a 'java/lang/ClassNotFoundException'{0x00000000878b1038}: org/springframework/web/context/ServletContextAwareCustomizer> (0x00000000878b1038) thrown at [./open/src/hotspot/share/classfile/systemDictionary.cpp, line 226]
Event: 6.046 Thread 0x0000021c45ff7000 Exception <a 'java/lang/ClassNotFoundException'{0x00000000878c2328}: org/springframework/beans/factory/AwareCustomizer> (0x00000000878c2328) thrown at [./open/src/hotspot/share/classfile/systemDictionary.cpp, line 226]
Event: 6.066 Thread 0x0000021c45ff7000 Exception <a 'java/lang/NoSuchMethodError'{0x00000000876bc490}: java.lang.invoke.DirectMethodHandle$Holder.invokeVirtual(Ljava/lang/Object;Ljava/lang/Object;I)V> (0x00000000876bc490) thrown at [./open/src/hotspot/share/interpreter/linkResolver.cpp, line 7
Event: 6.067 Thread 0x0000021c45ff7000 Exception <a 'java/lang/NoSuchMethodError'{0x00000000876d6040}: java.lang.invoke.DirectMethodHandle$Holder.invokeVirtual(Ljava/lang/Object;Ljava/lang/Object;J)V> (0x00000000876d6040) thrown at [./open/src/hotspot/share/interpreter/linkResolver.cpp, line 7
Event: 6.125 Thread 0x0000021c45ff7000 Exception <a 'java/lang/NoSuchMethodError'{0x00000000870958a8}: java.lang.invoke.DirectMethodHandle$Holder.invokeInterface(Ljava/lang/Object;Ljava/lang/Object;Ljava/lang/Object;)Ljava/lang/Object;> (0x00000000870958a8) thrown at [./open/src/hotspot/share/
Event: 6.125 Thread 0x0000021c45ff7000 Exception <a 'java/lang/IncompatibleClassChangeError'{0x0000000087098830}: Found class java.lang.Object, but interface was expected> (0x0000000087098830) thrown at [./open/src/hotspot/share/interpreter/linkResolver.cpp, line 838]
Event: 6.142 Thread 0x0000021c45ff7000 Exception <a 'java/lang/NoSuchMethodError'{0x0000000086fe4f30}: java.lang.invoke.DirectMethodHandle$Holder.invokeStaticInit(Ljava/lang/Object;Ljava/lang/Object;Ljava/lang/Object;Ljava/lang/Object;)I> (0x0000000086fe4f30) thrown at [./open/src/hotspot/shar
Event: 6.747 Thread 0x0000021c5e987000 Exception <a 'java/lang/ClassNotFoundException'{0x00000000894da6f0}: sun/awt/resources/spi/awtProvider> (0x00000000894da6f0) thrown at [./open/src/hotspot/share/classfile/systemDictionary.cpp, line 226]
Event: 6.786 Thread 0x0000021c5e987000 Exception <a 'java/io/FileNotFoundException'{0x00000000890a7cb0}> (0x00000000890a7cb0) thrown at [./open/src/hotspot/share/prims/jni.cpp, line 611]
Event: 6.786 Thread 0x0000021c5e987000 Exception <a 'java/io/FileNotFoundException'{0x00000000890abec8}> (0x00000000890abec8) thrown at [./open/src/hotspot/share/prims/jni.cpp, line 611]

Events (10 events):
Event: 7.137 loading class com/arcsoft/face/enums/ImageFormat
Event: 7.137 loading class com/arcsoft/face/enums/ImageFormat done
Event: 7.137 Executing VM operation: RevokeBias
Event: 7.137 Executing VM operation: RevokeBias done
Event: 7.137 loading class com/arcsoft/face/enums/DetectModel
Event: 7.137 loading class com/arcsoft/face/enums/DetectModel done
Event: 7.138 loading class com/arcsoft/face/FaceEngine$1
Event: 7.138 loading class com/arcsoft/face/FaceEngine$1 done
Event: 7.138 loading class com/arcsoft/face/FaceInfo
Event: 7.138 loading class com/arcsoft/face/FaceInfo done


Dynamic libraries:
0x00007ff635ea0000 - 0x00007ff635eaf000 	D:\Program Files\Java\jdk-11.0.15\bin\java.exe
0x00007ff9742d0000 - 0x00007ff9744c8000 	C:\Windows\SYSTEM32\ntdll.dll
0x00007ff973e90000 - 0x00007ff973f4f000 	C:\Windows\System32\KERNEL32.DLL
0x00007ff971c80000 - 0x00007ff971f52000 	C:\Windows\System32\KERNELBASE.dll
0x00007ff971a80000 - 0x00007ff971b80000 	C:\Windows\System32\ucrtbase.dll
0x00007ff9691d0000 - 0x00007ff9691e8000 	D:\Program Files\Java\jdk-11.0.15\bin\jli.dll
0x00007ff967d60000 - 0x00007ff967d75000 	D:\Program Files\Java\jdk-11.0.15\bin\VCRUNTIME140.dll
0x00007ff972530000 - 0x00007ff9725de000 	C:\Windows\System32\ADVAPI32.dll
0x00007ff972330000 - 0x00007ff9723ce000 	C:\Windows\System32\msvcrt.dll
0x00007ff973ce0000 - 0x00007ff973d7c000 	C:\Windows\System32\sechost.dll
0x00007ff9735d0000 - 0x00007ff9736f5000 	C:\Windows\System32\RPCRT4.dll
0x00007ff973ad0000 - 0x00007ff973c6d000 	C:\Windows\System32\USER32.dll
0x00007ff971b80000 - 0x00007ff971ba2000 	C:\Windows\System32\win32u.dll
0x00007ff955600000 - 0x00007ff95589a000 	C:\Windows\WinSxS\amd64_microsoft.windows.common-controls_6595b64144ccf1df_6.0.19041.1110_none_60b5254171f9507e\COMCTL32.dll
0x00007ff973d80000 - 0x00007ff973dab000 	C:\Windows\System32\GDI32.dll
0x00007ff971fb0000 - 0x00007ff9720bf000 	C:\Windows\System32\gdi32full.dll
0x00007ff971bb0000 - 0x00007ff971c4d000 	C:\Windows\System32\msvcp_win.dll
0x00007ff96b680000 - 0x00007ff96b68a000 	C:\Windows\SYSTEM32\VERSION.dll
0x00007ff9723d0000 - 0x00007ff972402000 	C:\Windows\System32\IMM32.DLL
0x00007ff964c90000 - 0x00007ff964d2b000 	D:\Program Files\Java\jdk-11.0.15\bin\msvcp140.dll
0x00007ff9299a0000 - 0x00007ff92a4b6000 	D:\Program Files\Java\jdk-11.0.15\bin\server\jvm.dll
0x00007ff973cd0000 - 0x00007ff973cd8000 	C:\Windows\System32\PSAPI.DLL
0x00007ff948910000 - 0x00007ff948919000 	C:\Windows\SYSTEM32\WSOCK32.dll
0x00007ff958a20000 - 0x00007ff958a47000 	C:\Windows\SYSTEM32\WINMM.dll
0x00007ff973a60000 - 0x00007ff973acb000 	C:\Windows\System32\WS2_32.dll
0x00007ff96f8b0000 - 0x00007ff96f8c2000 	C:\Windows\SYSTEM32\kernel.appcore.dll
0x00007ff9691c0000 - 0x00007ff9691d0000 	D:\Program Files\Java\jdk-11.0.15\bin\verify.dll
0x00007ff9676c0000 - 0x00007ff9678a4000 	C:\Windows\SYSTEM32\DBGHELP.DLL
0x00007ff959140000 - 0x00007ff95916c000 	C:\Windows\SYSTEM32\dbgcore.DLL
0x00007ff972130000 - 0x00007ff9721b2000 	C:\Windows\System32\bcryptPrimitives.dll
0x00007ff964de0000 - 0x00007ff964e08000 	D:\Program Files\Java\jdk-11.0.15\bin\java.dll
0x00007ff967b60000 - 0x00007ff967b6a000 	D:\Program Files\Java\jdk-11.0.15\bin\jimage.dll
0x00007ff966cd0000 - 0x00007ff966cde000 	D:\Program Files\Java\jdk-11.0.15\bin\instrument.dll
0x00007ff964dc0000 - 0x00007ff964dd6000 	D:\Program Files\Java\jdk-11.0.15\bin\zip.dll
0x00007ff972740000 - 0x00007ff972e83000 	C:\Windows\System32\SHELL32.dll
0x00007ff96fab0000 - 0x00007ff970242000 	C:\Windows\SYSTEM32\windows.storage.dll
0x00007ff973700000 - 0x00007ff973a54000 	C:\Windows\System32\combase.dll
0x00007ff971430000 - 0x00007ff971460000 	C:\Windows\SYSTEM32\Wldp.dll
0x00007ff974160000 - 0x00007ff97420d000 	C:\Windows\System32\SHCORE.dll
0x00007ff972e90000 - 0x00007ff972ee5000 	C:\Windows\System32\shlwapi.dll
0x00007ff971910000 - 0x00007ff97192f000 	C:\Windows\SYSTEM32\profapi.dll
0x00007ff964da0000 - 0x00007ff964db9000 	D:\Program Files\Java\jdk-11.0.15\bin\net.dll
0x00007ff9652a0000 - 0x00007ff9653ac000 	C:\Windows\SYSTEM32\WINHTTP.dll
0x00007ff971190000 - 0x00007ff9711fa000 	C:\Windows\system32\mswsock.dll
0x00007ff964c70000 - 0x00007ff964c82000 	D:\Program Files\Java\jdk-11.0.15\bin\nio.dll
0x00007ff964bf0000 - 0x00007ff964c0a000 	D:\Program Files\JetBrains\IntelliJ IDEA 2022.2.1\bin\breakgen64.dll
0x00007ff970e70000 - 0x00007ff970f3a000 	C:\Windows\SYSTEM32\DNSAPI.dll
0x00007ff970e30000 - 0x00007ff970e6b000 	C:\Windows\SYSTEM32\IPHLPAPI.DLL
0x00007ff9733c0000 - 0x00007ff9733c8000 	C:\Windows\System32\NSI.dll
0x00007ff969340000 - 0x00007ff96934a000 	C:\Windows\System32\rasadhlp.dll
0x00007ff965220000 - 0x00007ff9652a0000 	C:\Windows\System32\fwpuclnt.dll
0x00007ff971c50000 - 0x00007ff971c77000 	C:\Windows\System32\bcrypt.dll
0x00007ff96d690000 - 0x00007ff96d699000 	D:\Program Files\Java\jdk-11.0.15\bin\management.dll
0x00007ff96d410000 - 0x00007ff96d41b000 	D:\Program Files\Java\jdk-11.0.15\bin\management_ext.dll
0x00007ff971380000 - 0x00007ff971398000 	C:\Windows\SYSTEM32\CRYPTSP.dll
0x00007ff970a40000 - 0x00007ff970a74000 	C:\Windows\system32\rsaenh.dll
0x00007ff9718d0000 - 0x00007ff9718fe000 	C:\Windows\SYSTEM32\USERENV.dll
0x00007ff9713a0000 - 0x00007ff9713ac000 	C:\Windows\SYSTEM32\CRYPTBASE.dll
0x00007ff96a020000 - 0x00007ff96a037000 	C:\Windows\SYSTEM32\dhcpcsvc6.DLL
0x00007ff96a000000 - 0x00007ff96a01d000 	C:\Windows\SYSTEM32\dhcpcsvc.DLL
0x00007ff950180000 - 0x00007ff950197000 	C:\Windows\system32\napinsp.dll
0x00007ff950160000 - 0x00007ff95017b000 	C:\Windows\system32\pnrpnsp.dll
0x00007ff96bac0000 - 0x00007ff96bad5000 	C:\Windows\system32\wshbth.dll
0x00007ff96d3e0000 - 0x00007ff96d3fd000 	C:\Windows\system32\NLAapi.dll
0x00007ff950040000 - 0x00007ff950052000 	C:\Windows\System32\winrnr.dll
0x00007ff963d30000 - 0x00007ff963d55000 	D:\Program Files\JetBrains\ArcSoft_ArcFace_Java_Windows_x64_V3.0\libs\WIN64\libarcsoft_face_engine_jni.dll
0x00007ff962f20000 - 0x00007ff962f9f000 	D:\Program Files\JetBrains\ArcSoft_ArcFace_Java_Windows_x64_V3.0\libs\WIN64\libarcsoft_face_engine.dll
0x00007ff973f50000 - 0x00007ff973fa6000 	C:\Windows\System32\WLDAP32.dll
0x00007ff940310000 - 0x00007ff9403b6000 	C:\Windows\SYSTEM32\MSVCP120.dll
0x00007ff940220000 - 0x00007ff94030f000 	C:\Windows\SYSTEM32\MSVCR120.dll
0x00007ff90cbe0000 - 0x00007ff90fa1d000 	D:\Program Files\JetBrains\ArcSoft_ArcFace_Java_Windows_x64_V3.0\libs\WIN64\libarcsoft_face.dll
0x00007ff964e30000 - 0x00007ff964e3d000 	D:\Program Files\Java\jdk-11.0.15\bin\sunmscapi.dll
0x00007ff9721c0000 - 0x00007ff972316000 	C:\Windows\System32\CRYPT32.dll
0x00007ff9714a0000 - 0x00007ff9714c7000 	C:\Windows\SYSTEM32\ncrypt.dll
0x00007ff971460000 - 0x00007ff97149b000 	C:\Windows\SYSTEM32\NTASN1.dll
0x00007ff963b80000 - 0x00007ff963ba5000 	D:\Program Files\Java\jdk-11.0.15\bin\sunec.dll
0x00007ff93ffe0000 - 0x00007ff94017a000 	D:\Program Files\Java\jdk-11.0.15\bin\awt.dll
0x00007ff9733d0000 - 0x00007ff97349d000 	C:\Windows\System32\OLEAUT32.dll
0x00007ff96f2a0000 - 0x00007ff96f331000 	C:\Windows\SYSTEM32\apphelp.dll
0x00007ff963970000 - 0x00007ff9639b1000 	D:\Program Files\Java\jdk-11.0.15\bin\lcms.dll
0x00007ff96f7a0000 - 0x00007ff96f7cf000 	C:\Windows\system32\DWMAPI.DLL
0x00007ff96f3e0000 - 0x00007ff96f47e000 	C:\Windows\system32\uxtheme.dll

dbghelp: loaded successfully - version: 4.0.5 - missing functions: none
symbol engine: initialized successfully - sym options: 0x614 - pdb path: .;D:\Program Files\Java\jdk-11.0.15\bin;C:\Windows\SYSTEM32;C:\Windows\WinSxS\amd64_microsoft.windows.common-controls_6595b64144ccf1df_6.0.19041.1110_none_60b5254171f9507e;D:\Program Files\Java\jdk-11.0.15\bin\server;D:\Program Files\JetBrains\IntelliJ IDEA 2022.2.1\bin;D:\Program Files\JetBrains\ArcSoft_ArcFace_Java_Windows_x64_V3.0\libs\WIN64

VM Arguments:
jvm_args: -Dfile.encoding=UTF-8 -XX:TieredStopAtLevel=1 -Xverify:none -Dspring.output.ansi.enabled=always -Dcom.sun.management.jmxremote -Dspring.jmx.enabled=true -Dspring.liveBeansView.mbeanDomain -Dspring.application.admin.enabled=true -javaagent:D:\Program Files\JetBrains\IntelliJ IDEA 2022.2.1\lib\idea_rt.jar=14426:D:\Program Files\JetBrains\IntelliJ IDEA 2022.2.1\bin -Dfile.encoding=UTF-8 
java_command: com.example.uploadtest.UploadtestApplication
java_class_path (initial): D:\JavaProject\uploadtest\target\classes;D:\Program Files\JetBrains\ArcSoft_ArcFace_Java_Windows_x64_V3.0\libs\arcsoft-sdk-face-3.0.0.0.jar;D:\Program Files\JetBrains\apache-maven-3.6.3\repository\org\springframework\boot\spring-boot-starter-web\2.3.7.RELEASE\spring-boot-starter-web-2.3.7.RELEASE.jar;D:\Program Files\JetBrains\apache-maven-3.6.3\repository\org\springframework\boot\spring-boot-starter\2.3.7.RELEASE\spring-boot-starter-2.3.7.RELEASE.jar;D:\Program Files\JetBrains\apache-maven-3.6.3\repository\org\springframework\boot\spring-boot-starter-logging\2.3.7.RELEASE\spring-boot-starter-logging-2.3.7.RELEASE.jar;D:\Program Files\JetBrains\apache-maven-3.6.3\repository\ch\qos\logback\logback-classic\1.2.3\logback-classic-1.2.3.jar;D:\Program Files\JetBrains\apache-maven-3.6.3\repository\ch\qos\logback\logback-core\1.2.3\logback-core-1.2.3.jar;D:\Program Files\JetBrains\apache-maven-3.6.3\repository\org\apache\logging\log4j\log4j-to-slf4j\2.13.3\log4j-to-slf4j-2.13.3.jar;D:\Program Files\JetBrains\apache-maven-3.6.3\repository\org\apache\logging\log4j\log4j-api\2.13.3\log4j-api-2.13.3.jar;D:\Program Files\JetBrains\apache-maven-3.6.3\repository\org\slf4j\jul-to-slf4j\1.7.30\jul-to-slf4j-1.7.30.jar;D:\Program Files\JetBrains\apache-maven-3.6.3\repository\jakarta\annotation\jakarta.annotation-api\1.3.5\jakarta.annotation-api-1.3.5.jar;D:\Program Files\JetBrains\apache-maven-3.6.3\repository\org\yaml\snakeyaml\1.26\snakeyaml-1.26.jar;D:\Program Files\JetBrains\apache-maven-3.6.3\repository\org\springframework\boot\spring-boot-starter-json\2.3.7.RELEASE\spring-boot-starter-json-2.3.7.RELEASE.jar;D:\Program Files\JetBrains\apache-maven-3.6.3\repository\com\fasterxml\jackson\core\jackson-databind\2.11.3\jackson-databind-2.11.3.jar;D:\Program Files\JetBrains\apache-maven-3.6.3\repository\com\fasterxml\jackson\core\jackson-core\2.11.3\jackson-core-2.11.3.jar;D:\Program Files\JetBrains\apache-maven-3.6.3\repository\com\fasterxml\jackson\datat
Launcher Type: SUN_STANDARD

[Global flags]
     bool BytecodeVerificationLocal                = false                                     {product} {command line}
     bool BytecodeVerificationRemote               = false                                     {product} {command line}
     intx CICompilerCount                          = 4                                         {product} {ergonomic}
     uint ConcGCThreads                            = 2                                         {product} {ergonomic}
     uint G1ConcRefinementThreads                  = 8                                         {product} {ergonomic}
   size_t G1HeapRegionSize                         = 1048576                                   {product} {ergonomic}
    uintx GCDrainStackTargetSize                   = 64                                        {product} {ergonomic}
   size_t InitialHeapSize                          = 132120576                                 {product} {ergonomic}
     bool ManagementServer                         = true                                      {product} {command line}
   size_t MarkStackSize                            = 4194304                                   {product} {ergonomic}
   size_t MaxHeapSize                              = 2099249152                                {product} {ergonomic}
   size_t MaxNewSize                               = 1259339776                                {product} {ergonomic}
   size_t MinHeapDeltaBytes                        = 1048576                                   {product} {ergonomic}
    uintx NonNMethodCodeHeapSize                   = 7549744                                {pd product} {ergonomic}
    uintx NonProfiledCodeHeapSize                  = 244108496                              {pd product} {ergonomic}
    uintx ProfiledCodeHeapSize                     = 0                                      {pd product} {ergonomic}
    uintx ReservedCodeCacheSize                    = 251658240                              {pd product} {ergonomic}
     bool SegmentedCodeCache                       = true                                      {product} {ergonomic}
     intx TieredStopAtLevel                        = 1                                         {product} {command line}
     bool UseCompressedClassPointers               = true                                 {lp64_product} {ergonomic}
     bool UseCompressedOops                        = true                                 {lp64_product} {ergonomic}
     bool UseG1GC                                  = true                                      {product} {ergonomic}
     bool UseLargePagesIndividualAllocation        = false                                  {pd product} {ergonomic}

Logging:
Log output configuration:
 #0: stdout all=warning uptime,level,tags
 #1: stderr all=off uptime,level,tags

Environment Variables:
JAVA_HOME=D:\Program Files\Java\jdk-11.0.15
JAVA_TOOL_OPTIONS=-Dfile.encoding=UTF-8
PATH=D:\Program Files\Python\Scripts\;D:\Program Files\Python\;C:\Program Files (x86)\Python39-32\Scripts\;C:\Program Files (x86)\Python39-32\;D:\Program Files (x86)\VMware\VMware Workstation\bin\;C:\Program Files\Common Files\Oracle\Java\javapath;C:\Program Files\Microsoft\jdk-11.0.12.7-hotspot\bin;C:\Windows\system32;C:\Windows;C:\Windows\System32\Wbem;C:\Windows\System32\WindowsPowerShell\v1.0\;C:\Windows\System32\OpenSSH\;C:\Program Files\dotnet\;D:\Program Files\Git\cmd;D:\ProgramData\Anaconda3\Scripts;D:\Program Files\nodejs\;D:\Program Files\Apache Software Foundation\Tomcat 10.0\lib\;D:\Program Files\JetBrains\ArcSoft_ArcFace_Java_Windows_x64_V3.0\libs\WIN64;D:\Program Files\gradle-7.5.1\bin;C:\Program Files\MySQL\MySQL Shell 8.0\bin\;C:\Users\admin\AppData\Local\Microsoft\WindowsApps;D:\Program Files\JetBrains\IntelliJ IDEA 2022.2.1\bin;;C:\Users\admin\.dotnet\tools;d:\Program Files\JetBrains\DataGrip 2022.1.2\bin;;D:\Programs Files\Microsoft VS Code\bin;D:\Program Files\JetBrains\apache-maven-3.6.3\bin;;D:\Program Files\JetBrains\PyCharm 2021.3\bin;;C:\Users\admin\AppData\Roaming\npm
USERNAME=admin
OS=Windows_NT
PROCESSOR_IDENTIFIER=Intel64 Family 6 Model 158 Stepping 13, GenuineIntel



---------------  S Y S T E M  ---------------

OS: Windows 10 , 64 bit Build 19041 (10.0.19041.2251)

CPU:total 8 (initial active 8) (8 cores per cpu, 1 threads per core) family 6 model 158 stepping 13 microcode 0xc6, cmov, cx8, fxsr, mmx, sse, sse2, sse3, ssse3, sse4.1, sse4.2, popcnt, avx, avx2, aes, clmul, erms, 3dnowpref, lzcnt, tsc, tscinvbit, bmi1, bmi2, adx, fma

Memory: 4k page, system-wide physical 8005M (415M free)
TotalPageFile size 31136M (AvailPageFile size 15645M)
current process WorkingSet (physical memory assigned to process): 395M, peak: 406M
current process commit charge ("private bytes"): 669M, peak: 681M

vm_info: Java HotSpot(TM) 64-Bit Server VM (11.0.15+8-LTS-149) for windows-amd64 JRE (11.0.15+8-LTS-149), built on Mar  9 2022 22:42:32 by "mach5one" with MS VC++ 15.9 (VS2017)

END.
