#
# A fatal error has been detected by the Java Runtime Environment:
#
#  EXCEPTION_ACCESS_VIOLATION (0xc0000005) at pc=0x00007ff90cbec8d2, pid=50036, tid=31436
#
# JRE version: Java(TM) SE Runtime Environment 18.9 (11.0.15+8) (build 11.0.15+8-LTS-149)
# Java VM: Java HotSpot(TM) 64-Bit Server VM 18.9 (11.0.15+8-LTS-149, mixed mode, tiered, compressed oops, g1 gc, windows-amd64)
# Problematic frame:
# C  [libarcsoft_face.dll+0xc8d2]
#
# No core dump will be written. Minidumps are not enabled by default on client versions of Windows
#
# If you would like to submit a bug report, please visit:
#   https://bugreport.java.com/bugreport/crash.jsp
# The crash happened outside the Java Virtual Machine in native code.
# See problematic frame for where to report the bug.
#

---------------  S U M M A R Y ------------

Command Line: -Dfile.encoding=UTF-8 -XX:TieredStopAtLevel=1 -Xverify:none -Dspring.output.ansi.enabled=always -Dcom.sun.management.jmxremote -Dspring.jmx.enabled=true -Dspring.liveBeansView.mbeanDomain -Dspring.application.admin.enabled=true -javaagent:D:\Program Files\JetBrains\IntelliJ IDEA 2022.2.1\lib\idea_rt.jar=9211:D:\Program Files\JetBrains\IntelliJ IDEA 2022.2.1\bin -Dfile.encoding=UTF-8 com.example.uploadtest.UploadtestApplication

Host: Intel(R) Core(TM) i7-9700 CPU @ 3.00GHz, 8 cores, 7G,  Windows 10 , 64 bit Build 19041 (10.0.19041.2251)
Time: Sun Dec 11 11:26:10 2022 中国标准时间 elapsed time: 3.374794 seconds (0d 0h 0m 3s)

---------------  T H R E A D  ---------------

Current thread (0x0000029f44ba6800):  JavaThread "http-nio-8081-exec-4" daemon [_thread_in_native, id=31436, stack(0x000000b21b800000,0x000000b21b900000)]

Stack: [0x000000b21b800000,0x000000b21b900000],  sp=0x000000b21b8fc5f0,  free space=1009k
Native frames: (J=compiled Java code, j=interpreted, Vv=VM code, C=native code)
C  [libarcsoft_face.dll+0xc8d2]

Java frames: (J=compiled Java code, j=interpreted, Vv=VM code)
j  com.arcsoft.face.FaceEngine.detectFaces(J[BIIII[Lcom/arcsoft/face/FaceInfo;)I+0
j  com.arcsoft.face.FaceEngine.detectFaces([BIILcom/arcsoft/face/enums/ImageFormat;Lcom/arcsoft/face/enums/DetectModel;Ljava/util/List;)I+107
j  com.arcsoft.face.FaceEngine.detectFaces([BIILcom/arcsoft/face/enums/ImageFormat;Ljava/util/List;)I+11
j  com.example.uploadtest.util.MyFaceFeature.extract(Ljava/io/File;Lcom/arcsoft/face/FaceEngine;)[B+38
j  com.example.uploadtest.controller.FaceController.login(Ljava/lang/String;)Ljava/lang/String;+44
v  ~StubRoutines::call_stub
J 2652  jdk.internal.reflect.NativeMethodAccessorImpl.invoke0(Ljava/lang/reflect/Method;Ljava/lang/Object;[Ljava/lang/Object;)Ljava/lang/Object; java.base@11.0.15 (0 bytes) @ 0x0000029f2c4952bf [0x0000029f2c495240+0x000000000000007f]
J 2651 c1 jdk.internal.reflect.NativeMethodAccessorImpl.invoke(Ljava/lang/Object;[Ljava/lang/Object;)Ljava/lang/Object; java.base@11.0.15 (104 bytes) @ 0x0000029f2c495f7c [0x0000029f2c495c20+0x000000000000035c]
J 2364 c1 jdk.internal.reflect.DelegatingMethodAccessorImpl.invoke(Ljava/lang/Object;[Ljava/lang/Object;)Ljava/lang/Object; java.base@11.0.15 (10 bytes) @ 0x0000029f2c418fe4 [0x0000029f2c418fa0+0x0000000000000044]
J 2373 c1 java.lang.reflect.Method.invoke(Ljava/lang/Object;[Ljava/lang/Object;)Ljava/lang/Object; java.base@11.0.15 (65 bytes) @ 0x0000029f2c41b3d4 [0x0000029f2c41b2e0+0x00000000000000f4]
j  org.springframework.web.method.support.InvocableHandlerMethod.doInvoke([Ljava/lang/Object;)Ljava/lang/Object;+16
j  org.springframework.web.method.support.InvocableHandlerMethod.invokeForRequest(Lorg/springframework/web/context/request/NativeWebRequest;Lorg/springframework/web/method/support/ModelAndViewContainer;[Ljava/lang/Object;)Ljava/lang/Object;+56
j  org.springframework.web.servlet.mvc.method.annotation.ServletInvocableHandlerMethod.invokeAndHandle(Lorg/springframework/web/context/request/ServletWebRequest;Lorg/springframework/web/method/support/ModelAndViewContainer;[Ljava/lang/Object;)V+4
j  org.springframework.web.servlet.mvc.method.annotation.RequestMappingHandlerAdapter.invokeHandlerMethod(Ljavax/servlet/http/HttpServletRequest;Ljavax/servlet/http/HttpServletResponse;Lorg/springframework/web/method/HandlerMethod;)Lorg/springframework/web/servlet/ModelAndView;+244
j  org.springframework.web.servlet.mvc.method.annotation.RequestMappingHandlerAdapter.handleInternal(Ljavax/servlet/http/HttpServletRequest;Ljavax/servlet/http/HttpServletResponse;Lorg/springframework/web/method/HandlerMethod;)Lorg/springframework/web/servlet/ModelAndView;+81
j  org.springframework.web.servlet.mvc.method.AbstractHandlerMethodAdapter.handle(Ljavax/servlet/http/HttpServletRequest;Ljavax/servlet/http/HttpServletResponse;Ljava/lang/Object;)Lorg/springframework/web/servlet/ModelAndView;+7
j  org.springframework.web.servlet.DispatcherServlet.doDispatch(Ljavax/servlet/http/HttpServletRequest;Ljavax/servlet/http/HttpServletResponse;)V+257
j  org.springframework.web.servlet.DispatcherServlet.doService(Ljavax/servlet/http/HttpServletRequest;Ljavax/servlet/http/HttpServletResponse;)V+212
j  org.springframework.web.servlet.FrameworkServlet.processRequest(Ljavax/servlet/http/HttpServletRequest;Ljavax/servlet/http/HttpServletResponse;)V+71
j  org.springframework.web.servlet.FrameworkServlet.doPost(Ljavax/servlet/http/HttpServletRequest;Ljavax/servlet/http/HttpServletResponse;)V+3
j  javax.servlet.http.HttpServlet.service(Ljavax/servlet/http/HttpServletRequest;Ljavax/servlet/http/HttpServletResponse;)V+149
j  org.springframework.web.servlet.FrameworkServlet.service(Ljavax/servlet/http/HttpServletRequest;Ljavax/servlet/http/HttpServletResponse;)V+33
j  javax.servlet.http.HttpServlet.service(Ljavax/servlet/ServletRequest;Ljavax/servlet/ServletResponse;)V+36
j  org.apache.catalina.core.ApplicationFilterChain.internalDoFilter(Ljavax/servlet/ServletRequest;Ljavax/servlet/ServletResponse;)V+304
j  org.apache.catalina.core.ApplicationFilterChain.doFilter(Ljavax/servlet/ServletRequest;Ljavax/servlet/ServletResponse;)V+101
j  org.apache.tomcat.websocket.server.WsFilter.doFilter(Ljavax/servlet/ServletRequest;Ljavax/servlet/ServletResponse;Ljavax/servlet/FilterChain;)V+21
j  org.apache.catalina.core.ApplicationFilterChain.internalDoFilter(Ljavax/servlet/ServletRequest;Ljavax/servlet/ServletResponse;)V+135
j  org.apache.catalina.core.ApplicationFilterChain.doFilter(Ljavax/servlet/ServletRequest;Ljavax/servlet/ServletResponse;)V+101
j  org.springframework.web.filter.RequestContextFilter.doFilterInternal(Ljavax/servlet/http/HttpServletRequest;Ljavax/servlet/http/HttpServletResponse;Ljavax/servlet/FilterChain;)V+21
j  org.springframework.web.filter.OncePerRequestFilter.doFilter(Ljavax/servlet/ServletRequest;Ljavax/servlet/ServletResponse;Ljavax/servlet/FilterChain;)V+147
j  org.apache.catalina.core.ApplicationFilterChain.internalDoFilter(Ljavax/servlet/ServletRequest;Ljavax/servlet/ServletResponse;)V+135
j  org.apache.catalina.core.ApplicationFilterChain.doFilter(Ljavax/servlet/ServletRequest;Ljavax/servlet/ServletResponse;)V+101
j  org.springframework.web.filter.FormContentFilter.doFilterInternal(Ljavax/servlet/http/HttpServletRequest;Ljavax/servlet/http/HttpServletResponse;Ljavax/servlet/FilterChain;)V+38
j  org.springframework.web.filter.OncePerRequestFilter.doFilter(Ljavax/servlet/ServletRequest;Ljavax/servlet/ServletResponse;Ljavax/servlet/FilterChain;)V+147
j  org.apache.catalina.core.ApplicationFilterChain.internalDoFilter(Ljavax/servlet/ServletRequest;Ljavax/servlet/ServletResponse;)V+135
j  org.apache.catalina.core.ApplicationFilterChain.doFilter(Ljavax/servlet/ServletRequest;Ljavax/servlet/ServletResponse;)V+101
j  org.springframework.web.filter.CharacterEncodingFilter.doFilterInternal(Ljavax/servlet/http/HttpServletRequest;Ljavax/servlet/http/HttpServletResponse;Ljavax/servlet/FilterChain;)V+53
j  org.springframework.web.filter.OncePerRequestFilter.doFilter(Ljavax/servlet/ServletRequest;Ljavax/servlet/ServletResponse;Ljavax/servlet/FilterChain;)V+147
j  org.apache.catalina.core.ApplicationFilterChain.internalDoFilter(Ljavax/servlet/ServletRequest;Ljavax/servlet/ServletResponse;)V+135
j  org.apache.catalina.core.ApplicationFilterChain.doFilter(Ljavax/servlet/ServletRequest;Ljavax/servlet/ServletResponse;)V+101
j  org.apache.catalina.core.StandardWrapperValve.invoke(Lorg/apache/catalina/connector/Request;Lorg/apache/catalina/connector/Response;)V+694
j  org.apache.catalina.core.StandardContextValve.invoke(Lorg/apache/catalina/connector/Request;Lorg/apache/catalina/connector/Response;)V+169
j  org.apache.catalina.authenticator.AuthenticatorBase.invoke(Lorg/apache/catalina/connector/Request;Lorg/apache/catalina/connector/Response;)V+260
j  org.apache.catalina.core.StandardHostValve.invoke(Lorg/apache/catalina/connector/Request;Lorg/apache/catalina/connector/Response;)V+128
j  org.apache.catalina.valves.ErrorReportValve.invoke(Lorg/apache/catalina/connector/Request;Lorg/apache/catalina/connector/Response;)V+6
j  org.apache.catalina.core.StandardEngineValve.invoke(Lorg/apache/catalina/connector/Request;Lorg/apache/catalina/connector/Response;)V+59
j  org.apache.catalina.connector.CoyoteAdapter.service(Lorg/apache/coyote/Request;Lorg/apache/coyote/Response;)V+199
j  org.apache.coyote.http11.Http11Processor.service(Lorg/apache/tomcat/util/net/SocketWrapperBase;)Lorg/apache/tomcat/util/net/AbstractEndpoint$Handler$SocketState;+737
j  org.apache.coyote.AbstractProcessorLight.process(Lorg/apache/tomcat/util/net/SocketWrapperBase;Lorg/apache/tomcat/util/net/SocketEvent;)Lorg/apache/tomcat/util/net/AbstractEndpoint$Handler$SocketState;+170
j  org.apache.coyote.AbstractProtocol$ConnectionHandler.process(Lorg/apache/tomcat/util/net/SocketWrapperBase;Lorg/apache/tomcat/util/net/SocketEvent;)Lorg/apache/tomcat/util/net/AbstractEndpoint$Handler$SocketState;+505
j  org.apache.tomcat.util.net.NioEndpoint$SocketProcessor.doRun()V+216
j  org.apache.tomcat.util.net.SocketProcessorBase.run()V+21
j  java.util.concurrent.ThreadPoolExecutor.runWorker(Ljava/util/concurrent/ThreadPoolExecutor$Worker;)V+92 java.base@11.0.15
j  java.util.concurrent.ThreadPoolExecutor$Worker.run()V+5 java.base@11.0.15
j  org.apache.tomcat.util.threads.TaskThread$WrappingRunnable.run()V+4
j  java.lang.Thread.run()V+11 java.base@11.0.15
v  ~StubRoutines::call_stub

siginfo: EXCEPTION_ACCESS_VIOLATION (0xc0000005), writing address 0x0000029d48c84d80


Register to memory mapping:

RIP=0x00007ff90cbec8d2 libarcsoft_face.dll
RAX=0xffffffff80000000 is an unknown value
RBX=0x000000b21b8fc750 is pointing into the stack for thread: 0x0000029f44ba6800
RCX=0x0000029f48c84d80 points into unknown readable memory: 0x0000000000000000 | 00 00 00 00 00 00 00 00
RDX=0x000000000000006d is an unknown value
RSP=0x000000b21b8fc5f0 is pointing into the stack for thread: 0x0000029f44ba6800
RBP=0x00000000000001c0 is an unknown value
RSI=0x0000000000000040 is an unknown value
RDI=0x0000000080000040 is an unknown value
R8 =0x0000000080000001 is an unknown value
R9 =0x0000000080000000 is an unknown value
R10=0x0000000000000040 is an unknown value
R11=0x0000000080000f80 is an unknown value
R12=0x0000000000000040 is an unknown value
R13=
[error occurred during error reporting (printing register info), id 0xc0000005, EXCEPTION_ACCESS_VIOLATION (0xc0000005) at pc=0x00007ff929c712c6]

Registers:
RAX=0xffffffff80000000, RBX=0x000000b21b8fc750, RCX=0x0000029f48c84d80, RDX=0x000000000000006d
RSP=0x000000b21b8fc5f0, RBP=0x00000000000001c0, RSI=0x0000000000000040, RDI=0x0000000080000040
R8 =0x0000000080000001, R9 =0x0000000080000000, R10=0x0000000000000040, R11=0x0000000080000f80
R12=0x0000000000000040, R13=0x00000000ffffffc0, R14=0x000000000000003f, R15=0x000000000000003f
RIP=0x00007ff90cbec8d2, EFLAGS=0x0000000000010282

Top of Stack: (sp=0x000000b21b8fc5f0)
0x000000b21b8fc5f0:   0000000000000030 00007ff90cbf1e6d
0x000000b21b8fc600:   0000029f00000012 0000000000000022
0x000000b21b8fc610:   c10755d680000000 0000000000000000
0x000000b21b8fc620:   0000003000000001 0000001000000030
0x000000b21b8fc630:   000000003f800000 0000000000000000
0x000000b21b8fc640:   0000000000000000 00007ff93f18cc40
0x000000b21b8fc650:   0000004000000258 0000000080000000
0x000000b21b8fc660:   0000000000000000 0000029f5ce71010
0x000000b21b8fc670:   0000000000000540 0000029f45f22040
0x000000b21b8fc680:   0000000000000000 0000000000000000
0x000000b21b8fc690:   0000000000000000 0000000000000000
0x000000b21b8fc6a0:   0000000000000000 0000000000000000
0x000000b21b8fc6b0:   000000003f800000 0000000000000000
0x000000b21b8fc6c0:   0000000000000040 000000b21b8fc7e0
0x000000b21b8fc6d0:   0000000000000040 0000029f48c84d80
0x000000b21b8fc6e0:   0000000000000001 0000000000000040 

Instructions: (pc=0x00007ff90cbec8d2)
0x00007ff90cbec8b2:   00 00 00 00 85 d2 0f 48 d1 48 8b 8c 24 30 01 00
0x00007ff90cbec8c2:   00 41 ff c0 45 03 dd 03 fe 66 0f 6e c2 0f 5b c0
0x00007ff90cbec8d2:   f3 0f 11 04 81 45 3b c4 0f 8c c0 fe ff ff 44 8b
0x00007ff90cbec8e2:   ac 24 18 01 00 00 8b 54 24 60 48 8b 8c 24 80 00 


Stack slot to memory mapping:
stack at sp + 0 slots: 0x0000000000000030 is an unknown value
stack at sp + 1 slots: 0x00007ff90cbf1e6d libarcsoft_face.dll
stack at sp + 2 slots: 0x0000029f00000012 is an unknown value
stack at sp + 3 slots: 0x0000000000000022 is an unknown value
stack at sp + 4 slots: 0xc10755d680000000 is an unknown value
stack at sp + 5 slots: 0x0 is NULL
stack at sp + 6 slots: 0x0000003000000001 is an unknown value
stack at sp + 7 slots: 0x0000001000000030 is an unknown value


---------------  P R O C E S S  ---------------

Threads class SMR info:
_java_thread_list=0x0000029f5c89d250, length=40, elements={
0x0000029f42178800, 0x0000029f4219d000, 0x0000029f42a78000, 0x0000029f42a7a000,
0x0000029f42a7e000, 0x0000029f42a81000, 0x0000029f42a8f000, 0x0000029f42bb0000,
0x0000029f42bb2000, 0x0000029f42bae800, 0x0000029f42bb1000, 0x0000029f42bb3800,
0x0000029f42bb5000, 0x0000029f42bb4800, 0x0000029f44ba0000, 0x0000029f44b9d800,
0x0000029f44b9b800, 0x0000029f44ba2000, 0x0000029f44ba1000, 0x0000029f44b9d000,
0x0000029f44b9e800, 0x0000029f44b9c000, 0x0000029f44ba2800, 0x0000029f44ba3800,
0x0000029f44ba4800, 0x0000029f44ba5000, 0x0000029f44b9f800, 0x0000029f44ba8800,
0x0000029f44baa000, 0x0000029f44ba6800, 0x0000029f44ba7800, 0x0000029f44ba6000,
0x0000029f44ba9000, 0x0000029f5c90d800, 0x0000029f5c90c800, 0x0000029f5c90b000,
0x0000029f5c90e000, 0x0000029f5c90a000, 0x0000029f5c908800, 0x0000029f5c909800
}

Java Threads: ( => current thread )
  0x0000029f42178800 JavaThread "Reference Handler" daemon [_thread_blocked, id=43012, stack(0x000000b212200000,0x000000b212300000)]
  0x0000029f4219d000 JavaThread "Finalizer" daemon [_thread_blocked, id=17688, stack(0x000000b212300000,0x000000b212400000)]
  0x0000029f42a78000 JavaThread "Signal Dispatcher" daemon [_thread_blocked, id=13940, stack(0x000000b212400000,0x000000b212500000)]
  0x0000029f42a7a000 JavaThread "Attach Listener" daemon [_thread_blocked, id=21032, stack(0x000000b212500000,0x000000b212600000)]
  0x0000029f42a7e000 JavaThread "Service Thread" daemon [_thread_blocked, id=8800, stack(0x000000b212600000,0x000000b212700000)]
  0x0000029f42a81000 JavaThread "C1 CompilerThread0" daemon [_thread_blocked, id=40612, stack(0x000000b212700000,0x000000b212800000)]
  0x0000029f42a8f000 JavaThread "Sweeper thread" daemon [_thread_blocked, id=45784, stack(0x000000b212800000,0x000000b212900000)]
  0x0000029f42bb0000 JavaThread "Common-Cleaner" daemon [_thread_blocked, id=51552, stack(0x000000b212900000,0x000000b212a00000)]
  0x0000029f42bb2000 JavaThread "Monitor Ctrl-Break" daemon [_thread_in_native, id=50108, stack(0x000000b212a00000,0x000000b212b00000)]
  0x0000029f42bae800 JavaThread "RMI TCP Accept-0" daemon [_thread_in_native, id=18184, stack(0x000000b212b00000,0x000000b212c00000)]
  0x0000029f42bb1000 JavaThread "RMI TCP Connection(1)-192.168.209.1" daemon [_thread_in_native, id=19896, stack(0x000000b213500000,0x000000b213600000)]
  0x0000029f42bb3800 JavaThread "RMI Scheduler(0)" daemon [_thread_blocked, id=20276, stack(0x000000b213900000,0x000000b213a00000)]
  0x0000029f42bb5000 JavaThread "Catalina-utility-1" [_thread_blocked, id=23112, stack(0x000000b213a00000,0x000000b213b00000)]
  0x0000029f42bb4800 JavaThread "Catalina-utility-2" [_thread_blocked, id=30028, stack(0x000000b213b00000,0x000000b213c00000)]
  0x0000029f44ba0000 JavaThread "container-0" [_thread_blocked, id=44936, stack(0x000000b213c00000,0x000000b213d00000)]
  0x0000029f44b9d800 JavaThread "mysql-cj-abandoned-connection-cleanup" daemon [_thread_blocked, id=9864, stack(0x000000b21a900000,0x000000b21aa00000)]
  0x0000029f44b9b800 JavaThread "HikariPool-1 housekeeper" daemon [_thread_blocked, id=8640, stack(0x000000b21ab00000,0x000000b21ac00000)]
  0x0000029f44ba2000 JavaThread "ForkJoinPool.commonPool-worker-3" daemon [_thread_blocked, id=32288, stack(0x000000b21ac00000,0x000000b21ad00000)]
  0x0000029f44ba1000 JavaThread "ForkJoinPool.commonPool-worker-5" daemon [_thread_blocked, id=34032, stack(0x000000b21ad00000,0x000000b21ae00000)]
  0x0000029f44b9d000 JavaThread "ForkJoinPool.commonPool-worker-7" daemon [_thread_blocked, id=3788, stack(0x000000b21ae00000,0x000000b21af00000)]
  0x0000029f44b9e800 JavaThread "ForkJoinPool.commonPool-worker-9" daemon [_thread_blocked, id=14404, stack(0x000000b21af00000,0x000000b21b000000)]
  0x0000029f44b9c000 JavaThread "HikariPool-1 connection adder" daemon [_thread_in_native, id=14320, stack(0x000000b21b000000,0x000000b21b100000)]
  0x0000029f44ba2800 JavaThread "ForkJoinPool.commonPool-worker-11" daemon [_thread_blocked, id=53928, stack(0x000000b21b100000,0x000000b21b200000)]
  0x0000029f44ba3800 JavaThread "File Watcher" daemon [_thread_blocked, id=29244, stack(0x000000b21b200000,0x000000b21b300000)]
  0x0000029f44ba4800 JavaThread "Live Reload Server" daemon [_thread_in_native, id=17280, stack(0x000000b21b400000,0x000000b21b500000)]
  0x0000029f44ba5000 JavaThread "http-nio-8081-BlockPoller" daemon [_thread_in_native, id=16088, stack(0x000000b21b300000,0x000000b21b400000)]
  0x0000029f44b9f800 JavaThread "http-nio-8081-exec-1" daemon [_thread_in_native, id=13100, stack(0x000000b21b500000,0x000000b21b600000)]
  0x0000029f44ba8800 JavaThread "http-nio-8081-exec-2" daemon [_thread_in_native, id=32752, stack(0x000000b21b600000,0x000000b21b700000)]
  0x0000029f44baa000 JavaThread "http-nio-8081-exec-3" daemon [_thread_blocked, id=38248, stack(0x000000b21b700000,0x000000b21b800000)]
=>0x0000029f44ba6800 JavaThread "http-nio-8081-exec-4" daemon [_thread_in_native, id=31436, stack(0x000000b21b800000,0x000000b21b900000)]
  0x0000029f44ba7800 JavaThread "http-nio-8081-exec-5" daemon [_thread_blocked, id=50372, stack(0x000000b21b900000,0x000000b21ba00000)]
  0x0000029f44ba6000 JavaThread "http-nio-8081-exec-6" daemon [_thread_in_native, id=43676, stack(0x000000b21ba00000,0x000000b21bb00000)]
  0x0000029f44ba9000 JavaThread "http-nio-8081-exec-7" daemon [_thread_blocked, id=27584, stack(0x000000b21bb00000,0x000000b21bc00000)]
  0x0000029f5c90d800 JavaThread "http-nio-8081-exec-8" daemon [_thread_blocked, id=36652, stack(0x000000b21bc00000,0x000000b21bd00000)]
  0x0000029f5c90c800 JavaThread "http-nio-8081-exec-9" daemon [_thread_blocked, id=35820, stack(0x000000b21bd00000,0x000000b21be00000)]
  0x0000029f5c90b000 JavaThread "http-nio-8081-exec-10" daemon [_thread_blocked, id=48776, stack(0x000000b21be00000,0x000000b21bf00000)]
  0x0000029f5c90e000 JavaThread "http-nio-8081-ClientPoller" daemon [_thread_in_native, id=45684, stack(0x000000b21bf00000,0x000000b21c000000)]
  0x0000029f5c90a000 JavaThread "http-nio-8081-Acceptor" daemon [_thread_in_native, id=50068, stack(0x000000b21c000000,0x000000b21c100000)]
  0x0000029f5c908800 JavaThread "DestroyJavaVM" [_thread_blocked, id=25076, stack(0x000000b211b00000,0x000000b211c00000)]
  0x0000029f5c909800 JavaThread "Java2D Disposer" daemon [_thread_blocked, id=38044, stack(0x000000b213000000,0x000000b213100000)]

Other Threads:
  0x0000029f42177000 VMThread "VM Thread" [stack: 0x000000b212100000,0x000000b212200000] [id=47592]
  0x0000029f4327d800 WatcherThread [stack: 0x000000b212c00000,0x000000b212d00000] [id=37072]
  0x0000029f24305800 GCTaskThread "GC Thread#0" [stack: 0x000000b211c00000,0x000000b211d00000] [id=14732]
  0x0000029f43ecc800 GCTaskThread "GC Thread#1" [stack: 0x000000b212d00000,0x000000b212e00000] [id=2084]
  0x0000029f43ecd800 GCTaskThread "GC Thread#2" [stack: 0x000000b212e00000,0x000000b212f00000] [id=2772]
  0x0000029f43f94800 GCTaskThread "GC Thread#3" [stack: 0x000000b213200000,0x000000b213300000] [id=14784]
  0x0000029f43fb4800 GCTaskThread "GC Thread#4" [stack: 0x000000b213300000,0x000000b213400000] [id=1304]
  0x0000029f43f96800 GCTaskThread "GC Thread#5" [stack: 0x000000b213400000,0x000000b213500000] [id=27660]
  0x0000029f44130800 GCTaskThread "GC Thread#6" [stack: 0x000000b213600000,0x000000b213700000] [id=5156]
  0x0000029f4416b800 GCTaskThread "GC Thread#7" [stack: 0x000000b213700000,0x000000b213800000] [id=1348]
  0x0000029f24335800 ConcurrentGCThread "G1 Main Marker" [stack: 0x000000b211d00000,0x000000b211e00000] [id=22684]
  0x0000029f2433a000 ConcurrentGCThread "G1 Conc#0" [stack: 0x000000b211e00000,0x000000b211f00000] [id=44200]
  0x0000029f4419a000 ConcurrentGCThread "G1 Conc#1" [stack: 0x000000b213800000,0x000000b213900000] [id=52928]
  0x0000029f243be000 ConcurrentGCThread "G1 Refine#0" [stack: 0x000000b211f00000,0x000000b212000000] [id=43224]
  0x0000029f42f08800 ConcurrentGCThread "G1 Refine#1" [stack: 0x000000b212f00000,0x000000b213000000] [id=41456]
  0x0000029f41fe0800 ConcurrentGCThread "G1 Young RemSet Sampling" [stack: 0x000000b212000000,0x000000b212100000] [id=2692]

Threads with active compile tasks:

VM state:not at safepoint (normal execution)

VM Mutex/Monitor currently owned by a thread: None

Heap address: 0x0000000082e00000, size: 2002 MB, Compressed Oops mode: 32-bit
Narrow klass base: 0x0000000000000000, Narrow klass shift: 3
Compressed class space size: 1073741824 Address: 0x0000000100000000

Heap:
 garbage-first heap   total 155648K, used 115525K [0x0000000082e00000, 0x0000000100000000)
  region size 1024K, 74 young (75776K), 7 survivors (7168K)
 Metaspace       used 46290K, capacity 47815K, committed 47952K, reserved 1091584K
  class space    used 5708K, capacity 6333K, committed 6400K, reserved 1048576K
Heap Regions: E=young(eden), S=young(survivor), O=old, HS=humongous(starts), HC=humongous(continues), CS=collection set, F=free, A=archive, TAMS=top-at-mark-start (previous, next)
|   0|0x0000000082e00000, 0x0000000082f00000, 0x0000000082f00000|100%| O|  |TAMS 0x0000000082f00000, 0x0000000082e00000| Untracked 
|   1|0x0000000082f00000, 0x0000000083000000, 0x0000000083000000|100%| O|  |TAMS 0x0000000083000000, 0x0000000082f00000| Untracked 
|   2|0x0000000083000000, 0x0000000083100000, 0x0000000083100000|100%| O|  |TAMS 0x0000000083100000, 0x0000000083000000| Untracked 
|   3|0x0000000083100000, 0x0000000083200000, 0x0000000083200000|100%| O|  |TAMS 0x0000000083200000, 0x0000000083100000| Untracked 
|   4|0x0000000083200000, 0x0000000083300000, 0x0000000083300000|100%| O|  |TAMS 0x0000000083300000, 0x0000000083200000| Untracked 
|   5|0x0000000083300000, 0x0000000083400000, 0x0000000083400000|100%| O|  |TAMS 0x0000000083400000, 0x0000000083300000| Untracked 
|   6|0x0000000083400000, 0x0000000083500000, 0x0000000083500000|100%| O|  |TAMS 0x0000000083500000, 0x0000000083400000| Untracked 
|   7|0x0000000083500000, 0x0000000083600000, 0x0000000083600000|100%| O|  |TAMS 0x0000000083600000, 0x0000000083500000| Untracked 
|   8|0x0000000083600000, 0x0000000083700000, 0x0000000083700000|100%| O|  |TAMS 0x0000000083700000, 0x0000000083600000| Untracked 
|   9|0x0000000083700000, 0x0000000083800000, 0x0000000083800000|100%| O|  |TAMS 0x0000000083800000, 0x0000000083700000| Untracked 
|  10|0x0000000083800000, 0x0000000083900000, 0x0000000083900000|100%| O|  |TAMS 0x0000000083832200, 0x0000000083800000| Untracked 
|  11|0x0000000083900000, 0x0000000083a00000, 0x0000000083a00000|100%| O|  |TAMS 0x0000000083900000, 0x0000000083900000| Untracked 
|  12|0x0000000083a00000, 0x0000000083b00000, 0x0000000083b00000|100%| O|  |TAMS 0x0000000083a00000, 0x0000000083a00000| Untracked 
|  13|0x0000000083b00000, 0x0000000083b9dc00, 0x0000000083c00000| 61%| O|  |TAMS 0x0000000083b00000, 0x0000000083b00000| Untracked 
|  14|0x0000000083c00000, 0x0000000083d00000, 0x0000000083d00000|100%|HS|  |TAMS 0x0000000083c00000, 0x0000000083c00000| Complete 
|  15|0x0000000083d00000, 0x0000000083e00000, 0x0000000083e00000|100%|HC|  |TAMS 0x0000000083d00000, 0x0000000083d00000| Complete 
|  16|0x0000000083e00000, 0x0000000083f00000, 0x0000000083f00000|100%|HS|  |TAMS 0x0000000083e00000, 0x0000000083e00000| Complete 
|  17|0x0000000083f00000, 0x0000000084000000, 0x0000000084000000|100%|HC|  |TAMS 0x0000000083f00000, 0x0000000083f00000| Complete 
|  18|0x0000000084000000, 0x0000000084100000, 0x0000000084100000|100%|HS|  |TAMS 0x0000000084000000, 0x0000000084000000| Complete 
|  19|0x0000000084100000, 0x0000000084200000, 0x0000000084200000|100%|HC|  |TAMS 0x0000000084100000, 0x0000000084100000| Complete 
|  20|0x0000000084200000, 0x0000000084300000, 0x0000000084300000|100%|HS|  |TAMS 0x0000000084200000, 0x0000000084200000| Complete 
|  21|0x0000000084300000, 0x0000000084400000, 0x0000000084400000|100%|HC|  |TAMS 0x0000000084300000, 0x0000000084300000| Complete 
|  22|0x0000000084400000, 0x0000000084500000, 0x0000000084500000|100%|HS|  |TAMS 0x0000000084400000, 0x0000000084400000| Complete 
|  23|0x0000000084500000, 0x0000000084600000, 0x0000000084600000|100%|HC|  |TAMS 0x0000000084500000, 0x0000000084500000| Complete 
|  24|0x0000000084600000, 0x0000000084700000, 0x0000000084700000|100%|HS|  |TAMS 0x0000000084600000, 0x0000000084600000| Complete 
|  25|0x0000000084700000, 0x0000000084800000, 0x0000000084800000|100%|HC|  |TAMS 0x0000000084700000, 0x0000000084700000| Complete 
|  26|0x0000000084800000, 0x0000000084900000, 0x0000000084900000|100%|HS|  |TAMS 0x0000000084800000, 0x0000000084800000| Complete 
|  27|0x0000000084900000, 0x0000000084a00000, 0x0000000084a00000|100%|HC|  |TAMS 0x0000000084900000, 0x0000000084900000| Complete 
|  28|0x0000000084a00000, 0x0000000084b00000, 0x0000000084b00000|100%|HS|  |TAMS 0x0000000084a00000, 0x0000000084a00000| Complete 
|  29|0x0000000084b00000, 0x0000000084c00000, 0x0000000084c00000|100%|HC|  |TAMS 0x0000000084b00000, 0x0000000084b00000| Complete 
|  30|0x0000000084c00000, 0x0000000084d00000, 0x0000000084d00000|100%|HS|  |TAMS 0x0000000084c00000, 0x0000000084c00000| Complete 
|  31|0x0000000084d00000, 0x0000000084e00000, 0x0000000084e00000|100%|HC|  |TAMS 0x0000000084d00000, 0x0000000084d00000| Complete 
|  32|0x0000000084e00000, 0x0000000084f00000, 0x0000000084f00000|100%|HS|  |TAMS 0x0000000084e00000, 0x0000000084e00000| Complete 
|  33|0x0000000084f00000, 0x0000000085000000, 0x0000000085000000|100%|HC|  |TAMS 0x0000000084f00000, 0x0000000084f00000| Complete 
|  34|0x0000000085000000, 0x0000000085100000, 0x0000000085100000|100%|HS|  |TAMS 0x0000000085000000, 0x0000000085000000| Complete 
|  35|0x0000000085100000, 0x0000000085200000, 0x0000000085200000|100%|HC|  |TAMS 0x0000000085100000, 0x0000000085100000| Complete 
|  36|0x0000000085200000, 0x0000000085300000, 0x0000000085300000|100%|HS|  |TAMS 0x0000000085200000, 0x0000000085200000| Complete 
|  37|0x0000000085300000, 0x0000000085400000, 0x0000000085400000|100%|HC|  |TAMS 0x0000000085300000, 0x0000000085300000| Complete 
|  38|0x0000000085400000, 0x0000000085500000, 0x0000000085500000|100%|HS|  |TAMS 0x0000000085400000, 0x0000000085400000| Complete 
|  39|0x0000000085500000, 0x0000000085600000, 0x0000000085600000|100%|HS|  |TAMS 0x0000000085500000, 0x0000000085500000| Complete 
|  40|0x0000000085600000, 0x0000000085700000, 0x0000000085700000|100%|HS|  |TAMS 0x0000000085600000, 0x0000000085600000| Complete 
|  41|0x0000000085700000, 0x0000000085800000, 0x0000000085800000|100%|HS|  |TAMS 0x0000000085700000, 0x0000000085700000| Complete 
|  42|0x0000000085800000, 0x0000000085800000, 0x0000000085900000|  0%| F|  |TAMS 0x0000000085800000, 0x0000000085800000| Untracked 
|  43|0x0000000085900000, 0x0000000085900000, 0x0000000085a00000|  0%| F|  |TAMS 0x0000000085900000, 0x0000000085900000| Untracked 
|  44|0x0000000085a00000, 0x0000000085a00000, 0x0000000085b00000|  0%| F|  |TAMS 0x0000000085a00000, 0x0000000085a00000| Untracked 
|  45|0x0000000085b00000, 0x0000000085b00000, 0x0000000085c00000|  0%| F|  |TAMS 0x0000000085b00000, 0x0000000085b00000| Untracked 
|  46|0x0000000085c00000, 0x0000000085c00000, 0x0000000085d00000|  0%| F|  |TAMS 0x0000000085c00000, 0x0000000085c00000| Untracked 
|  47|0x0000000085d00000, 0x0000000085d33808, 0x0000000085e00000| 20%| S|CS|TAMS 0x0000000085d00000, 0x0000000085d00000| Complete 
|  48|0x0000000085e00000, 0x0000000085f00000, 0x0000000085f00000|100%| S|CS|TAMS 0x0000000085e00000, 0x0000000085e00000| Complete 
|  49|0x0000000085f00000, 0x0000000086000000, 0x0000000086000000|100%| S|CS|TAMS 0x0000000085f00000, 0x0000000085f00000| Complete 
|  50|0x0000000086000000, 0x0000000086100000, 0x0000000086100000|100%| S|CS|TAMS 0x0000000086000000, 0x0000000086000000| Complete 
|  51|0x0000000086100000, 0x0000000086200000, 0x0000000086200000|100%| S|CS|TAMS 0x0000000086100000, 0x0000000086100000| Complete 
|  52|0x0000000086200000, 0x0000000086300000, 0x0000000086300000|100%| S|CS|TAMS 0x0000000086200000, 0x0000000086200000| Complete 
|  53|0x0000000086300000, 0x0000000086400000, 0x0000000086400000|100%| S|CS|TAMS 0x0000000086300000, 0x0000000086300000| Complete 
|  54|0x0000000086400000, 0x0000000086400000, 0x0000000086500000|  0%| F|  |TAMS 0x0000000086400000, 0x0000000086400000| Untracked 
|  55|0x0000000086500000, 0x0000000086500000, 0x0000000086600000|  0%| F|  |TAMS 0x0000000086500000, 0x0000000086500000| Untracked 
|  56|0x0000000086600000, 0x0000000086600000, 0x0000000086700000|  0%| F|  |TAMS 0x0000000086600000, 0x0000000086600000| Untracked 
|  57|0x0000000086700000, 0x0000000086700000, 0x0000000086800000|  0%| F|  |TAMS 0x0000000086700000, 0x0000000086700000| Untracked 
|  58|0x0000000086800000, 0x0000000086800000, 0x0000000086900000|  0%| F|  |TAMS 0x0000000086800000, 0x0000000086800000| Untracked 
|  59|0x0000000086900000, 0x0000000086900000, 0x0000000086a00000|  0%| F|  |TAMS 0x0000000086900000, 0x0000000086900000| Untracked 
|  60|0x0000000086a00000, 0x0000000086a00000, 0x0000000086b00000|  0%| F|  |TAMS 0x0000000086a00000, 0x0000000086a00000| Untracked 
|  61|0x0000000086b00000, 0x0000000086b00000, 0x0000000086c00000|  0%| F|  |TAMS 0x0000000086b00000, 0x0000000086b00000| Untracked 
|  62|0x0000000086c00000, 0x0000000086c00000, 0x0000000086d00000|  0%| F|  |TAMS 0x0000000086c00000, 0x0000000086c00000| Untracked 
|  63|0x0000000086d00000, 0x0000000086d00000, 0x0000000086e00000|  0%| F|  |TAMS 0x0000000086d00000, 0x0000000086d00000| Untracked 
|  64|0x0000000086e00000, 0x0000000086e00000, 0x0000000086f00000|  0%| F|  |TAMS 0x0000000086e00000, 0x0000000086e00000| Untracked 
|  65|0x0000000086f00000, 0x0000000086f00000, 0x0000000087000000|  0%| F|  |TAMS 0x0000000086f00000, 0x0000000086f00000| Untracked 
|  66|0x0000000087000000, 0x0000000087000000, 0x0000000087100000|  0%| F|  |TAMS 0x0000000087000000, 0x0000000087000000| Untracked 
|  67|0x0000000087100000, 0x0000000087100000, 0x0000000087200000|  0%| F|  |TAMS 0x0000000087100000, 0x0000000087100000| Untracked 
|  68|0x0000000087200000, 0x0000000087200000, 0x0000000087300000|  0%| F|  |TAMS 0x0000000087200000, 0x0000000087200000| Untracked 
|  69|0x0000000087300000, 0x0000000087300000, 0x0000000087400000|  0%| F|  |TAMS 0x0000000087300000, 0x0000000087300000| Untracked 
|  70|0x0000000087400000, 0x0000000087400000, 0x0000000087500000|  0%| F|  |TAMS 0x0000000087400000, 0x0000000087400000| Untracked 
|  71|0x0000000087500000, 0x0000000087500000, 0x0000000087600000|  0%| F|  |TAMS 0x0000000087500000, 0x0000000087500000| Untracked 
|  72|0x0000000087600000, 0x0000000087600000, 0x0000000087700000|  0%| F|  |TAMS 0x0000000087600000, 0x0000000087600000| Untracked 
|  73|0x0000000087700000, 0x0000000087700000, 0x0000000087800000|  0%| F|  |TAMS 0x0000000087700000, 0x0000000087700000| Untracked 
|  74|0x0000000087800000, 0x0000000087800000, 0x0000000087900000|  0%| F|  |TAMS 0x0000000087800000, 0x0000000087800000| Untracked 
|  75|0x0000000087900000, 0x0000000087900000, 0x0000000087a00000|  0%| F|  |TAMS 0x0000000087900000, 0x0000000087900000| Untracked 
|  76|0x0000000087a00000, 0x0000000087a00000, 0x0000000087b00000|  0%| F|  |TAMS 0x0000000087a00000, 0x0000000087a00000| Untracked 
|  77|0x0000000087b00000, 0x0000000087b00000, 0x0000000087c00000|  0%| F|  |TAMS 0x0000000087b00000, 0x0000000087b00000| Untracked 
|  78|0x0000000087c00000, 0x0000000087c00000, 0x0000000087d00000|  0%| F|  |TAMS 0x0000000087c00000, 0x0000000087c00000| Untracked 
|  79|0x0000000087d00000, 0x0000000087d00000, 0x0000000087e00000|  0%| F|  |TAMS 0x0000000087d00000, 0x0000000087d00000| Untracked 
|  80|0x0000000087e00000, 0x0000000087e00000, 0x0000000087f00000|  0%| F|  |TAMS 0x0000000087e00000, 0x0000000087e00000| Untracked 
|  81|0x0000000087f00000, 0x0000000087f00000, 0x0000000088000000|  0%| F|  |TAMS 0x0000000087f00000, 0x0000000087f00000| Untracked 
|  82|0x0000000088000000, 0x0000000088000000, 0x0000000088100000|  0%| F|  |TAMS 0x0000000088000000, 0x0000000088000000| Untracked 
|  83|0x0000000088100000, 0x0000000088100000, 0x0000000088200000|  0%| F|  |TAMS 0x0000000088100000, 0x0000000088100000| Untracked 
|  84|0x0000000088200000, 0x0000000088200000, 0x0000000088300000|  0%| F|  |TAMS 0x0000000088200000, 0x0000000088200000| Untracked 
|  85|0x0000000088300000, 0x00000000883788f0, 0x0000000088400000| 47%| E|  |TAMS 0x0000000088300000, 0x0000000088300000| Complete 
|  86|0x0000000088400000, 0x0000000088500000, 0x0000000088500000|100%| E|CS|TAMS 0x0000000088400000, 0x0000000088400000| Complete 
|  87|0x0000000088500000, 0x0000000088600000, 0x0000000088600000|100%| E|CS|TAMS 0x0000000088500000, 0x0000000088500000| Complete 
|  88|0x0000000088600000, 0x0000000088700000, 0x0000000088700000|100%| E|CS|TAMS 0x0000000088600000, 0x0000000088600000| Complete 
|  89|0x0000000088700000, 0x0000000088800000, 0x0000000088800000|100%| E|CS|TAMS 0x0000000088700000, 0x0000000088700000| Complete 
|  90|0x0000000088800000, 0x0000000088900000, 0x0000000088900000|100%| E|CS|TAMS 0x0000000088800000, 0x0000000088800000| Complete 
|  91|0x0000000088900000, 0x0000000088a00000, 0x0000000088a00000|100%| E|CS|TAMS 0x0000000088900000, 0x0000000088900000| Complete 
|  92|0x0000000088a00000, 0x0000000088b00000, 0x0000000088b00000|100%| E|CS|TAMS 0x0000000088a00000, 0x0000000088a00000| Complete 
|  93|0x0000000088b00000, 0x0000000088c00000, 0x0000000088c00000|100%| E|CS|TAMS 0x0000000088b00000, 0x0000000088b00000| Complete 
|  94|0x0000000088c00000, 0x0000000088d00000, 0x0000000088d00000|100%| E|CS|TAMS 0x0000000088c00000, 0x0000000088c00000| Complete 
|  95|0x0000000088d00000, 0x0000000088e00000, 0x0000000088e00000|100%| E|CS|TAMS 0x0000000088d00000, 0x0000000088d00000| Complete 
|  96|0x0000000088e00000, 0x0000000088f00000, 0x0000000088f00000|100%| E|CS|TAMS 0x0000000088e00000, 0x0000000088e00000| Complete 
|  97|0x0000000088f00000, 0x0000000089000000, 0x0000000089000000|100%| E|CS|TAMS 0x0000000088f00000, 0x0000000088f00000| Complete 
|  98|0x0000000089000000, 0x0000000089100000, 0x0000000089100000|100%| E|CS|TAMS 0x0000000089000000, 0x0000000089000000| Complete 
|  99|0x0000000089100000, 0x0000000089200000, 0x0000000089200000|100%| E|CS|TAMS 0x0000000089100000, 0x0000000089100000| Complete 
| 100|0x0000000089200000, 0x0000000089300000, 0x0000000089300000|100%| E|CS|TAMS 0x0000000089200000, 0x0000000089200000| Complete 
| 101|0x0000000089300000, 0x0000000089400000, 0x0000000089400000|100%| E|CS|TAMS 0x0000000089300000, 0x0000000089300000| Complete 
| 102|0x0000000089400000, 0x0000000089500000, 0x0000000089500000|100%| E|CS|TAMS 0x0000000089400000, 0x0000000089400000| Complete 
| 103|0x0000000089500000, 0x0000000089600000, 0x0000000089600000|100%| E|CS|TAMS 0x0000000089500000, 0x0000000089500000| Complete 
| 104|0x0000000089600000, 0x0000000089700000, 0x0000000089700000|100%| E|CS|TAMS 0x0000000089600000, 0x0000000089600000| Complete 
| 105|0x0000000089700000, 0x0000000089800000, 0x0000000089800000|100%| E|CS|TAMS 0x0000000089700000, 0x0000000089700000| Complete 
| 106|0x0000000089800000, 0x0000000089900000, 0x0000000089900000|100%| E|CS|TAMS 0x0000000089800000, 0x0000000089800000| Complete 
| 107|0x0000000089900000, 0x0000000089a00000, 0x0000000089a00000|100%| E|CS|TAMS 0x0000000089900000, 0x0000000089900000| Complete 
| 108|0x0000000089a00000, 0x0000000089b00000, 0x0000000089b00000|100%| E|CS|TAMS 0x0000000089a00000, 0x0000000089a00000| Complete 
| 109|0x0000000089b00000, 0x0000000089c00000, 0x0000000089c00000|100%| E|CS|TAMS 0x0000000089b00000, 0x0000000089b00000| Complete 
| 110|0x0000000089c00000, 0x0000000089d00000, 0x0000000089d00000|100%| E|CS|TAMS 0x0000000089c00000, 0x0000000089c00000| Complete 
| 111|0x0000000089d00000, 0x0000000089e00000, 0x0000000089e00000|100%| E|CS|TAMS 0x0000000089d00000, 0x0000000089d00000| Complete 
| 112|0x0000000089e00000, 0x0000000089f00000, 0x0000000089f00000|100%| E|CS|TAMS 0x0000000089e00000, 0x0000000089e00000| Complete 
| 113|0x0000000089f00000, 0x000000008a000000, 0x000000008a000000|100%| E|CS|TAMS 0x0000000089f00000, 0x0000000089f00000| Complete 
| 114|0x000000008a000000, 0x000000008a100000, 0x000000008a100000|100%| E|CS|TAMS 0x000000008a000000, 0x000000008a000000| Complete 
| 115|0x000000008a100000, 0x000000008a200000, 0x000000008a200000|100%| E|CS|TAMS 0x000000008a100000, 0x000000008a100000| Complete 
| 116|0x000000008a200000, 0x000000008a300000, 0x000000008a300000|100%| E|CS|TAMS 0x000000008a200000, 0x000000008a200000| Complete 
| 117|0x000000008a300000, 0x000000008a400000, 0x000000008a400000|100%| E|CS|TAMS 0x000000008a300000, 0x000000008a300000| Complete 
| 118|0x000000008a400000, 0x000000008a500000, 0x000000008a500000|100%| E|CS|TAMS 0x000000008a400000, 0x000000008a400000| Complete 
| 119|0x000000008a500000, 0x000000008a600000, 0x000000008a600000|100%| E|CS|TAMS 0x000000008a500000, 0x000000008a500000| Complete 
| 120|0x000000008a600000, 0x000000008a700000, 0x000000008a700000|100%| E|CS|TAMS 0x000000008a600000, 0x000000008a600000| Complete 
| 121|0x000000008a700000, 0x000000008a800000, 0x000000008a800000|100%| E|CS|TAMS 0x000000008a700000, 0x000000008a700000| Complete 
| 122|0x000000008a800000, 0x000000008a900000, 0x000000008a900000|100%| E|CS|TAMS 0x000000008a800000, 0x000000008a800000| Complete 
| 123|0x000000008a900000, 0x000000008aa00000, 0x000000008aa00000|100%| E|CS|TAMS 0x000000008a900000, 0x000000008a900000| Complete 
| 124|0x000000008aa00000, 0x000000008ab00000, 0x000000008ab00000|100%| E|CS|TAMS 0x000000008aa00000, 0x000000008aa00000| Complete 
| 125|0x000000008ab00000, 0x000000008ac00000, 0x000000008ac00000|100%| E|CS|TAMS 0x000000008ab00000, 0x000000008ab00000| Complete 
| 126|0x000000008ac00000, 0x000000008ad00000, 0x000000008ad00000|100%| E|CS|TAMS 0x000000008ac00000, 0x000000008ac00000| Complete 
| 127|0x000000008ad00000, 0x000000008ae00000, 0x000000008ae00000|100%| E|CS|TAMS 0x000000008ad00000, 0x000000008ad00000| Complete 
| 128|0x000000008ae00000, 0x000000008af00000, 0x000000008af00000|100%| E|  |TAMS 0x000000008ae00000, 0x000000008ae00000| Complete 
| 129|0x000000008af00000, 0x000000008b000000, 0x000000008b000000|100%| E|CS|TAMS 0x000000008af00000, 0x000000008af00000| Complete 
| 130|0x000000008b000000, 0x000000008b100000, 0x000000008b100000|100%| E|CS|TAMS 0x000000008b000000, 0x000000008b000000| Complete 
| 131|0x000000008b100000, 0x000000008b200000, 0x000000008b200000|100%| E|CS|TAMS 0x000000008b100000, 0x000000008b100000| Complete 
| 132|0x000000008b200000, 0x000000008b300000, 0x000000008b300000|100%| E|CS|TAMS 0x000000008b200000, 0x000000008b200000| Complete 
| 133|0x000000008b300000, 0x000000008b400000, 0x000000008b400000|100%| E|CS|TAMS 0x000000008b300000, 0x000000008b300000| Complete 
| 134|0x000000008b400000, 0x000000008b500000, 0x000000008b500000|100%| E|CS|TAMS 0x000000008b400000, 0x000000008b400000| Complete 
| 135|0x000000008b500000, 0x000000008b600000, 0x000000008b600000|100%| E|CS|TAMS 0x000000008b500000, 0x000000008b500000| Complete 
| 136|0x000000008b600000, 0x000000008b700000, 0x000000008b700000|100%| E|CS|TAMS 0x000000008b600000, 0x000000008b600000| Complete 
| 137|0x000000008b700000, 0x000000008b800000, 0x000000008b800000|100%| E|CS|TAMS 0x000000008b700000, 0x000000008b700000| Complete 
| 138|0x000000008b800000, 0x000000008b900000, 0x000000008b900000|100%| E|CS|TAMS 0x000000008b800000, 0x000000008b800000| Complete 
| 139|0x000000008b900000, 0x000000008ba00000, 0x000000008ba00000|100%| E|CS|TAMS 0x000000008b900000, 0x000000008b900000| Complete 
| 140|0x000000008ba00000, 0x000000008bb00000, 0x000000008bb00000|100%| E|CS|TAMS 0x000000008ba00000, 0x000000008ba00000| Complete 
| 141|0x000000008bb00000, 0x000000008bc00000, 0x000000008bc00000|100%| E|CS|TAMS 0x000000008bb00000, 0x000000008bb00000| Complete 
| 142|0x000000008bc00000, 0x000000008bd00000, 0x000000008bd00000|100%| E|CS|TAMS 0x000000008bc00000, 0x000000008bc00000| Complete 
| 143|0x000000008bd00000, 0x000000008be00000, 0x000000008be00000|100%| E|CS|TAMS 0x000000008bd00000, 0x000000008bd00000| Complete 
| 144|0x000000008be00000, 0x000000008bf00000, 0x000000008bf00000|100%| E|CS|TAMS 0x000000008be00000, 0x000000008be00000| Complete 
| 145|0x000000008bf00000, 0x000000008c000000, 0x000000008c000000|100%| E|CS|TAMS 0x000000008bf00000, 0x000000008bf00000| Complete 
| 146|0x000000008c000000, 0x000000008c100000, 0x000000008c100000|100%| E|CS|TAMS 0x000000008c000000, 0x000000008c000000| Complete 
| 147|0x000000008c100000, 0x000000008c200000, 0x000000008c200000|100%| E|CS|TAMS 0x000000008c100000, 0x000000008c100000| Complete 
| 148|0x000000008c200000, 0x000000008c300000, 0x000000008c300000|100%| E|CS|TAMS 0x000000008c200000, 0x000000008c200000| Complete 
| 149|0x000000008c300000, 0x000000008c400000, 0x000000008c400000|100%| E|CS|TAMS 0x000000008c300000, 0x000000008c300000| Complete 
| 150|0x000000008c400000, 0x000000008c500000, 0x000000008c500000|100%| E|CS|TAMS 0x000000008c400000, 0x000000008c400000| Complete 
| 151|0x000000008c500000, 0x000000008c600000, 0x000000008c600000|100%| E|CS|TAMS 0x000000008c500000, 0x000000008c500000| Complete 

Card table byte_map: [0x0000029f3b0b0000,0x0000029f3b4a0000] _byte_map_base: 0x0000029f3ac99000

Marking Bits (Prev, Next): (CMBitMap*) 0x0000029f2432bcd8, (CMBitMap*) 0x0000029f2432bd10
 Prev Bits: [0x0000029f3b890000, 0x0000029f3d7d8000)
 Next Bits: [0x0000029f3d7e0000, 0x0000029f3f728000)

Polling page: 0x0000029f22200000

Metaspace:

Usage:
  Non-class:     40.51 MB capacity,    39.63 MB ( 98%) used,   730.93 KB (  2%) free+waste,   169.56 KB ( <1%) overhead. 
      Class:      6.18 MB capacity,     5.57 MB ( 90%) used,   538.35 KB (  9%) free+waste,    86.00 KB (  1%) overhead. 
       Both:     46.69 MB capacity,    45.21 MB ( 97%) used,     1.24 MB (  3%) free+waste,   255.56 KB ( <1%) overhead. 

Virtual space:
  Non-class space:       42.00 MB reserved,      40.58 MB ( 97%) committed 
      Class space:        1.00 GB reserved,       6.25 MB ( <1%) committed 
             Both:        1.04 GB reserved,      46.83 MB (  4%) committed 

Chunk freelists:
   Non-Class:  768 bytes
       Class:  384 bytes
        Both:  1.13 KB

CodeHeap 'non-profiled nmethods': size=238336Kb used=7454Kb max_used=7454Kb free=230881Kb
 bounds [0x0000029f2c0d0000, 0x0000029f2c820000, 0x0000029f3a990000]
CodeHeap 'non-nmethods': size=7424Kb used=1264Kb max_used=1264Kb free=6159Kb
 bounds [0x0000029f2b990000, 0x0000029f2bc00000, 0x0000029f2c0d0000]
 total_blobs=5418 nmethods=4760 adapters=584
 compilation: enabled
              stopped_count=0, restarted_count=0
 full_count=0

Compilation events (10 events):
Event: 3.349 Thread 0x0000029f42a81000 4756       1       java.io.ObjectStreamField::getField (5 bytes)
Event: 3.349 Thread 0x0000029f42a81000 nmethod 4756 0x0000029f2c815410 code [0x0000029f2c8155a0, 0x0000029f2c815658]
Event: 3.355 Thread 0x0000029f42a81000 4757   !   1       org.springframework.core.SimpleAliasRegistry::getAliases (38 bytes)
Event: 3.356 Thread 0x0000029f42a81000 nmethod 4757 0x0000029f2c815710 code [0x0000029f2c8158e0, 0x0000029f2c815e78]
Event: 3.356 Thread 0x0000029f42a81000 4758       1       org.springframework.context.support.LiveBeansView::getEscapedResourceDescription (105 bytes)
Event: 3.357 Thread 0x0000029f42a81000 nmethod 4758 0x0000029f2c816090 code [0x0000029f2c8162c0, 0x0000029f2c8167f8]
Event: 3.357 Thread 0x0000029f42a81000 4759       1       org.springframework.context.support.LiveBeansView::appendArray (50 bytes)
Event: 3.357 Thread 0x0000029f42a81000 nmethod 4759 0x0000029f2c816b90 code [0x0000029f2c816d60, 0x0000029f2c816f38]
Event: 3.361 Thread 0x0000029f42a81000 4760   !   1       java.util.ArrayList$Itr::remove (68 bytes)
Event: 3.362 Thread 0x0000029f42a81000 nmethod 4760 0x0000029f2c817110 code [0x0000029f2c817300, 0x0000029f2c817668]

GC Heap History (10 events):
Event: 0.859 GC heap before
{Heap before GC invocations=2 (full 0):
 garbage-first heap   total 129024K, used 27367K [0x0000000082e00000, 0x0000000100000000)
  region size 1024K, 21 young (21504K), 1 survivors (1024K)
 Metaspace       used 20613K, capacity 21128K, committed 21296K, reserved 1069056K
  class space    used 2376K, capacity 2609K, committed 2688K, reserved 1048576K
}
Event: 0.861 GC heap after
{Heap after GC invocations=3 (full 0):
 garbage-first heap   total 129024K, used 8581K [0x0000000082e00000, 0x0000000100000000)
  region size 1024K, 2 young (2048K), 2 survivors (2048K)
 Metaspace       used 20613K, capacity 21128K, committed 21296K, reserved 1069056K
  class space    used 2376K, capacity 2609K, committed 2688K, reserved 1048576K
}
Event: 1.227 GC heap before
{Heap before GC invocations=4 (full 0):
 garbage-first heap   total 129024K, used 57733K [0x0000000082e00000, 0x0000000100000000)
  region size 1024K, 50 young (51200K), 2 survivors (2048K)
 Metaspace       used 24937K, capacity 25771K, committed 26032K, reserved 1073152K
  class space    used 2991K, capacity 3306K, committed 3328K, reserved 1048576K
}
Event: 1.229 GC heap after
{Heap after GC invocations=5 (full 0):
 garbage-first heap   total 129024K, used 10751K [0x0000000082e00000, 0x0000000100000000)
  region size 1024K, 4 young (4096K), 4 survivors (4096K)
 Metaspace       used 24937K, capacity 25771K, committed 26032K, reserved 1073152K
  class space    used 2991K, capacity 3306K, committed 3328K, reserved 1048576K
}
Event: 1.593 GC heap before
{Heap before GC invocations=5 (full 0):
 garbage-first heap   total 129024K, used 70143K [0x0000000082e00000, 0x0000000100000000)
  region size 1024K, 62 young (63488K), 4 survivors (4096K)
 Metaspace       used 31397K, capacity 32482K, committed 32688K, reserved 1077248K
  class space    used 3873K, capacity 4327K, committed 4352K, reserved 1048576K
}
Event: 1.597 GC heap after
{Heap after GC invocations=6 (full 0):
 garbage-first heap   total 129024K, used 14304K [0x0000000082e00000, 0x0000000100000000)
  region size 1024K, 8 young (8192K), 8 survivors (8192K)
 Metaspace       used 31397K, capacity 32482K, committed 32688K, reserved 1077248K
  class space    used 3873K, capacity 4327K, committed 4352K, reserved 1048576K
}
Event: 2.034 GC heap before
{Heap before GC invocations=6 (full 0):
 garbage-first heap   total 129024K, used 41952K [0x0000000082e00000, 0x0000000100000000)
  region size 1024K, 36 young (36864K), 8 survivors (8192K)
 Metaspace       used 34602K, capacity 35773K, committed 35920K, reserved 1081344K
  class space    used 4292K, capacity 4787K, committed 4864K, reserved 1048576K
}
Event: 2.041 GC heap after
{Heap after GC invocations=7 (full 0):
 garbage-first heap   total 129024K, used 16734K [0x0000000082e00000, 0x0000000100000000)
  region size 1024K, 7 young (7168K), 7 survivors (7168K)
 Metaspace       used 34602K, capacity 35773K, committed 35920K, reserved 1081344K
  class space    used 4292K, capacity 4787K, committed 4864K, reserved 1048576K
}
Event: 2.861 GC heap before
{Heap before GC invocations=8 (full 0):
 garbage-first heap   total 129024K, used 83294K [0x0000000082e00000, 0x0000000100000000)
  region size 1024K, 72 young (73728K), 7 survivors (7168K)
 Metaspace       used 41375K, capacity 42699K, committed 42960K, reserved 1087488K
  class space    used 5147K, capacity 5699K, committed 5760K, reserved 1048576K
}
Event: 2.866 GC heap after
{Heap after GC invocations=9 (full 0):
 garbage-first heap   total 155648K, used 20293K [0x0000000082e00000, 0x0000000100000000)
  region size 1024K, 7 young (7168K), 7 survivors (7168K)
 Metaspace       used 41375K, capacity 42699K, committed 42960K, reserved 1087488K
  class space    used 5147K, capacity 5699K, committed 5760K, reserved 1048576K
}

Deoptimization events (0 events):
No events

Classes redefined (0 events):
No events

Internal exceptions (10 events):
Event: 2.696 Thread 0x0000029f42baf800 Exception <a 'java/lang/ClassNotFoundException'{0x000000008789fcc8}: org/springframework/web/context/ServletContextAwareCustomizer> (0x000000008789fcc8) thrown at [./open/src/hotspot/share/classfile/systemDictionary.cpp, line 226]
Event: 2.697 Thread 0x0000029f42baf800 Exception <a 'java/lang/ClassNotFoundException'{0x00000000878b0fb8}: org/springframework/beans/factory/AwareCustomizer> (0x00000000878b0fb8) thrown at [./open/src/hotspot/share/classfile/systemDictionary.cpp, line 226]
Event: 2.712 Thread 0x0000029f42baf800 Exception <a 'java/lang/NoSuchMethodError'{0x00000000876a97f0}: java.lang.invoke.DirectMethodHandle$Holder.invokeVirtual(Ljava/lang/Object;Ljava/lang/Object;I)V> (0x00000000876a97f0) thrown at [./open/src/hotspot/share/interpreter/linkResolver.cpp, line 7
Event: 2.713 Thread 0x0000029f42baf800 Exception <a 'java/lang/NoSuchMethodError'{0x00000000876c33a0}: java.lang.invoke.DirectMethodHandle$Holder.invokeVirtual(Ljava/lang/Object;Ljava/lang/Object;J)V> (0x00000000876c33a0) thrown at [./open/src/hotspot/share/interpreter/linkResolver.cpp, line 7
Event: 2.774 Thread 0x0000029f42baf800 Exception <a 'java/lang/NoSuchMethodError'{0x000000008708dbc0}: java.lang.invoke.DirectMethodHandle$Holder.invokeInterface(Ljava/lang/Object;Ljava/lang/Object;Ljava/lang/Object;)Ljava/lang/Object;> (0x000000008708dbc0) thrown at [./open/src/hotspot/share/
Event: 2.774 Thread 0x0000029f42baf800 Exception <a 'java/lang/IncompatibleClassChangeError'{0x0000000087090b48}: Found class java.lang.Object, but interface was expected> (0x0000000087090b48) thrown at [./open/src/hotspot/share/interpreter/linkResolver.cpp, line 838]
Event: 2.790 Thread 0x0000029f42baf800 Exception <a 'java/lang/NoSuchMethodError'{0x0000000086fdbc38}: java.lang.invoke.DirectMethodHandle$Holder.invokeStaticInit(Ljava/lang/Object;Ljava/lang/Object;Ljava/lang/Object;Ljava/lang/Object;)I> (0x0000000086fdbc38) thrown at [./open/src/hotspot/shar
Event: 3.136 Thread 0x0000029f44ba8800 Exception <a 'java/lang/ClassNotFoundException'{0x000000008ace39c0}: sun/awt/resources/spi/awtProvider> (0x000000008ace39c0) thrown at [./open/src/hotspot/share/classfile/systemDictionary.cpp, line 226]
Event: 3.145 Thread 0x0000029f44ba8800 Exception <a 'java/io/FileNotFoundException'{0x000000008ab2b770}> (0x000000008ab2b770) thrown at [./open/src/hotspot/share/prims/jni.cpp, line 611]
Event: 3.146 Thread 0x0000029f44ba8800 Exception <a 'java/io/FileNotFoundException'{0x000000008ab2f988}> (0x000000008ab2f988) thrown at [./open/src/hotspot/share/prims/jni.cpp, line 611]

Events (10 events):
Event: 3.349 loading class javax/management/remote/rmi/RMIConnector$Util done
Event: 3.352 Executing VM operation: RevokeBias
Event: 3.352 Executing VM operation: RevokeBias done
Event: 3.352 Executing VM operation: RevokeBias
Event: 3.352 Executing VM operation: RevokeBias done
Event: 3.353 Executing VM operation: RevokeBias
Event: 3.353 Executing VM operation: RevokeBias done
Event: 3.361 Executing VM operation: RevokeBias
Event: 3.361 Executing VM operation: RevokeBias done
Event: 3.361 Thread 0x0000029f5c90b800 Thread exited: 0x0000029f5c90b800


Dynamic libraries:
0x00007ff635ea0000 - 0x00007ff635eaf000 	D:\Program Files\Java\jdk-11.0.15\bin\java.exe
0x00007ff9742d0000 - 0x00007ff9744c8000 	C:\Windows\SYSTEM32\ntdll.dll
0x00007ff973e90000 - 0x00007ff973f4f000 	C:\Windows\System32\KERNEL32.DLL
0x00007ff971c80000 - 0x00007ff971f52000 	C:\Windows\System32\KERNELBASE.dll
0x00007ff9691d0000 - 0x00007ff9691e8000 	D:\Program Files\Java\jdk-11.0.15\bin\jli.dll
0x00007ff971a80000 - 0x00007ff971b80000 	C:\Windows\System32\ucrtbase.dll
0x00007ff972530000 - 0x00007ff9725de000 	C:\Windows\System32\ADVAPI32.dll
0x00007ff972330000 - 0x00007ff9723ce000 	C:\Windows\System32\msvcrt.dll
0x00007ff973ce0000 - 0x00007ff973d7c000 	C:\Windows\System32\sechost.dll
0x00007ff9735d0000 - 0x00007ff9736f5000 	C:\Windows\System32\RPCRT4.dll
0x00007ff973ad0000 - 0x00007ff973c6d000 	C:\Windows\System32\USER32.dll
0x00007ff971b80000 - 0x00007ff971ba2000 	C:\Windows\System32\win32u.dll
0x00007ff973d80000 - 0x00007ff973dab000 	C:\Windows\System32\GDI32.dll
0x00007ff971fb0000 - 0x00007ff9720bf000 	C:\Windows\System32\gdi32full.dll
0x00007ff971bb0000 - 0x00007ff971c4d000 	C:\Windows\System32\msvcp_win.dll
0x00007ff955600000 - 0x00007ff95589a000 	C:\Windows\WinSxS\amd64_microsoft.windows.common-controls_6595b64144ccf1df_6.0.19041.1110_none_60b5254171f9507e\COMCTL32.dll
0x00007ff96b680000 - 0x00007ff96b68a000 	C:\Windows\SYSTEM32\VERSION.dll
0x00007ff967d60000 - 0x00007ff967d75000 	D:\Program Files\Java\jdk-11.0.15\bin\VCRUNTIME140.dll
0x00007ff9723d0000 - 0x00007ff972402000 	C:\Windows\System32\IMM32.DLL
0x00007ff964c90000 - 0x00007ff964d2b000 	D:\Program Files\Java\jdk-11.0.15\bin\msvcp140.dll
0x00007ff9299a0000 - 0x00007ff92a4b6000 	D:\Program Files\Java\jdk-11.0.15\bin\server\jvm.dll
0x00007ff973cd0000 - 0x00007ff973cd8000 	C:\Windows\System32\PSAPI.DLL
0x00007ff958a20000 - 0x00007ff958a47000 	C:\Windows\SYSTEM32\WINMM.dll
0x00007ff948910000 - 0x00007ff948919000 	C:\Windows\SYSTEM32\WSOCK32.dll
0x00007ff973a60000 - 0x00007ff973acb000 	C:\Windows\System32\WS2_32.dll
0x00007ff96f8b0000 - 0x00007ff96f8c2000 	C:\Windows\SYSTEM32\kernel.appcore.dll
0x00007ff9691c0000 - 0x00007ff9691d0000 	D:\Program Files\Java\jdk-11.0.15\bin\verify.dll
0x00007ff9676c0000 - 0x00007ff9678a4000 	C:\Windows\SYSTEM32\DBGHELP.DLL
0x00007ff959140000 - 0x00007ff95916c000 	C:\Windows\SYSTEM32\dbgcore.DLL
0x00007ff972130000 - 0x00007ff9721b2000 	C:\Windows\System32\bcryptPrimitives.dll
0x00007ff964de0000 - 0x00007ff964e08000 	D:\Program Files\Java\jdk-11.0.15\bin\java.dll
0x00007ff967b60000 - 0x00007ff967b6a000 	D:\Program Files\Java\jdk-11.0.15\bin\jimage.dll
0x00007ff96d690000 - 0x00007ff96d69e000 	D:\Program Files\Java\jdk-11.0.15\bin\instrument.dll
0x00007ff964dc0000 - 0x00007ff964dd6000 	D:\Program Files\Java\jdk-11.0.15\bin\zip.dll
0x00007ff972740000 - 0x00007ff972e83000 	C:\Windows\System32\SHELL32.dll
0x00007ff96fab0000 - 0x00007ff970242000 	C:\Windows\SYSTEM32\windows.storage.dll
0x00007ff973700000 - 0x00007ff973a54000 	C:\Windows\System32\combase.dll
0x00007ff971430000 - 0x00007ff971460000 	C:\Windows\SYSTEM32\Wldp.dll
0x00007ff974160000 - 0x00007ff97420d000 	C:\Windows\System32\SHCORE.dll
0x00007ff972e90000 - 0x00007ff972ee5000 	C:\Windows\System32\shlwapi.dll
0x00007ff971910000 - 0x00007ff97192f000 	C:\Windows\SYSTEM32\profapi.dll
0x00007ff964da0000 - 0x00007ff964db9000 	D:\Program Files\Java\jdk-11.0.15\bin\net.dll
0x00007ff9652a0000 - 0x00007ff9653ac000 	C:\Windows\SYSTEM32\WINHTTP.dll
0x00007ff971190000 - 0x00007ff9711fa000 	C:\Windows\system32\mswsock.dll
0x00007ff964c70000 - 0x00007ff964c82000 	D:\Program Files\Java\jdk-11.0.15\bin\nio.dll
0x00007ff9644a0000 - 0x00007ff9644ba000 	D:\Program Files\JetBrains\IntelliJ IDEA 2022.2.1\bin\breakgen64.dll
0x00007ff970e70000 - 0x00007ff970f3a000 	C:\Windows\SYSTEM32\DNSAPI.dll
0x00007ff970e30000 - 0x00007ff970e6b000 	C:\Windows\SYSTEM32\IPHLPAPI.DLL
0x00007ff9733c0000 - 0x00007ff9733c8000 	C:\Windows\System32\NSI.dll
0x00007ff969340000 - 0x00007ff96934a000 	C:\Windows\System32\rasadhlp.dll
0x00007ff965220000 - 0x00007ff9652a0000 	C:\Windows\System32\fwpuclnt.dll
0x00007ff971c50000 - 0x00007ff971c77000 	C:\Windows\System32\bcrypt.dll
0x00007ff96d410000 - 0x00007ff96d419000 	D:\Program Files\Java\jdk-11.0.15\bin\management.dll
0x00007ff967b20000 - 0x00007ff967b2b000 	D:\Program Files\Java\jdk-11.0.15\bin\management_ext.dll
0x00007ff971380000 - 0x00007ff971398000 	C:\Windows\SYSTEM32\CRYPTSP.dll
0x00007ff970a40000 - 0x00007ff970a74000 	C:\Windows\system32\rsaenh.dll
0x00007ff9718d0000 - 0x00007ff9718fe000 	C:\Windows\SYSTEM32\USERENV.dll
0x00007ff9713a0000 - 0x00007ff9713ac000 	C:\Windows\SYSTEM32\CRYPTBASE.dll
0x00007ff96a020000 - 0x00007ff96a037000 	C:\Windows\SYSTEM32\dhcpcsvc6.DLL
0x00007ff96a000000 - 0x00007ff96a01d000 	C:\Windows\SYSTEM32\dhcpcsvc.DLL
0x00007ff950180000 - 0x00007ff950197000 	C:\Windows\system32\napinsp.dll
0x00007ff950160000 - 0x00007ff95017b000 	C:\Windows\system32\pnrpnsp.dll
0x00007ff96bac0000 - 0x00007ff96bad5000 	C:\Windows\system32\wshbth.dll
0x00007ff96d3e0000 - 0x00007ff96d3fd000 	C:\Windows\system32\NLAapi.dll
0x00007ff950040000 - 0x00007ff950052000 	C:\Windows\System32\winrnr.dll
0x00007ff963b40000 - 0x00007ff963b65000 	D:\Program Files\JetBrains\ArcSoft_ArcFace_Java_Windows_x64_V3.0\libs\WIN64\libarcsoft_face_engine_jni.dll
0x00007ff954600000 - 0x00007ff95467f000 	D:\Program Files\JetBrains\ArcSoft_ArcFace_Java_Windows_x64_V3.0\libs\WIN64\libarcsoft_face_engine.dll
0x00007ff973f50000 - 0x00007ff973fa6000 	C:\Windows\System32\WLDAP32.dll
0x00007ff9404d0000 - 0x00007ff940576000 	C:\Windows\SYSTEM32\MSVCP120.dll
0x00007ff93f100000 - 0x00007ff93f1ef000 	C:\Windows\SYSTEM32\MSVCR120.dll
0x00007ff90cbe0000 - 0x00007ff90fa1d000 	D:\Program Files\JetBrains\ArcSoft_ArcFace_Java_Windows_x64_V3.0\libs\WIN64\libarcsoft_face.dll
0x00007ff966cd0000 - 0x00007ff966cdd000 	D:\Program Files\Java\jdk-11.0.15\bin\sunmscapi.dll
0x00007ff9721c0000 - 0x00007ff972316000 	C:\Windows\System32\CRYPT32.dll
0x00007ff9714a0000 - 0x00007ff9714c7000 	C:\Windows\SYSTEM32\ncrypt.dll
0x00007ff971460000 - 0x00007ff97149b000 	C:\Windows\SYSTEM32\NTASN1.dll
0x00007ff962bb0000 - 0x00007ff962bd5000 	D:\Program Files\Java\jdk-11.0.15\bin\sunec.dll
0x00007ff93ea40000 - 0x00007ff93ebda000 	D:\Program Files\Java\jdk-11.0.15\bin\awt.dll
0x00007ff9733d0000 - 0x00007ff97349d000 	C:\Windows\System32\OLEAUT32.dll
0x00007ff96f2a0000 - 0x00007ff96f331000 	C:\Windows\SYSTEM32\apphelp.dll
0x00007ff961e50000 - 0x00007ff961e91000 	D:\Program Files\Java\jdk-11.0.15\bin\lcms.dll
0x00007ff96f7a0000 - 0x00007ff96f7cf000 	C:\Windows\system32\DWMAPI.DLL
0x00007ff96f3e0000 - 0x00007ff96f47e000 	C:\Windows\system32\uxtheme.dll

dbghelp: loaded successfully - version: 4.0.5 - missing functions: none
symbol engine: initialized successfully - sym options: 0x614 - pdb path: .;D:\Program Files\Java\jdk-11.0.15\bin;C:\Windows\SYSTEM32;C:\Windows\WinSxS\amd64_microsoft.windows.common-controls_6595b64144ccf1df_6.0.19041.1110_none_60b5254171f9507e;D:\Program Files\Java\jdk-11.0.15\bin\server;D:\Program Files\JetBrains\IntelliJ IDEA 2022.2.1\bin;D:\Program Files\JetBrains\ArcSoft_ArcFace_Java_Windows_x64_V3.0\libs\WIN64

VM Arguments:
jvm_args: -Dfile.encoding=UTF-8 -XX:TieredStopAtLevel=1 -Xverify:none -Dspring.output.ansi.enabled=always -Dcom.sun.management.jmxremote -Dspring.jmx.enabled=true -Dspring.liveBeansView.mbeanDomain -Dspring.application.admin.enabled=true -javaagent:D:\Program Files\JetBrains\IntelliJ IDEA 2022.2.1\lib\idea_rt.jar=9211:D:\Program Files\JetBrains\IntelliJ IDEA 2022.2.1\bin -Dfile.encoding=UTF-8 
java_command: com.example.uploadtest.UploadtestApplication
java_class_path (initial): D:\JavaProject\uploadtest\target\classes;D:\Program Files\JetBrains\ArcSoft_ArcFace_Java_Windows_x64_V3.0\libs\arcsoft-sdk-face-3.0.0.0.jar;D:\Program Files\JetBrains\apache-maven-3.6.3\repository\org\springframework\boot\spring-boot-starter-web\2.3.7.RELEASE\spring-boot-starter-web-2.3.7.RELEASE.jar;D:\Program Files\JetBrains\apache-maven-3.6.3\repository\org\springframework\boot\spring-boot-starter\2.3.7.RELEASE\spring-boot-starter-2.3.7.RELEASE.jar;D:\Program Files\JetBrains\apache-maven-3.6.3\repository\org\springframework\boot\spring-boot-starter-logging\2.3.7.RELEASE\spring-boot-starter-logging-2.3.7.RELEASE.jar;D:\Program Files\JetBrains\apache-maven-3.6.3\repository\ch\qos\logback\logback-classic\1.2.3\logback-classic-1.2.3.jar;D:\Program Files\JetBrains\apache-maven-3.6.3\repository\ch\qos\logback\logback-core\1.2.3\logback-core-1.2.3.jar;D:\Program Files\JetBrains\apache-maven-3.6.3\repository\org\apache\logging\log4j\log4j-to-slf4j\2.13.3\log4j-to-slf4j-2.13.3.jar;D:\Program Files\JetBrains\apache-maven-3.6.3\repository\org\apache\logging\log4j\log4j-api\2.13.3\log4j-api-2.13.3.jar;D:\Program Files\JetBrains\apache-maven-3.6.3\repository\org\slf4j\jul-to-slf4j\1.7.30\jul-to-slf4j-1.7.30.jar;D:\Program Files\JetBrains\apache-maven-3.6.3\repository\jakarta\annotation\jakarta.annotation-api\1.3.5\jakarta.annotation-api-1.3.5.jar;D:\Program Files\JetBrains\apache-maven-3.6.3\repository\org\yaml\snakeyaml\1.26\snakeyaml-1.26.jar;D:\Program Files\JetBrains\apache-maven-3.6.3\repository\org\springframework\boot\spring-boot-starter-json\2.3.7.RELEASE\spring-boot-starter-json-2.3.7.RELEASE.jar;D:\Program Files\JetBrains\apache-maven-3.6.3\repository\com\fasterxml\jackson\core\jackson-databind\2.11.3\jackson-databind-2.11.3.jar;D:\Program Files\JetBrains\apache-maven-3.6.3\repository\com\fasterxml\jackson\core\jackson-core\2.11.3\jackson-core-2.11.3.jar;D:\Program Files\JetBrains\apache-maven-3.6.3\repository\com\fasterxml\jackson\datat
Launcher Type: SUN_STANDARD

[Global flags]
     bool BytecodeVerificationLocal                = false                                     {product} {command line}
     bool BytecodeVerificationRemote               = false                                     {product} {command line}
     intx CICompilerCount                          = 4                                         {product} {ergonomic}
     uint ConcGCThreads                            = 2                                         {product} {ergonomic}
     uint G1ConcRefinementThreads                  = 8                                         {product} {ergonomic}
   size_t G1HeapRegionSize                         = 1048576                                   {product} {ergonomic}
    uintx GCDrainStackTargetSize                   = 64                                        {product} {ergonomic}
   size_t InitialHeapSize                          = 132120576                                 {product} {ergonomic}
     bool ManagementServer                         = true                                      {product} {command line}
   size_t MarkStackSize                            = 4194304                                   {product} {ergonomic}
   size_t MaxHeapSize                              = 2099249152                                {product} {ergonomic}
   size_t MaxNewSize                               = 1259339776                                {product} {ergonomic}
   size_t MinHeapDeltaBytes                        = 1048576                                   {product} {ergonomic}
    uintx NonNMethodCodeHeapSize                   = 7549744                                {pd product} {ergonomic}
    uintx NonProfiledCodeHeapSize                  = 244108496                              {pd product} {ergonomic}
    uintx ProfiledCodeHeapSize                     = 0                                      {pd product} {ergonomic}
    uintx ReservedCodeCacheSize                    = 251658240                              {pd product} {ergonomic}
     bool SegmentedCodeCache                       = true                                      {product} {ergonomic}
     intx TieredStopAtLevel                        = 1                                         {product} {command line}
     bool UseCompressedClassPointers               = true                                 {lp64_product} {ergonomic}
     bool UseCompressedOops                        = true                                 {lp64_product} {ergonomic}
     bool UseG1GC                                  = true                                      {product} {ergonomic}
     bool UseLargePagesIndividualAllocation        = false                                  {pd product} {ergonomic}

Logging:
Log output configuration:
 #0: stdout all=warning uptime,level,tags
 #1: stderr all=off uptime,level,tags

Environment Variables:
JAVA_HOME=D:\Program Files\Java\jdk-11.0.15
JAVA_TOOL_OPTIONS=-Dfile.encoding=UTF-8
PATH=D:\Program Files\Python\Scripts\;D:\Program Files\Python\;C:\Program Files (x86)\Python39-32\Scripts\;C:\Program Files (x86)\Python39-32\;D:\Program Files (x86)\VMware\VMware Workstation\bin\;C:\Program Files\Common Files\Oracle\Java\javapath;C:\Program Files\Microsoft\jdk-11.0.12.7-hotspot\bin;C:\Windows\system32;C:\Windows;C:\Windows\System32\Wbem;C:\Windows\System32\WindowsPowerShell\v1.0\;C:\Windows\System32\OpenSSH\;C:\Program Files\dotnet\;D:\Program Files\Git\cmd;D:\ProgramData\Anaconda3\Scripts;D:\Program Files\nodejs\;D:\Program Files\Apache Software Foundation\Tomcat 10.0\lib\;D:\Program Files\JetBrains\ArcSoft_ArcFace_Java_Windows_x64_V3.0\libs\WIN64;D:\Program Files\gradle-7.5.1\bin;C:\Program Files\MySQL\MySQL Shell 8.0\bin\;C:\Users\admin\AppData\Local\Microsoft\WindowsApps;D:\Program Files\JetBrains\IntelliJ IDEA 2022.2.1\bin;;C:\Users\admin\.dotnet\tools;d:\Program Files\JetBrains\DataGrip 2022.1.2\bin;;D:\Programs Files\Microsoft VS Code\bin;D:\Program Files\JetBrains\apache-maven-3.6.3\bin;;D:\Program Files\JetBrains\PyCharm 2021.3\bin;;C:\Users\admin\AppData\Roaming\npm
USERNAME=admin
OS=Windows_NT
PROCESSOR_IDENTIFIER=Intel64 Family 6 Model 158 Stepping 13, GenuineIntel



---------------  S Y S T E M  ---------------

OS: Windows 10 , 64 bit Build 19041 (10.0.19041.2251)

CPU:total 8 (initial active 8) (8 cores per cpu, 1 threads per core) family 6 model 158 stepping 13 microcode 0xc6, cmov, cx8, fxsr, mmx, sse, sse2, sse3, ssse3, sse4.1, sse4.2, popcnt, avx, avx2, aes, clmul, erms, 3dnowpref, lzcnt, tsc, tscinvbit, bmi1, bmi2, adx, fma

Memory: 4k page, system-wide physical 8005M (658M free)
TotalPageFile size 31136M (AvailPageFile size 18229M)
current process WorkingSet (physical memory assigned to process): 404M, peak: 413M
current process commit charge ("private bytes"): 687M, peak: 697M

vm_info: Java HotSpot(TM) 64-Bit Server VM (11.0.15+8-LTS-149) for windows-amd64 JRE (11.0.15+8-LTS-149), built on Mar  9 2022 22:42:32 by "mach5one" with MS VC++ 15.9 (VS2017)

END.
