#
# A fatal error has been detected by the Java Runtime Environment:
#
#  EXCEPTION_ACCESS_VIOLATION (0xc0000005) at pc=0x00007ff90cbec8d2, pid=3200, tid=40312
#
# JRE version: Java(TM) SE Runtime Environment 18.9 (11.0.15+8) (build 11.0.15+8-LTS-149)
# Java VM: Java HotSpot(TM) 64-Bit Server VM 18.9 (11.0.15+8-LTS-149, mixed mode, tiered, compressed oops, g1 gc, windows-amd64)
# Problematic frame:
# C  [libarcsoft_face.dll+0xc8d2]
#
# No core dump will be written. Minidumps are not enabled by default on client versions of Windows
#
# If you would like to submit a bug report, please visit:
#   https://bugreport.java.com/bugreport/crash.jsp
# The crash happened outside the Java Virtual Machine in native code.
# See problematic frame for where to report the bug.
#

---------------  S U M M A R Y ------------

Command Line: -Dfile.encoding=UTF-8 -XX:TieredStopAtLevel=1 -Xverify:none -Dspring.output.ansi.enabled=always -Dcom.sun.management.jmxremote -Dspring.jmx.enabled=true -Dspring.liveBeansView.mbeanDomain -Dspring.application.admin.enabled=true -javaagent:D:\Program Files\JetBrains\IntelliJ IDEA 2022.2.1\lib\idea_rt.jar=5833:D:\Program Files\JetBrains\IntelliJ IDEA 2022.2.1\bin -Dfile.encoding=UTF-8 com.example.uploadtest.UploadtestApplication

Host: Intel(R) Core(TM) i7-9700 CPU @ 3.00GHz, 8 cores, 7G,  Windows 10 , 64 bit Build 19041 (10.0.19041.2251)
Time: Sun Dec 11 17:27:01 2022 中国标准时间 elapsed time: 7.404965 seconds (0d 0h 0m 7s)

---------------  T H R E A D  ---------------

Current thread (0x0000021739f78800):  JavaThread "http-nio-8081-exec-3" daemon [_thread_in_native, id=40312, stack(0x000000f01ae00000,0x000000f01af00000)]

Stack: [0x000000f01ae00000,0x000000f01af00000],  sp=0x000000f01aefc410,  free space=1009k
Native frames: (J=compiled Java code, j=interpreted, Vv=VM code, C=native code)
C  [libarcsoft_face.dll+0xc8d2]

Java frames: (J=compiled Java code, j=interpreted, Vv=VM code)
j  com.arcsoft.face.FaceEngine.detectFaces(J[BIIII[Lcom/arcsoft/face/FaceInfo;)I+0
j  com.arcsoft.face.FaceEngine.detectFaces([BIILcom/arcsoft/face/enums/ImageFormat;Lcom/arcsoft/face/enums/DetectModel;Ljava/util/List;)I+107
j  com.arcsoft.face.FaceEngine.detectFaces([BIILcom/arcsoft/face/enums/ImageFormat;Ljava/util/List;)I+11
j  com.example.uploadtest.util.MyFaceFeature.extract(Ljava/io/File;Lcom/arcsoft/face/FaceEngine;)[B+38
j  com.example.uploadtest.controller.FaceController.login(Ljava/lang/String;)Ljava/lang/String;+44
v  ~StubRoutines::call_stub
J 2661  jdk.internal.reflect.NativeMethodAccessorImpl.invoke0(Ljava/lang/reflect/Method;Ljava/lang/Object;[Ljava/lang/Object;)Ljava/lang/Object; java.base@11.0.15 (0 bytes) @ 0x0000021709508abf [0x0000021709508a40+0x000000000000007f]
J 2660 c1 jdk.internal.reflect.NativeMethodAccessorImpl.invoke(Ljava/lang/Object;[Ljava/lang/Object;)Ljava/lang/Object; java.base@11.0.15 (104 bytes) @ 0x00000217095092fc [0x0000021709508fa0+0x000000000000035c]
J 2412 c1 jdk.internal.reflect.DelegatingMethodAccessorImpl.invoke(Ljava/lang/Object;[Ljava/lang/Object;)Ljava/lang/Object; java.base@11.0.15 (10 bytes) @ 0x00000217094a7764 [0x00000217094a7720+0x0000000000000044]
J 2426 c1 java.lang.reflect.Method.invoke(Ljava/lang/Object;[Ljava/lang/Object;)Ljava/lang/Object; java.base@11.0.15 (65 bytes) @ 0x00000217094aced4 [0x00000217094acde0+0x00000000000000f4]
j  org.springframework.web.method.support.InvocableHandlerMethod.doInvoke([Ljava/lang/Object;)Ljava/lang/Object;+16
j  org.springframework.web.method.support.InvocableHandlerMethod.invokeForRequest(Lorg/springframework/web/context/request/NativeWebRequest;Lorg/springframework/web/method/support/ModelAndViewContainer;[Ljava/lang/Object;)Ljava/lang/Object;+56
j  org.springframework.web.servlet.mvc.method.annotation.ServletInvocableHandlerMethod.invokeAndHandle(Lorg/springframework/web/context/request/ServletWebRequest;Lorg/springframework/web/method/support/ModelAndViewContainer;[Ljava/lang/Object;)V+4
j  org.springframework.web.servlet.mvc.method.annotation.RequestMappingHandlerAdapter.invokeHandlerMethod(Ljavax/servlet/http/HttpServletRequest;Ljavax/servlet/http/HttpServletResponse;Lorg/springframework/web/method/HandlerMethod;)Lorg/springframework/web/servlet/ModelAndView;+244
j  org.springframework.web.servlet.mvc.method.annotation.RequestMappingHandlerAdapter.handleInternal(Ljavax/servlet/http/HttpServletRequest;Ljavax/servlet/http/HttpServletResponse;Lorg/springframework/web/method/HandlerMethod;)Lorg/springframework/web/servlet/ModelAndView;+81
j  org.springframework.web.servlet.mvc.method.AbstractHandlerMethodAdapter.handle(Ljavax/servlet/http/HttpServletRequest;Ljavax/servlet/http/HttpServletResponse;Ljava/lang/Object;)Lorg/springframework/web/servlet/ModelAndView;+7
j  org.springframework.web.servlet.DispatcherServlet.doDispatch(Ljavax/servlet/http/HttpServletRequest;Ljavax/servlet/http/HttpServletResponse;)V+257
j  org.springframework.web.servlet.DispatcherServlet.doService(Ljavax/servlet/http/HttpServletRequest;Ljavax/servlet/http/HttpServletResponse;)V+212
j  org.springframework.web.servlet.FrameworkServlet.processRequest(Ljavax/servlet/http/HttpServletRequest;Ljavax/servlet/http/HttpServletResponse;)V+71
j  org.springframework.web.servlet.FrameworkServlet.doPost(Ljavax/servlet/http/HttpServletRequest;Ljavax/servlet/http/HttpServletResponse;)V+3
j  javax.servlet.http.HttpServlet.service(Ljavax/servlet/http/HttpServletRequest;Ljavax/servlet/http/HttpServletResponse;)V+149
j  org.springframework.web.servlet.FrameworkServlet.service(Ljavax/servlet/http/HttpServletRequest;Ljavax/servlet/http/HttpServletResponse;)V+33
j  javax.servlet.http.HttpServlet.service(Ljavax/servlet/ServletRequest;Ljavax/servlet/ServletResponse;)V+36
j  org.apache.catalina.core.ApplicationFilterChain.internalDoFilter(Ljavax/servlet/ServletRequest;Ljavax/servlet/ServletResponse;)V+304
j  org.apache.catalina.core.ApplicationFilterChain.doFilter(Ljavax/servlet/ServletRequest;Ljavax/servlet/ServletResponse;)V+101
j  org.apache.tomcat.websocket.server.WsFilter.doFilter(Ljavax/servlet/ServletRequest;Ljavax/servlet/ServletResponse;Ljavax/servlet/FilterChain;)V+21
j  org.apache.catalina.core.ApplicationFilterChain.internalDoFilter(Ljavax/servlet/ServletRequest;Ljavax/servlet/ServletResponse;)V+135
j  org.apache.catalina.core.ApplicationFilterChain.doFilter(Ljavax/servlet/ServletRequest;Ljavax/servlet/ServletResponse;)V+101
j  org.springframework.web.filter.RequestContextFilter.doFilterInternal(Ljavax/servlet/http/HttpServletRequest;Ljavax/servlet/http/HttpServletResponse;Ljavax/servlet/FilterChain;)V+21
j  org.springframework.web.filter.OncePerRequestFilter.doFilter(Ljavax/servlet/ServletRequest;Ljavax/servlet/ServletResponse;Ljavax/servlet/FilterChain;)V+147
j  org.apache.catalina.core.ApplicationFilterChain.internalDoFilter(Ljavax/servlet/ServletRequest;Ljavax/servlet/ServletResponse;)V+135
j  org.apache.catalina.core.ApplicationFilterChain.doFilter(Ljavax/servlet/ServletRequest;Ljavax/servlet/ServletResponse;)V+101
j  org.springframework.web.filter.FormContentFilter.doFilterInternal(Ljavax/servlet/http/HttpServletRequest;Ljavax/servlet/http/HttpServletResponse;Ljavax/servlet/FilterChain;)V+38
j  org.springframework.web.filter.OncePerRequestFilter.doFilter(Ljavax/servlet/ServletRequest;Ljavax/servlet/ServletResponse;Ljavax/servlet/FilterChain;)V+147
j  org.apache.catalina.core.ApplicationFilterChain.internalDoFilter(Ljavax/servlet/ServletRequest;Ljavax/servlet/ServletResponse;)V+135
j  org.apache.catalina.core.ApplicationFilterChain.doFilter(Ljavax/servlet/ServletRequest;Ljavax/servlet/ServletResponse;)V+101
j  org.springframework.web.filter.CharacterEncodingFilter.doFilterInternal(Ljavax/servlet/http/HttpServletRequest;Ljavax/servlet/http/HttpServletResponse;Ljavax/servlet/FilterChain;)V+53
j  org.springframework.web.filter.OncePerRequestFilter.doFilter(Ljavax/servlet/ServletRequest;Ljavax/servlet/ServletResponse;Ljavax/servlet/FilterChain;)V+147
j  org.apache.catalina.core.ApplicationFilterChain.internalDoFilter(Ljavax/servlet/ServletRequest;Ljavax/servlet/ServletResponse;)V+135
j  org.apache.catalina.core.ApplicationFilterChain.doFilter(Ljavax/servlet/ServletRequest;Ljavax/servlet/ServletResponse;)V+101
j  org.apache.catalina.core.StandardWrapperValve.invoke(Lorg/apache/catalina/connector/Request;Lorg/apache/catalina/connector/Response;)V+694
j  org.apache.catalina.core.StandardContextValve.invoke(Lorg/apache/catalina/connector/Request;Lorg/apache/catalina/connector/Response;)V+169
j  org.apache.catalina.authenticator.AuthenticatorBase.invoke(Lorg/apache/catalina/connector/Request;Lorg/apache/catalina/connector/Response;)V+260
j  org.apache.catalina.core.StandardHostValve.invoke(Lorg/apache/catalina/connector/Request;Lorg/apache/catalina/connector/Response;)V+128
j  org.apache.catalina.valves.ErrorReportValve.invoke(Lorg/apache/catalina/connector/Request;Lorg/apache/catalina/connector/Response;)V+6
j  org.apache.catalina.core.StandardEngineValve.invoke(Lorg/apache/catalina/connector/Request;Lorg/apache/catalina/connector/Response;)V+59
j  org.apache.catalina.connector.CoyoteAdapter.service(Lorg/apache/coyote/Request;Lorg/apache/coyote/Response;)V+199
j  org.apache.coyote.http11.Http11Processor.service(Lorg/apache/tomcat/util/net/SocketWrapperBase;)Lorg/apache/tomcat/util/net/AbstractEndpoint$Handler$SocketState;+737
j  org.apache.coyote.AbstractProcessorLight.process(Lorg/apache/tomcat/util/net/SocketWrapperBase;Lorg/apache/tomcat/util/net/SocketEvent;)Lorg/apache/tomcat/util/net/AbstractEndpoint$Handler$SocketState;+170
j  org.apache.coyote.AbstractProtocol$ConnectionHandler.process(Lorg/apache/tomcat/util/net/SocketWrapperBase;Lorg/apache/tomcat/util/net/SocketEvent;)Lorg/apache/tomcat/util/net/AbstractEndpoint$Handler$SocketState;+505
j  org.apache.tomcat.util.net.NioEndpoint$SocketProcessor.doRun()V+216
j  org.apache.tomcat.util.net.SocketProcessorBase.run()V+21
j  java.util.concurrent.ThreadPoolExecutor.runWorker(Ljava/util/concurrent/ThreadPoolExecutor$Worker;)V+92 java.base@11.0.15
j  java.util.concurrent.ThreadPoolExecutor$Worker.run()V+5 java.base@11.0.15
j  org.apache.tomcat.util.threads.TaskThread$WrappingRunnable.run()V+4
j  java.lang.Thread.run()V+11 java.base@11.0.15
v  ~StubRoutines::call_stub

siginfo: EXCEPTION_ACCESS_VIOLATION (0xc0000005), writing address 0x00000215264e0d80


Register to memory mapping:

RIP=0x00007ff90cbec8d2 libarcsoft_face.dll
RAX=0xffffffff80000000 is an unknown value
RBX=0x000000f01aefc570 is pointing into the stack for thread: 0x0000021739f78800
RCX=0x00000217264e0d80 points into unknown readable memory: 0x0000000000000000 | 00 00 00 00 00 00 00 00
RDX=0x000000000000007d is an unknown value
RSP=0x000000f01aefc410 is pointing into the stack for thread: 0x0000021739f78800
RBP=0x00000000000001c0 is an unknown value
RSI=0x0000000000000040 is an unknown value
RDI=0x0000000080000040 is an unknown value
R8 =0x0000000080000001 is an unknown value
R9 =0x0000000080000000 is an unknown value
R10=0x0000000000000040 is an unknown value
R11=0x0000000080000f80 is an unknown value
R12=0x0000000000000040 is an unknown value
R13=
[error occurred during error reporting (printing register info), id 0xc0000005, EXCEPTION_ACCESS_VIOLATION (0xc0000005) at pc=0x00007ff929c712c6]

Registers:
RAX=0xffffffff80000000, RBX=0x000000f01aefc570, RCX=0x00000217264e0d80, RDX=0x000000000000007d
RSP=0x000000f01aefc410, RBP=0x00000000000001c0, RSI=0x0000000000000040, RDI=0x0000000080000040
R8 =0x0000000080000001, R9 =0x0000000080000000, R10=0x0000000000000040, R11=0x0000000080000f80
R12=0x0000000000000040, R13=0x00000000ffffffc0, R14=0x000000000000003f, R15=0x000000000000003f
RIP=0x00007ff90cbec8d2, EFLAGS=0x0000000000010282

Top of Stack: (sp=0x000000f01aefc410)
0x000000f01aefc410:   0000000000000421 0000021726474d50
0x000000f01aefc420:   0000000000000001 000000f01aeefff0
0x000000f01aefc430:   0000000000000190 0000000000000000
0x000000f01aefc440:   0000021726472768 0000000000000001
0x000000f01aefc450:   0000000000000420 0000000000000210
0x000000f01aefc460:   0000000000000000 0000021726468340
0x000000f01aefc470:   0000004000000258 0000000080000000
0x000000f01aefc480:   0000000000000000 000002173a3b6180
0x000000f01aefc490:   0000000000000540 0000000000001482
0x000000f01aefc4a0:   0000000000000000 0000000000000000
0x000000f01aefc4b0:   0000000000000000 0000000000000000
0x000000f01aefc4c0:   0000000000000000 0000000000000000
0x000000f01aefc4d0:   000000003f800000 0000000000000000
0x000000f01aefc4e0:   0000000000000040 000000f01aefc600
0x000000f01aefc4f0:   0000000000000040 00000217264e0d80
0x000000f01aefc500:   0000000000000001 0000000000000040 

Instructions: (pc=0x00007ff90cbec8d2)
0x00007ff90cbec8b2:   00 00 00 00 85 d2 0f 48 d1 48 8b 8c 24 30 01 00
0x00007ff90cbec8c2:   00 41 ff c0 45 03 dd 03 fe 66 0f 6e c2 0f 5b c0
0x00007ff90cbec8d2:   f3 0f 11 04 81 45 3b c4 0f 8c c0 fe ff ff 44 8b
0x00007ff90cbec8e2:   ac 24 18 01 00 00 8b 54 24 60 48 8b 8c 24 80 00 


Stack slot to memory mapping:
stack at sp + 0 slots: 0x0000000000000421 is an unknown value
stack at sp + 1 slots: 0x0000021726474d50 points into unknown readable memory: 0x0000000000000000 | 00 00 00 00 00 00 00 00
stack at sp + 2 slots: 0x0000000000000001 is an unknown value
stack at sp + 3 slots: 0x000000f01aeefff0 is pointing into the stack for thread: 0x0000021739f78800
stack at sp + 4 slots: 0x0000000000000190 is an unknown value
stack at sp + 5 slots: 0x0 is NULL
stack at sp + 6 slots: 0x0000021726472768 points into unknown readable memory: 0x0000000100000002 | 02 00 00 00 01 00 00 00
stack at sp + 7 slots: 0x0000000000000001 is an unknown value


---------------  P R O C E S S  ---------------

Threads class SMR info:
_java_thread_list=0x000002172240c7f0, length=41, elements={
0x000002171f9ca000, 0x000002171f9d3000, 0x00000217202b7000, 0x00000217202ba000,
0x00000217202bd000, 0x00000217202c0800, 0x00000217202c3800, 0x00000217203aa800,
0x000002172095e000, 0x0000021720ab5800, 0x0000021720e5e800, 0x00000217216ee800,
0x0000021721e86800, 0x0000021721ed0000, 0x0000021722416800, 0x0000021722577000,
0x0000021722575800, 0x0000021722576000, 0x0000021722578000, 0x0000021722578800,
0x0000021722579800, 0x000002172257a000, 0x0000021722574800, 0x000002172257b000,
0x0000021739f76800, 0x0000021739f77800, 0x0000021739f72000, 0x0000021739f76000,
0x0000021739f78800, 0x0000021739f72800, 0x0000021739f74800, 0x0000021739f79000,
0x0000021739f73800, 0x0000021739f7a000, 0x0000021739f7b000, 0x0000021739f75000,
0x0000021739f80800, 0x0000021739f7b800, 0x0000021739f7e000, 0x0000021739f7f000,
0x0000021739f7c800
}

Java Threads: ( => current thread )
  0x000002171f9ca000 JavaThread "Reference Handler" daemon [_thread_blocked, id=43620, stack(0x000000f011900000,0x000000f011a00000)]
  0x000002171f9d3000 JavaThread "Finalizer" daemon [_thread_blocked, id=44888, stack(0x000000f011a00000,0x000000f011b00000)]
  0x00000217202b7000 JavaThread "Signal Dispatcher" daemon [_thread_blocked, id=50692, stack(0x000000f011b00000,0x000000f011c00000)]
  0x00000217202ba000 JavaThread "Attach Listener" daemon [_thread_blocked, id=51424, stack(0x000000f011c00000,0x000000f011d00000)]
  0x00000217202bd000 JavaThread "Service Thread" daemon [_thread_blocked, id=16956, stack(0x000000f011d00000,0x000000f011e00000)]
  0x00000217202c0800 JavaThread "C1 CompilerThread0" daemon [_thread_blocked, id=41020, stack(0x000000f011e00000,0x000000f011f00000)]
  0x00000217202c3800 JavaThread "Sweeper thread" daemon [_thread_blocked, id=46684, stack(0x000000f011f00000,0x000000f012000000)]
  0x00000217203aa800 JavaThread "Common-Cleaner" daemon [_thread_blocked, id=10740, stack(0x000000f012000000,0x000000f012100000)]
  0x000002172095e000 JavaThread "Monitor Ctrl-Break" daemon [_thread_in_native, id=18656, stack(0x000000f012100000,0x000000f012200000)]
  0x0000021720ab5800 JavaThread "RMI TCP Accept-0" daemon [_thread_in_native, id=53372, stack(0x000000f012200000,0x000000f012300000)]
  0x0000021720e5e800 JavaThread "RMI TCP Connection(1)-192.168.209.1" daemon [_thread_in_native, id=50776, stack(0x000000f012400000,0x000000f012500000)]
  0x00000217216ee800 JavaThread "RMI Scheduler(0)" daemon [_thread_blocked, id=53520, stack(0x000000f012500000,0x000000f012600000)]
  0x0000021721e86800 JavaThread "Catalina-utility-1" [_thread_blocked, id=12928, stack(0x000000f012e00000,0x000000f012f00000)]
  0x0000021721ed0000 JavaThread "Catalina-utility-2" [_thread_blocked, id=25616, stack(0x000000f013200000,0x000000f013300000)]
  0x0000021722416800 JavaThread "container-0" [_thread_blocked, id=45892, stack(0x000000f013300000,0x000000f013400000)]
  0x0000021722577000 JavaThread "mysql-cj-abandoned-connection-cleanup" daemon [_thread_blocked, id=51292, stack(0x000000f01a000000,0x000000f01a100000)]
  0x0000021722575800 JavaThread "HikariPool-1 housekeeper" daemon [_thread_blocked, id=49040, stack(0x000000f01a200000,0x000000f01a300000)]
  0x0000021722576000 JavaThread "ForkJoinPool.commonPool-worker-3" daemon [_thread_blocked, id=35860, stack(0x000000f01a300000,0x000000f01a400000)]
  0x0000021722578000 JavaThread "HikariPool-1 connection adder" daemon [_thread_in_native, id=13992, stack(0x000000f01a400000,0x000000f01a500000)]
  0x0000021722578800 JavaThread "ForkJoinPool.commonPool-worker-5" daemon [_thread_blocked, id=12804, stack(0x000000f01a500000,0x000000f01a600000)]
  0x0000021722579800 JavaThread "ForkJoinPool.commonPool-worker-7" daemon [_thread_blocked, id=24892, stack(0x000000f01a600000,0x000000f01a700000)]
  0x000002172257a000 JavaThread "ForkJoinPool.commonPool-worker-9" daemon [_thread_blocked, id=46112, stack(0x000000f01a700000,0x000000f01a800000)]
  0x0000021722574800 JavaThread "ForkJoinPool.commonPool-worker-11" daemon [_thread_blocked, id=10700, stack(0x000000f01a800000,0x000000f01a900000)]
  0x000002172257b000 JavaThread "File Watcher" daemon [_thread_blocked, id=35500, stack(0x000000f01a900000,0x000000f01aa00000)]
  0x0000021739f76800 JavaThread "Live Reload Server" daemon [_thread_in_native, id=43960, stack(0x000000f01ab00000,0x000000f01ac00000)]
  0x0000021739f77800 JavaThread "http-nio-8081-BlockPoller" daemon [_thread_in_native, id=9948, stack(0x000000f01aa00000,0x000000f01ab00000)]
  0x0000021739f72000 JavaThread "http-nio-8081-exec-1" daemon [_thread_in_native, id=49044, stack(0x000000f01ac00000,0x000000f01ad00000)]
  0x0000021739f76000 JavaThread "http-nio-8081-exec-2" daemon [_thread_in_native, id=1780, stack(0x000000f01ad00000,0x000000f01ae00000)]
=>0x0000021739f78800 JavaThread "http-nio-8081-exec-3" daemon [_thread_in_native, id=40312, stack(0x000000f01ae00000,0x000000f01af00000)]
  0x0000021739f72800 JavaThread "http-nio-8081-exec-4" daemon [_thread_in_native, id=10500, stack(0x000000f01af00000,0x000000f01b000000)]
  0x0000021739f74800 JavaThread "http-nio-8081-exec-5" daemon [_thread_in_native, id=46672, stack(0x000000f01b000000,0x000000f01b100000)]
  0x0000021739f79000 JavaThread "http-nio-8081-exec-6" daemon [_thread_blocked, id=4600, stack(0x000000f01b100000,0x000000f01b200000)]
  0x0000021739f73800 JavaThread "http-nio-8081-exec-7" daemon [_thread_blocked, id=18728, stack(0x000000f01b200000,0x000000f01b300000)]
  0x0000021739f7a000 JavaThread "http-nio-8081-exec-8" daemon [_thread_blocked, id=20500, stack(0x000000f01b300000,0x000000f01b400000)]
  0x0000021739f7b000 JavaThread "http-nio-8081-exec-9" daemon [_thread_blocked, id=1028, stack(0x000000f01b400000,0x000000f01b500000)]
  0x0000021739f75000 JavaThread "http-nio-8081-exec-10" daemon [_thread_blocked, id=47508, stack(0x000000f01b500000,0x000000f01b600000)]
  0x0000021739f80800 JavaThread "http-nio-8081-ClientPoller" daemon [_thread_in_native, id=45016, stack(0x000000f01b600000,0x000000f01b700000)]
  0x0000021739f7b800 JavaThread "http-nio-8081-Acceptor" daemon [_thread_in_native, id=7112, stack(0x000000f01b700000,0x000000f01b800000)]
  0x0000021739f7e000 JavaThread "DestroyJavaVM" [_thread_blocked, id=48180, stack(0x000000f011200000,0x000000f011300000)]
  0x0000021739f7f000 JavaThread "Java2D Disposer" daemon [_thread_blocked, id=46724, stack(0x000000f012600000,0x000000f012700000)]
  0x0000021739f7c800 JavaThread "RMI TCP Connection(2)-192.168.209.1" daemon [_thread_in_native, id=28840, stack(0x000000f01b800000,0x000000f01b900000)]

Other Threads:
  0x000002171f9a5800 VMThread "VM Thread" [stack: 0x000000f011800000,0x000000f011900000] [id=43704]
  0x0000021720aa1800 WatcherThread [stack: 0x000000f012300000,0x000000f012400000] [id=33136]
  0x000002177fe3b800 GCTaskThread "GC Thread#0" [stack: 0x000000f011300000,0x000000f011400000] [id=7228]
  0x0000021721744800 GCTaskThread "GC Thread#1" [stack: 0x000000f012700000,0x000000f012800000] [id=9856]
  0x0000021721753000 GCTaskThread "GC Thread#2" [stack: 0x000000f012800000,0x000000f012900000] [id=49384]
  0x00000217218a3000 GCTaskThread "GC Thread#3" [stack: 0x000000f012b00000,0x000000f012c00000] [id=27056]
  0x0000021720bad800 GCTaskThread "GC Thread#4" [stack: 0x000000f012c00000,0x000000f012d00000] [id=44936]
  0x0000021720bae800 GCTaskThread "GC Thread#5" [stack: 0x000000f012d00000,0x000000f012e00000] [id=18452]
  0x0000021721971000 GCTaskThread "GC Thread#6" [stack: 0x000000f012f00000,0x000000f013000000] [id=40508]
  0x000002172193f000 GCTaskThread "GC Thread#7" [stack: 0x000000f013000000,0x000000f013100000] [id=33564]
  0x000002177f8da000 ConcurrentGCThread "G1 Main Marker" [stack: 0x000000f011400000,0x000000f011500000] [id=2876]
  0x000002177f8dc800 ConcurrentGCThread "G1 Conc#0" [stack: 0x000000f011500000,0x000000f011600000] [id=39124]
  0x00000217218d7800 ConcurrentGCThread "G1 Conc#1" [stack: 0x000000f013100000,0x000000f013200000] [id=31976]
  0x000002171f810800 ConcurrentGCThread "G1 Refine#0" [stack: 0x000000f011600000,0x000000f011700000] [id=15508]
  0x00000217208e2000 ConcurrentGCThread "G1 Refine#1" [stack: 0x000000f012900000,0x000000f012a00000] [id=15716]
  0x000002171f811800 ConcurrentGCThread "G1 Young RemSet Sampling" [stack: 0x000000f011700000,0x000000f011800000] [id=44112]

Threads with active compile tasks:

VM state:not at safepoint (normal execution)

VM Mutex/Monitor currently owned by a thread: None

Heap address: 0x0000000082e00000, size: 2002 MB, Compressed Oops mode: 32-bit
Narrow klass base: 0x0000000000000000, Narrow klass shift: 3
Compressed class space size: 1073741824 Address: 0x0000000100000000

Heap:
 garbage-first heap   total 143360K, used 45787K [0x0000000082e00000, 0x0000000100000000)
  region size 1024K, 18 young (18432K), 10 survivors (10240K)
 Metaspace       used 46345K, capacity 47890K, committed 48080K, reserved 1091584K
  class space    used 5724K, capacity 6335K, committed 6400K, reserved 1048576K
Heap Regions: E=young(eden), S=young(survivor), O=old, HS=humongous(starts), HC=humongous(continues), CS=collection set, F=free, A=archive, TAMS=top-at-mark-start (previous, next)
|   0|0x0000000082e00000, 0x0000000082f00000, 0x0000000082f00000|100%| O|  |TAMS 0x0000000082f00000, 0x0000000082e00000| Untracked 
|   1|0x0000000082f00000, 0x0000000083000000, 0x0000000083000000|100%| O|  |TAMS 0x0000000083000000, 0x0000000082f00000| Untracked 
|   2|0x0000000083000000, 0x0000000083100000, 0x0000000083100000|100%| O|  |TAMS 0x0000000083100000, 0x0000000083000000| Untracked 
|   3|0x0000000083100000, 0x0000000083200000, 0x0000000083200000|100%| O|  |TAMS 0x0000000083200000, 0x0000000083100000| Untracked 
|   4|0x0000000083200000, 0x0000000083300000, 0x0000000083300000|100%| O|  |TAMS 0x0000000083300000, 0x0000000083200000| Untracked 
|   5|0x0000000083300000, 0x0000000083400000, 0x0000000083400000|100%| O|  |TAMS 0x0000000083400000, 0x0000000083300000| Untracked 
|   6|0x0000000083400000, 0x0000000083500000, 0x0000000083500000|100%| O|  |TAMS 0x0000000083500000, 0x0000000083400000| Untracked 
|   7|0x0000000083500000, 0x0000000083600000, 0x0000000083600000|100%| O|  |TAMS 0x0000000083600000, 0x0000000083500000| Untracked 
|   8|0x0000000083600000, 0x0000000083700000, 0x0000000083700000|100%| O|  |TAMS 0x0000000083700000, 0x0000000083600000| Untracked 
|   9|0x0000000083700000, 0x0000000083800000, 0x0000000083800000|100%| O|  |TAMS 0x0000000083800000, 0x0000000083700000| Untracked 
|  10|0x0000000083800000, 0x0000000083900000, 0x0000000083900000|100%| O|  |TAMS 0x000000008387d600, 0x0000000083800000| Untracked 
|  11|0x0000000083900000, 0x0000000083a00000, 0x0000000083a00000|100%| O|  |TAMS 0x0000000083900000, 0x0000000083900000| Untracked 
|  12|0x0000000083a00000, 0x0000000083b00000, 0x0000000083b00000|100%| O|  |TAMS 0x0000000083a00000, 0x0000000083a00000| Untracked 
|  13|0x0000000083b00000, 0x0000000083c00000, 0x0000000083c00000|100%| O|  |TAMS 0x0000000083b00000, 0x0000000083b00000| Untracked 
|  14|0x0000000083c00000, 0x0000000083d00000, 0x0000000083d00000|100%| O|  |TAMS 0x0000000083c00000, 0x0000000083c00000| Untracked 
|  15|0x0000000083d00000, 0x0000000083e00000, 0x0000000083e00000|100%|HS|  |TAMS 0x0000000083d00000, 0x0000000083d00000| Complete 
|  16|0x0000000083e00000, 0x0000000083e00000, 0x0000000083f00000|  0%| F|  |TAMS 0x0000000083e00000, 0x0000000083e00000| Untracked 
|  17|0x0000000083f00000, 0x0000000083f00000, 0x0000000084000000|  0%| F|  |TAMS 0x0000000083f00000, 0x0000000083f00000| Untracked 
|  18|0x0000000084000000, 0x0000000084000000, 0x0000000084100000|  0%| F|  |TAMS 0x0000000084000000, 0x0000000084000000| Untracked 
|  19|0x0000000084100000, 0x0000000084100000, 0x0000000084200000|  0%| F|  |TAMS 0x0000000084100000, 0x0000000084100000| Untracked 
|  20|0x0000000084200000, 0x0000000084200000, 0x0000000084300000|  0%| F|  |TAMS 0x0000000084200000, 0x0000000084200000| Untracked 
|  21|0x0000000084300000, 0x0000000084300000, 0x0000000084400000|  0%| F|  |TAMS 0x0000000084300000, 0x0000000084300000| Untracked 
|  22|0x0000000084400000, 0x0000000084400000, 0x0000000084500000|  0%| F|  |TAMS 0x0000000084400000, 0x0000000084400000| Untracked 
|  23|0x0000000084500000, 0x0000000084500000, 0x0000000084600000|  0%| F|  |TAMS 0x0000000084500000, 0x0000000084500000| Untracked 
|  24|0x0000000084600000, 0x0000000084600000, 0x0000000084700000|  0%| F|  |TAMS 0x0000000084600000, 0x0000000084600000| Untracked 
|  25|0x0000000084700000, 0x0000000084700000, 0x0000000084800000|  0%| F|  |TAMS 0x0000000084700000, 0x0000000084700000| Untracked 
|  26|0x0000000084800000, 0x0000000084800000, 0x0000000084900000|  0%| F|  |TAMS 0x0000000084800000, 0x0000000084800000| Untracked 
|  27|0x0000000084900000, 0x0000000084900000, 0x0000000084a00000|  0%| F|  |TAMS 0x0000000084900000, 0x0000000084900000| Untracked 
|  28|0x0000000084a00000, 0x0000000084a00000, 0x0000000084b00000|  0%| F|  |TAMS 0x0000000084a00000, 0x0000000084a00000| Untracked 
|  29|0x0000000084b00000, 0x0000000084b00000, 0x0000000084c00000|  0%| F|  |TAMS 0x0000000084b00000, 0x0000000084b00000| Untracked 
|  30|0x0000000084c00000, 0x0000000084c00000, 0x0000000084d00000|  0%| F|  |TAMS 0x0000000084c00000, 0x0000000084c00000| Untracked 
|  31|0x0000000084d00000, 0x0000000084d00000, 0x0000000084e00000|  0%| F|  |TAMS 0x0000000084d00000, 0x0000000084d00000| Untracked 
|  32|0x0000000084e00000, 0x0000000084e00000, 0x0000000084f00000|  0%| F|  |TAMS 0x0000000084e00000, 0x0000000084e00000| Untracked 
|  33|0x0000000084f00000, 0x0000000084f00000, 0x0000000085000000|  0%| F|  |TAMS 0x0000000084f00000, 0x0000000084f00000| Untracked 
|  34|0x0000000085000000, 0x0000000085000000, 0x0000000085100000|  0%| F|  |TAMS 0x0000000085000000, 0x0000000085000000| Untracked 
|  35|0x0000000085100000, 0x0000000085100000, 0x0000000085200000|  0%| F|  |TAMS 0x0000000085100000, 0x0000000085100000| Untracked 
|  36|0x0000000085200000, 0x0000000085200000, 0x0000000085300000|  0%| F|  |TAMS 0x0000000085200000, 0x0000000085200000| Untracked 
|  37|0x0000000085300000, 0x0000000085300000, 0x0000000085400000|  0%| F|  |TAMS 0x0000000085300000, 0x0000000085300000| Untracked 
|  38|0x0000000085400000, 0x0000000085400000, 0x0000000085500000|  0%| F|  |TAMS 0x0000000085400000, 0x0000000085400000| Untracked 
|  39|0x0000000085500000, 0x0000000085500000, 0x0000000085600000|  0%| F|  |TAMS 0x0000000085500000, 0x0000000085500000| Untracked 
|  40|0x0000000085600000, 0x0000000085600000, 0x0000000085700000|  0%| F|  |TAMS 0x0000000085600000, 0x0000000085600000| Untracked 
|  41|0x0000000085700000, 0x0000000085700000, 0x0000000085800000|  0%| F|  |TAMS 0x0000000085700000, 0x0000000085700000| Untracked 
|  42|0x0000000085800000, 0x0000000085800000, 0x0000000085900000|  0%| F|  |TAMS 0x0000000085800000, 0x0000000085800000| Untracked 
|  43|0x0000000085900000, 0x0000000085a00000, 0x0000000085a00000|100%|HS|  |TAMS 0x0000000085900000, 0x0000000085900000| Complete 
|  44|0x0000000085a00000, 0x0000000085a00000, 0x0000000085b00000|  0%| F|  |TAMS 0x0000000085a00000, 0x0000000085a00000| Untracked 
|  45|0x0000000085b00000, 0x0000000085b00000, 0x0000000085c00000|  0%| F|  |TAMS 0x0000000085b00000, 0x0000000085b00000| Untracked 
|  46|0x0000000085c00000, 0x0000000085c00000, 0x0000000085d00000|  0%| F|  |TAMS 0x0000000085c00000, 0x0000000085c00000| Untracked 
|  47|0x0000000085d00000, 0x0000000085d00000, 0x0000000085e00000|  0%| F|  |TAMS 0x0000000085d00000, 0x0000000085d00000| Untracked 
|  48|0x0000000085e00000, 0x0000000085e00000, 0x0000000085f00000|  0%| F|  |TAMS 0x0000000085e00000, 0x0000000085e00000| Untracked 
|  49|0x0000000085f00000, 0x0000000085f00000, 0x0000000086000000|  0%| F|  |TAMS 0x0000000085f00000, 0x0000000085f00000| Untracked 
|  50|0x0000000086000000, 0x0000000086000000, 0x0000000086100000|  0%| F|  |TAMS 0x0000000086000000, 0x0000000086000000| Untracked 
|  51|0x0000000086100000, 0x0000000086200000, 0x0000000086200000|100%|HS|  |TAMS 0x0000000086100000, 0x0000000086100000| Complete 
|  52|0x0000000086200000, 0x0000000086300000, 0x0000000086300000|100%|HS|  |TAMS 0x0000000086200000, 0x0000000086200000| Complete 
|  53|0x0000000086300000, 0x0000000086400000, 0x0000000086400000|100%|HS|  |TAMS 0x0000000086300000, 0x0000000086300000| Complete 
|  54|0x0000000086400000, 0x0000000086400000, 0x0000000086500000|  0%| F|  |TAMS 0x0000000086400000, 0x0000000086400000| Untracked 
|  55|0x0000000086500000, 0x0000000086600000, 0x0000000086600000|100%|HS|  |TAMS 0x0000000086500000, 0x0000000086500000| Complete 
|  56|0x0000000086600000, 0x0000000086700000, 0x0000000086700000|100%|HC|  |TAMS 0x0000000086600000, 0x0000000086600000| Complete 
|  57|0x0000000086700000, 0x0000000086800000, 0x0000000086800000|100%|HS|  |TAMS 0x0000000086700000, 0x0000000086700000| Complete 
|  58|0x0000000086800000, 0x0000000086900000, 0x0000000086900000|100%|HC|  |TAMS 0x0000000086800000, 0x0000000086800000| Complete 
|  59|0x0000000086900000, 0x0000000086900000, 0x0000000086a00000|  0%| F|  |TAMS 0x0000000086900000, 0x0000000086900000| Untracked 
|  60|0x0000000086a00000, 0x0000000086a00000, 0x0000000086b00000|  0%| F|  |TAMS 0x0000000086a00000, 0x0000000086a00000| Untracked 
|  61|0x0000000086b00000, 0x0000000086b00000, 0x0000000086c00000|  0%| F|  |TAMS 0x0000000086b00000, 0x0000000086b00000| Untracked 
|  62|0x0000000086c00000, 0x0000000086c00000, 0x0000000086d00000|  0%| F|  |TAMS 0x0000000086c00000, 0x0000000086c00000| Untracked 
|  63|0x0000000086d00000, 0x0000000086d00000, 0x0000000086e00000|  0%| F|  |TAMS 0x0000000086d00000, 0x0000000086d00000| Untracked 
|  64|0x0000000086e00000, 0x0000000086e00000, 0x0000000086f00000|  0%| F|  |TAMS 0x0000000086e00000, 0x0000000086e00000| Untracked 
|  65|0x0000000086f00000, 0x0000000086f00000, 0x0000000087000000|  0%| F|  |TAMS 0x0000000086f00000, 0x0000000086f00000| Untracked 
|  66|0x0000000087000000, 0x0000000087000000, 0x0000000087100000|  0%| F|  |TAMS 0x0000000087000000, 0x0000000087000000| Untracked 
|  67|0x0000000087100000, 0x0000000087100000, 0x0000000087200000|  0%| F|  |TAMS 0x0000000087100000, 0x0000000087100000| Untracked 
|  68|0x0000000087200000, 0x0000000087200000, 0x0000000087300000|  0%| F|  |TAMS 0x0000000087200000, 0x0000000087200000| Untracked 
|  69|0x0000000087300000, 0x0000000087300000, 0x0000000087400000|  0%| F|  |TAMS 0x0000000087300000, 0x0000000087300000| Untracked 
|  70|0x0000000087400000, 0x0000000087400000, 0x0000000087500000|  0%| F|  |TAMS 0x0000000087400000, 0x0000000087400000| Untracked 
|  71|0x0000000087500000, 0x0000000087500000, 0x0000000087600000|  0%| F|  |TAMS 0x0000000087500000, 0x0000000087500000| Untracked 
|  72|0x0000000087600000, 0x0000000087600000, 0x0000000087700000|  0%| F|  |TAMS 0x0000000087600000, 0x0000000087600000| Untracked 
|  73|0x0000000087700000, 0x0000000087700000, 0x0000000087800000|  0%| F|  |TAMS 0x0000000087700000, 0x0000000087700000| Untracked 
|  74|0x0000000087800000, 0x0000000087800000, 0x0000000087900000|  0%| F|  |TAMS 0x0000000087800000, 0x0000000087800000| Untracked 
|  75|0x0000000087900000, 0x0000000087900000, 0x0000000087a00000|  0%| F|  |TAMS 0x0000000087900000, 0x0000000087900000| Untracked 
|  76|0x0000000087a00000, 0x0000000087a00000, 0x0000000087b00000|  0%| F|  |TAMS 0x0000000087a00000, 0x0000000087a00000| Untracked 
|  77|0x0000000087b00000, 0x0000000087b00000, 0x0000000087c00000|  0%| F|  |TAMS 0x0000000087b00000, 0x0000000087b00000| Untracked 
|  78|0x0000000087c00000, 0x0000000087c00000, 0x0000000087d00000|  0%| F|  |TAMS 0x0000000087c00000, 0x0000000087c00000| Untracked 
|  79|0x0000000087d00000, 0x0000000087d00000, 0x0000000087e00000|  0%| F|  |TAMS 0x0000000087d00000, 0x0000000087d00000| Untracked 
|  80|0x0000000087e00000, 0x0000000087e00000, 0x0000000087f00000|  0%| F|  |TAMS 0x0000000087e00000, 0x0000000087e00000| Untracked 
|  81|0x0000000087f00000, 0x0000000087f00000, 0x0000000088000000|  0%| F|  |TAMS 0x0000000087f00000, 0x0000000087f00000| Untracked 
|  82|0x0000000088000000, 0x0000000088000000, 0x0000000088100000|  0%| F|  |TAMS 0x0000000088000000, 0x0000000088000000| Untracked 
|  83|0x0000000088100000, 0x0000000088100000, 0x0000000088200000|  0%| F|  |TAMS 0x0000000088100000, 0x0000000088100000| Untracked 
|  84|0x0000000088200000, 0x0000000088200000, 0x0000000088300000|  0%| F|  |TAMS 0x0000000088200000, 0x0000000088200000| Untracked 
|  85|0x0000000088300000, 0x0000000088300000, 0x0000000088400000|  0%| F|  |TAMS 0x0000000088300000, 0x0000000088300000| Untracked 
|  86|0x0000000088400000, 0x0000000088400000, 0x0000000088500000|  0%| F|  |TAMS 0x0000000088400000, 0x0000000088400000| Untracked 
|  87|0x0000000088500000, 0x0000000088500000, 0x0000000088600000|  0%| F|  |TAMS 0x0000000088500000, 0x0000000088500000| Untracked 
|  88|0x0000000088600000, 0x0000000088600000, 0x0000000088700000|  0%| F|  |TAMS 0x0000000088600000, 0x0000000088600000| Untracked 
|  89|0x0000000088700000, 0x0000000088700000, 0x0000000088800000|  0%| F|  |TAMS 0x0000000088700000, 0x0000000088700000| Untracked 
|  90|0x0000000088800000, 0x0000000088800000, 0x0000000088900000|  0%| F|  |TAMS 0x0000000088800000, 0x0000000088800000| Untracked 
|  91|0x0000000088900000, 0x0000000088900000, 0x0000000088a00000|  0%| F|  |TAMS 0x0000000088900000, 0x0000000088900000| Untracked 
|  92|0x0000000088a00000, 0x0000000088a00000, 0x0000000088b00000|  0%| F|  |TAMS 0x0000000088a00000, 0x0000000088a00000| Untracked 
|  93|0x0000000088b00000, 0x0000000088b00000, 0x0000000088c00000|  0%| F|  |TAMS 0x0000000088b00000, 0x0000000088b00000| Untracked 
|  94|0x0000000088c00000, 0x0000000088c00000, 0x0000000088d00000|  0%| F|  |TAMS 0x0000000088c00000, 0x0000000088c00000| Untracked 
|  95|0x0000000088d00000, 0x0000000088d00000, 0x0000000088e00000|  0%| F|  |TAMS 0x0000000088d00000, 0x0000000088d00000| Untracked 
|  96|0x0000000088e00000, 0x0000000088e00000, 0x0000000088f00000|  0%| F|  |TAMS 0x0000000088e00000, 0x0000000088e00000| Untracked 
|  97|0x0000000088f00000, 0x0000000088f00000, 0x0000000089000000|  0%| F|  |TAMS 0x0000000088f00000, 0x0000000088f00000| Untracked 
|  98|0x0000000089000000, 0x0000000089000000, 0x0000000089100000|  0%| F|  |TAMS 0x0000000089000000, 0x0000000089000000| Untracked 
|  99|0x0000000089100000, 0x0000000089100000, 0x0000000089200000|  0%| F|  |TAMS 0x0000000089100000, 0x0000000089100000| Untracked 
| 100|0x0000000089200000, 0x0000000089200000, 0x0000000089300000|  0%| F|  |TAMS 0x0000000089200000, 0x0000000089200000| Untracked 
| 101|0x0000000089300000, 0x0000000089300000, 0x0000000089400000|  0%| F|  |TAMS 0x0000000089300000, 0x0000000089300000| Untracked 
| 102|0x0000000089400000, 0x0000000089400000, 0x0000000089500000|  0%| F|  |TAMS 0x0000000089400000, 0x0000000089400000| Untracked 
| 103|0x0000000089500000, 0x0000000089500000, 0x0000000089600000|  0%| F|  |TAMS 0x0000000089500000, 0x0000000089500000| Untracked 
| 104|0x0000000089600000, 0x0000000089600000, 0x0000000089700000|  0%| F|  |TAMS 0x0000000089600000, 0x0000000089600000| Untracked 
| 105|0x0000000089700000, 0x0000000089700000, 0x0000000089800000|  0%| F|  |TAMS 0x0000000089700000, 0x0000000089700000| Untracked 
| 106|0x0000000089800000, 0x0000000089800000, 0x0000000089900000|  0%| F|  |TAMS 0x0000000089800000, 0x0000000089800000| Untracked 
| 107|0x0000000089900000, 0x0000000089900000, 0x0000000089a00000|  0%| F|  |TAMS 0x0000000089900000, 0x0000000089900000| Untracked 
| 108|0x0000000089a00000, 0x0000000089a00000, 0x0000000089b00000|  0%| F|  |TAMS 0x0000000089a00000, 0x0000000089a00000| Untracked 
| 109|0x0000000089b00000, 0x0000000089b00000, 0x0000000089c00000|  0%| F|  |TAMS 0x0000000089b00000, 0x0000000089b00000| Untracked 
| 110|0x0000000089c00000, 0x0000000089c00000, 0x0000000089d00000|  0%| F|  |TAMS 0x0000000089c00000, 0x0000000089c00000| Untracked 
| 111|0x0000000089d00000, 0x0000000089d00000, 0x0000000089e00000|  0%| F|  |TAMS 0x0000000089d00000, 0x0000000089d00000| Untracked 
| 112|0x0000000089e00000, 0x0000000089e00000, 0x0000000089f00000|  0%| F|  |TAMS 0x0000000089e00000, 0x0000000089e00000| Untracked 
| 113|0x0000000089f00000, 0x0000000089f00000, 0x000000008a000000|  0%| F|  |TAMS 0x0000000089f00000, 0x0000000089f00000| Untracked 
| 114|0x000000008a000000, 0x000000008a000000, 0x000000008a100000|  0%| F|  |TAMS 0x000000008a000000, 0x000000008a000000| Untracked 
| 115|0x000000008a100000, 0x000000008a100000, 0x000000008a200000|  0%| F|  |TAMS 0x000000008a100000, 0x000000008a100000| Untracked 
| 116|0x000000008a200000, 0x000000008a200000, 0x000000008a300000|  0%| F|  |TAMS 0x000000008a200000, 0x000000008a200000| Untracked 
| 117|0x000000008a300000, 0x000000008a300000, 0x000000008a400000|  0%| F|  |TAMS 0x000000008a300000, 0x000000008a300000| Untracked 
| 118|0x000000008a400000, 0x000000008a434610, 0x000000008a500000| 20%| E|  |TAMS 0x000000008a400000, 0x000000008a400000| Complete 
| 119|0x000000008a500000, 0x000000008a600000, 0x000000008a600000|100%| E|CS|TAMS 0x000000008a500000, 0x000000008a500000| Complete 
| 120|0x000000008a600000, 0x000000008a700000, 0x000000008a700000|100%| E|CS|TAMS 0x000000008a600000, 0x000000008a600000| Complete 
| 121|0x000000008a700000, 0x000000008a800000, 0x000000008a800000|100%| E|CS|TAMS 0x000000008a700000, 0x000000008a700000| Complete 
| 122|0x000000008a800000, 0x000000008a900000, 0x000000008a900000|100%| E|CS|TAMS 0x000000008a800000, 0x000000008a800000| Complete 
| 123|0x000000008a900000, 0x000000008aa00000, 0x000000008aa00000|100%| E|CS|TAMS 0x000000008a900000, 0x000000008a900000| Complete 
| 124|0x000000008aa00000, 0x000000008ab00000, 0x000000008ab00000|100%| E|CS|TAMS 0x000000008aa00000, 0x000000008aa00000| Complete 
| 125|0x000000008ab00000, 0x000000008ac00000, 0x000000008ac00000|100%| E|CS|TAMS 0x000000008ab00000, 0x000000008ab00000| Complete 
| 126|0x000000008ac00000, 0x000000008ad00000, 0x000000008ad00000|100%|HS|  |TAMS 0x000000008ac00000, 0x000000008ac00000| Complete 
| 127|0x000000008ad00000, 0x000000008ae00000, 0x000000008ae00000|100%|HC|  |TAMS 0x000000008ad00000, 0x000000008ad00000| Complete 
| 128|0x000000008ae00000, 0x000000008af00000, 0x000000008af00000|100%| S|CS|TAMS 0x000000008ae00000, 0x000000008ae00000| Complete 
| 129|0x000000008af00000, 0x000000008b000000, 0x000000008b000000|100%| S|CS|TAMS 0x000000008af00000, 0x000000008af00000| Complete 
| 130|0x000000008b000000, 0x000000008b100000, 0x000000008b100000|100%| S|CS|TAMS 0x000000008b000000, 0x000000008b000000| Complete 
| 131|0x000000008b100000, 0x000000008b200000, 0x000000008b200000|100%| S|CS|TAMS 0x000000008b100000, 0x000000008b100000| Complete 
| 132|0x000000008b200000, 0x000000008b300000, 0x000000008b300000|100%| O|  |TAMS 0x000000008b200000, 0x000000008b200000| Untracked 
| 133|0x000000008b300000, 0x000000008b400000, 0x000000008b400000|100%| S|CS|TAMS 0x000000008b300000, 0x000000008b300000| Complete 
| 134|0x000000008b400000, 0x000000008b500000, 0x000000008b500000|100%| S|CS|TAMS 0x000000008b400000, 0x000000008b400000| Complete 
| 135|0x000000008b500000, 0x000000008b600000, 0x000000008b600000|100%| S|CS|TAMS 0x000000008b500000, 0x000000008b500000| Complete 
| 136|0x000000008b600000, 0x000000008b6b6c00, 0x000000008b700000| 71%| O|  |TAMS 0x000000008b600000, 0x000000008b600000| Untracked 
| 137|0x000000008b700000, 0x000000008b800000, 0x000000008b800000|100%| S|CS|TAMS 0x000000008b700000, 0x000000008b700000| Complete 
| 138|0x000000008b800000, 0x000000008b900000, 0x000000008b900000|100%| S|CS|TAMS 0x000000008b800000, 0x000000008b800000| Complete 
| 139|0x000000008b900000, 0x000000008ba00000, 0x000000008ba00000|100%| S|CS|TAMS 0x000000008b900000, 0x000000008b900000| Complete 

Card table byte_map: [0x0000021718860000,0x0000021718c50000] _byte_map_base: 0x0000021718449000

Marking Bits (Prev, Next): (CMBitMap*) 0x000002177fe63538, (CMBitMap*) 0x000002177fe63570
 Prev Bits: [0x0000021719040000, 0x000002171af88000)
 Next Bits: [0x000002171af90000, 0x000002171ced8000)

Polling page: 0x0000021701410000

Metaspace:

Usage:
  Non-class:     40.58 MB capacity,    39.67 MB ( 98%) used,   764.28 KB (  2%) free+waste,   170.00 KB ( <1%) overhead. 
      Class:      6.19 MB capacity,     5.59 MB ( 90%) used,   524.30 KB (  8%) free+waste,    86.13 KB (  1%) overhead. 
       Both:     46.77 MB capacity,    45.26 MB ( 97%) used,     1.26 MB (  3%) free+waste,   256.13 KB ( <1%) overhead. 

Virtual space:
  Non-class space:       42.00 MB reserved,      40.70 MB ( 97%) committed 
      Class space:        1.00 GB reserved,       6.25 MB ( <1%) committed 
             Both:        1.04 GB reserved,      46.95 MB (  4%) committed 

Chunk freelists:
   Non-Class:  128 bytes
       Class:  128 bytes
        Both:  256 bytes

CodeHeap 'non-profiled nmethods': size=238336Kb used=7563Kb max_used=7563Kb free=230772Kb
 bounds [0x0000021709140000, 0x00000217098b0000, 0x0000021717a00000]
CodeHeap 'non-nmethods': size=7424Kb used=1264Kb max_used=1264Kb free=6159Kb
 bounds [0x0000021708a00000, 0x0000021708c70000, 0x0000021709140000]
 total_blobs=5505 nmethods=4847 adapters=584
 compilation: enabled
              stopped_count=0, restarted_count=0
 full_count=0

Compilation events (10 events):
Event: 7.392 Thread 0x00000217202c0800 4817       1       org.apache.tomcat.util.buf.MessageBytes::newInstance (7 bytes)
Event: 7.392 Thread 0x00000217202c0800 nmethod 4817 0x0000021709891490 code [0x0000021709891620, 0x0000021709891748]
Event: 7.392 Thread 0x00000217202c0800 4818       1       org.apache.tomcat.util.buf.MessageBytes$MessageBytesFactory::newInstance (9 bytes)
Event: 7.392 Thread 0x00000217202c0800 nmethod 4818 0x0000021709891810 code [0x00000217098919a0, 0x0000021709891ae8]
Event: 7.392 Thread 0x00000217202c0800 4819       1       org.apache.tomcat.util.buf.MessageBytes::<init> (5 bytes)
Event: 7.392 Thread 0x00000217202c0800 nmethod 4819 0x0000021709891b90 code [0x0000021709891d20, 0x0000021709891de8]
Event: 7.393 Thread 0x00000217202c0800 4820       1       org.apache.tomcat.util.buf.MessageBytes::toString (88 bytes)
Event: 7.394 Thread 0x00000217202c0800 nmethod 4820 0x0000021709891e90 code [0x0000021709892060, 0x0000021709892378]
Event: 7.394 Thread 0x00000217202c0800 4821       1       org.apache.tomcat.util.buf.AbstractChunk::isNull (22 bytes)
Event: 7.394 Thread 0x00000217202c0800 nmethod 4821 0x0000021709892490 code [0x0000021709892620, 0x0000021709892718]

GC Heap History (10 events):
Event: 3.490 GC heap before
{Heap before GC invocations=2 (full 0):
 garbage-first heap   total 129024K, used 20605K [0x0000000082e00000, 0x0000000100000000)
  region size 1024K, 16 young (16384K), 2 survivors (2048K)
 Metaspace       used 20496K, capacity 21183K, committed 21296K, reserved 1069056K
  class space    used 2400K, capacity 2664K, committed 2688K, reserved 1048576K
}
Event: 3.492 GC heap after
{Heap after GC invocations=3 (full 0):
 garbage-first heap   total 129024K, used 8832K [0x0000000082e00000, 0x0000000100000000)
  region size 1024K, 2 young (2048K), 2 survivors (2048K)
 Metaspace       used 20496K, capacity 21183K, committed 21296K, reserved 1069056K
  class space    used 2400K, capacity 2664K, committed 2688K, reserved 1048576K
}
Event: 4.249 GC heap before
{Heap before GC invocations=4 (full 0):
 garbage-first heap   total 129024K, used 66176K [0x0000000082e00000, 0x0000000100000000)
  region size 1024K, 59 young (60416K), 2 survivors (2048K)
 Metaspace       used 26259K, capacity 27286K, committed 27520K, reserved 1073152K
  class space    used 3198K, capacity 3637K, committed 3712K, reserved 1048576K
}
Event: 4.253 GC heap after
{Heap after GC invocations=5 (full 0):
 garbage-first heap   total 129024K, used 11076K [0x0000000082e00000, 0x0000000100000000)
  region size 1024K, 4 young (4096K), 4 survivors (4096K)
 Metaspace       used 26259K, capacity 27286K, committed 27520K, reserved 1073152K
  class space    used 3198K, capacity 3637K, committed 3712K, reserved 1048576K
}
Event: 5.329 GC heap before
{Heap before GC invocations=5 (full 0):
 garbage-first heap   total 129024K, used 77636K [0x0000000082e00000, 0x0000000100000000)
  region size 1024K, 69 young (70656K), 4 survivors (4096K)
 Metaspace       used 32366K, capacity 33467K, committed 33792K, reserved 1079296K
  class space    used 4026K, capacity 4507K, committed 4608K, reserved 1048576K
}
Event: 5.335 GC heap after
{Heap after GC invocations=6 (full 0):
 garbage-first heap   total 129024K, used 14559K [0x0000000082e00000, 0x0000000100000000)
  region size 1024K, 8 young (8192K), 8 survivors (8192K)
 Metaspace       used 32366K, capacity 33467K, committed 33792K, reserved 1079296K
  class space    used 4026K, capacity 4507K, committed 4608K, reserved 1048576K
}
Event: 5.803 GC heap before
{Heap before GC invocations=6 (full 0):
 garbage-first heap   total 129024K, used 28895K [0x0000000082e00000, 0x0000000100000000)
  region size 1024K, 23 young (23552K), 8 survivors (8192K)
 Metaspace       used 34804K, capacity 35965K, committed 36048K, reserved 1081344K
  class space    used 4323K, capacity 4851K, committed 4864K, reserved 1048576K
}
Event: 5.810 GC heap after
{Heap after GC invocations=7 (full 0):
 garbage-first heap   total 129024K, used 17039K [0x0000000082e00000, 0x0000000100000000)
  region size 1024K, 7 young (7168K), 7 survivors (7168K)
 Metaspace       used 34804K, capacity 35965K, committed 36048K, reserved 1081344K
  class space    used 4323K, capacity 4851K, committed 4864K, reserved 1048576K
}
Event: 6.643 GC heap before
{Heap before GC invocations=8 (full 0):
 garbage-first heap   total 129024K, used 86671K [0x0000000082e00000, 0x0000000100000000)
  region size 1024K, 75 young (76800K), 7 survivors (7168K)
 Metaspace       used 41492K, capacity 42856K, committed 43088K, reserved 1087488K
  class space    used 5178K, capacity 5730K, committed 5760K, reserved 1048576K
}
Event: 6.650 GC heap after
{Heap after GC invocations=9 (full 0):
 garbage-first heap   total 129024K, used 21093K [0x0000000082e00000, 0x0000000100000000)
  region size 1024K, 7 young (7168K), 7 survivors (7168K)
 Metaspace       used 41492K, capacity 42856K, committed 43088K, reserved 1087488K
  class space    used 5178K, capacity 5730K, committed 5760K, reserved 1048576K
}

Deoptimization events (0 events):
No events

Classes redefined (0 events):
No events

Internal exceptions (10 events):
Event: 6.464 Thread 0x00000217217b6000 Exception <a 'java/lang/ClassNotFoundException'{0x00000000877c8b48}: org/springframework/web/context/ServletContextAwareCustomizer> (0x00000000877c8b48) thrown at [./open/src/hotspot/share/classfile/systemDictionary.cpp, line 226]
Event: 6.464 Thread 0x00000217217b6000 Exception <a 'java/lang/ClassNotFoundException'{0x00000000877d9e38}: org/springframework/beans/factory/AwareCustomizer> (0x00000000877d9e38) thrown at [./open/src/hotspot/share/classfile/systemDictionary.cpp, line 226]
Event: 6.484 Thread 0x00000217217b6000 Exception <a 'java/lang/NoSuchMethodError'{0x00000000875d12e0}: java.lang.invoke.DirectMethodHandle$Holder.invokeVirtual(Ljava/lang/Object;Ljava/lang/Object;I)V> (0x00000000875d12e0) thrown at [./open/src/hotspot/share/interpreter/linkResolver.cpp, line 7
Event: 6.485 Thread 0x00000217217b6000 Exception <a 'java/lang/NoSuchMethodError'{0x00000000875eae90}: java.lang.invoke.DirectMethodHandle$Holder.invokeVirtual(Ljava/lang/Object;Ljava/lang/Object;J)V> (0x00000000875eae90) thrown at [./open/src/hotspot/share/interpreter/linkResolver.cpp, line 7
Event: 6.538 Thread 0x00000217217b6000 Exception <a 'java/lang/NoSuchMethodError'{0x0000000086f77b08}: java.lang.invoke.DirectMethodHandle$Holder.invokeInterface(Ljava/lang/Object;Ljava/lang/Object;Ljava/lang/Object;)Ljava/lang/Object;> (0x0000000086f77b08) thrown at [./open/src/hotspot/share/
Event: 6.538 Thread 0x00000217217b6000 Exception <a 'java/lang/IncompatibleClassChangeError'{0x0000000086f7aa90}: Found class java.lang.Object, but interface was expected> (0x0000000086f7aa90) thrown at [./open/src/hotspot/share/interpreter/linkResolver.cpp, line 838]
Event: 6.551 Thread 0x00000217217b6000 Exception <a 'java/lang/NoSuchMethodError'{0x0000000086ec9330}: java.lang.invoke.DirectMethodHandle$Holder.invokeStaticInit(Ljava/lang/Object;Ljava/lang/Object;Ljava/lang/Object;Ljava/lang/Object;)I> (0x0000000086ec9330) thrown at [./open/src/hotspot/shar
Event: 7.048 Thread 0x0000021739f78800 Exception <a 'java/lang/ClassNotFoundException'{0x0000000089afce20}: sun/awt/resources/spi/awtProvider> (0x0000000089afce20) thrown at [./open/src/hotspot/share/classfile/systemDictionary.cpp, line 226]
Event: 7.086 Thread 0x0000021739f78800 Exception <a 'java/io/FileNotFoundException'{0x00000000895189a8}> (0x00000000895189a8) thrown at [./open/src/hotspot/share/prims/jni.cpp, line 611]
Event: 7.086 Thread 0x0000021739f78800 Exception <a 'java/io/FileNotFoundException'{0x000000008951cbc0}> (0x000000008951cbc0) thrown at [./open/src/hotspot/share/prims/jni.cpp, line 611]

Events (10 events):
Event: 7.377 Executing VM operation: RevokeBias done
Event: 7.377 Executing VM operation: RevokeBias
Event: 7.377 Executing VM operation: RevokeBias done
Event: 7.378 Executing VM operation: RevokeBias
Event: 7.378 Executing VM operation: RevokeBias done
Event: 7.379 loading class javax/management/ObjectName$PatternProperty
Event: 7.380 loading class javax/management/ObjectName$PatternProperty done
Event: 7.380 loading class javax/management/remote/rmi/RMIConnectionImpl$SetCcl
Event: 7.380 loading class javax/management/remote/rmi/RMIConnectionImpl$SetCcl done
Event: 7.380 loading class com/sun/jmx/mbeanserver/Repository$ObjectNamePattern


Dynamic libraries:
0x00007ff635ea0000 - 0x00007ff635eaf000 	D:\Program Files\Java\jdk-11.0.15\bin\java.exe
0x00007ff9742d0000 - 0x00007ff9744c8000 	C:\Windows\SYSTEM32\ntdll.dll
0x00007ff973e90000 - 0x00007ff973f4f000 	C:\Windows\System32\KERNEL32.DLL
0x00007ff971c80000 - 0x00007ff971f52000 	C:\Windows\System32\KERNELBASE.dll
0x00007ff971a80000 - 0x00007ff971b80000 	C:\Windows\System32\ucrtbase.dll
0x00007ff967d60000 - 0x00007ff967d75000 	D:\Program Files\Java\jdk-11.0.15\bin\VCRUNTIME140.dll
0x00007ff9691d0000 - 0x00007ff9691e8000 	D:\Program Files\Java\jdk-11.0.15\bin\jli.dll
0x00007ff972530000 - 0x00007ff9725de000 	C:\Windows\System32\ADVAPI32.dll
0x00007ff972330000 - 0x00007ff9723ce000 	C:\Windows\System32\msvcrt.dll
0x00007ff973ce0000 - 0x00007ff973d7c000 	C:\Windows\System32\sechost.dll
0x00007ff9735d0000 - 0x00007ff9736f5000 	C:\Windows\System32\RPCRT4.dll
0x00007ff973ad0000 - 0x00007ff973c6d000 	C:\Windows\System32\USER32.dll
0x00007ff971b80000 - 0x00007ff971ba2000 	C:\Windows\System32\win32u.dll
0x00007ff973d80000 - 0x00007ff973dab000 	C:\Windows\System32\GDI32.dll
0x00007ff955600000 - 0x00007ff95589a000 	C:\Windows\WinSxS\amd64_microsoft.windows.common-controls_6595b64144ccf1df_6.0.19041.1110_none_60b5254171f9507e\COMCTL32.dll
0x00007ff971fb0000 - 0x00007ff9720bf000 	C:\Windows\System32\gdi32full.dll
0x00007ff971bb0000 - 0x00007ff971c4d000 	C:\Windows\System32\msvcp_win.dll
0x00007ff96b680000 - 0x00007ff96b68a000 	C:\Windows\SYSTEM32\VERSION.dll
0x00007ff9723d0000 - 0x00007ff972402000 	C:\Windows\System32\IMM32.DLL
0x00007ff964c90000 - 0x00007ff964d2b000 	D:\Program Files\Java\jdk-11.0.15\bin\msvcp140.dll
0x00007ff9299a0000 - 0x00007ff92a4b6000 	D:\Program Files\Java\jdk-11.0.15\bin\server\jvm.dll
0x00007ff973cd0000 - 0x00007ff973cd8000 	C:\Windows\System32\PSAPI.DLL
0x00007ff948910000 - 0x00007ff948919000 	C:\Windows\SYSTEM32\WSOCK32.dll
0x00007ff958a20000 - 0x00007ff958a47000 	C:\Windows\SYSTEM32\WINMM.dll
0x00007ff973a60000 - 0x00007ff973acb000 	C:\Windows\System32\WS2_32.dll
0x00007ff96f8b0000 - 0x00007ff96f8c2000 	C:\Windows\SYSTEM32\kernel.appcore.dll
0x00007ff9691c0000 - 0x00007ff9691d0000 	D:\Program Files\Java\jdk-11.0.15\bin\verify.dll
0x00007ff9676c0000 - 0x00007ff9678a4000 	C:\Windows\SYSTEM32\DBGHELP.DLL
0x00007ff959140000 - 0x00007ff95916c000 	C:\Windows\SYSTEM32\dbgcore.DLL
0x00007ff972130000 - 0x00007ff9721b2000 	C:\Windows\System32\bcryptPrimitives.dll
0x00007ff964de0000 - 0x00007ff964e08000 	D:\Program Files\Java\jdk-11.0.15\bin\java.dll
0x00007ff967b60000 - 0x00007ff967b6a000 	D:\Program Files\Java\jdk-11.0.15\bin\jimage.dll
0x00007ff964a10000 - 0x00007ff964a1e000 	D:\Program Files\Java\jdk-11.0.15\bin\instrument.dll
0x00007ff964dc0000 - 0x00007ff964dd6000 	D:\Program Files\Java\jdk-11.0.15\bin\zip.dll
0x00007ff972740000 - 0x00007ff972e83000 	C:\Windows\System32\SHELL32.dll
0x00007ff96fab0000 - 0x00007ff970242000 	C:\Windows\SYSTEM32\windows.storage.dll
0x00007ff973700000 - 0x00007ff973a54000 	C:\Windows\System32\combase.dll
0x00007ff971430000 - 0x00007ff971460000 	C:\Windows\SYSTEM32\Wldp.dll
0x00007ff974160000 - 0x00007ff97420d000 	C:\Windows\System32\SHCORE.dll
0x00007ff972e90000 - 0x00007ff972ee5000 	C:\Windows\System32\shlwapi.dll
0x00007ff971910000 - 0x00007ff97192f000 	C:\Windows\SYSTEM32\profapi.dll
0x00007ff964da0000 - 0x00007ff964db9000 	D:\Program Files\Java\jdk-11.0.15\bin\net.dll
0x00007ff9652a0000 - 0x00007ff9653ac000 	C:\Windows\SYSTEM32\WINHTTP.dll
0x00007ff971190000 - 0x00007ff9711fa000 	C:\Windows\system32\mswsock.dll
0x00007ff964c70000 - 0x00007ff964c82000 	D:\Program Files\Java\jdk-11.0.15\bin\nio.dll
0x00007ff964a30000 - 0x00007ff964a4a000 	D:\Program Files\JetBrains\IntelliJ IDEA 2022.2.1\bin\breakgen64.dll
0x00007ff970e70000 - 0x00007ff970f3a000 	C:\Windows\SYSTEM32\DNSAPI.dll
0x00007ff970e30000 - 0x00007ff970e6b000 	C:\Windows\SYSTEM32\IPHLPAPI.DLL
0x00007ff9733c0000 - 0x00007ff9733c8000 	C:\Windows\System32\NSI.dll
0x00007ff969340000 - 0x00007ff96934a000 	C:\Windows\System32\rasadhlp.dll
0x00007ff965220000 - 0x00007ff9652a0000 	C:\Windows\System32\fwpuclnt.dll
0x00007ff971c50000 - 0x00007ff971c77000 	C:\Windows\System32\bcrypt.dll
0x00007ff96d410000 - 0x00007ff96d419000 	D:\Program Files\Java\jdk-11.0.15\bin\management.dll
0x00007ff964c00000 - 0x00007ff964c0b000 	D:\Program Files\Java\jdk-11.0.15\bin\management_ext.dll
0x00007ff971380000 - 0x00007ff971398000 	C:\Windows\SYSTEM32\CRYPTSP.dll
0x00007ff970a40000 - 0x00007ff970a74000 	C:\Windows\system32\rsaenh.dll
0x00007ff9718d0000 - 0x00007ff9718fe000 	C:\Windows\SYSTEM32\USERENV.dll
0x00007ff9713a0000 - 0x00007ff9713ac000 	C:\Windows\SYSTEM32\CRYPTBASE.dll
0x00007ff96a020000 - 0x00007ff96a037000 	C:\Windows\SYSTEM32\dhcpcsvc6.DLL
0x00007ff96a000000 - 0x00007ff96a01d000 	C:\Windows\SYSTEM32\dhcpcsvc.DLL
0x00007ff950180000 - 0x00007ff950197000 	C:\Windows\system32\napinsp.dll
0x00007ff950160000 - 0x00007ff95017b000 	C:\Windows\system32\pnrpnsp.dll
0x00007ff96bac0000 - 0x00007ff96bad5000 	C:\Windows\system32\wshbth.dll
0x00007ff96d3e0000 - 0x00007ff96d3fd000 	C:\Windows\system32\NLAapi.dll
0x00007ff950040000 - 0x00007ff950052000 	C:\Windows\System32\winrnr.dll
0x00007ff944ef0000 - 0x00007ff944f15000 	D:\Program Files\JetBrains\ArcSoft_ArcFace_Java_Windows_x64_V3.0\libs\WIN64\libarcsoft_face_engine_jni.dll
0x00007ff941880000 - 0x00007ff9418ff000 	D:\Program Files\JetBrains\ArcSoft_ArcFace_Java_Windows_x64_V3.0\libs\WIN64\libarcsoft_face_engine.dll
0x00007ff973f50000 - 0x00007ff973fa6000 	C:\Windows\System32\WLDAP32.dll
0x00007ff940110000 - 0x00007ff9401ff000 	C:\Windows\SYSTEM32\MSVCR120.dll
0x00007ff938100000 - 0x00007ff9381a6000 	C:\Windows\SYSTEM32\MSVCP120.dll
0x00007ff90cbe0000 - 0x00007ff90fa1d000 	D:\Program Files\JetBrains\ArcSoft_ArcFace_Java_Windows_x64_V3.0\libs\WIN64\libarcsoft_face.dll
0x00007ff942ef0000 - 0x00007ff942f15000 	D:\Program Files\Java\jdk-11.0.15\bin\sunec.dll
0x00007ff964a20000 - 0x00007ff964a2d000 	D:\Program Files\Java\jdk-11.0.15\bin\sunmscapi.dll
0x00007ff9721c0000 - 0x00007ff972316000 	C:\Windows\System32\CRYPT32.dll
0x00007ff9714a0000 - 0x00007ff9714c7000 	C:\Windows\SYSTEM32\ncrypt.dll
0x00007ff971460000 - 0x00007ff97149b000 	C:\Windows\SYSTEM32\NTASN1.dll
0x00007ff930a90000 - 0x00007ff930c2a000 	D:\Program Files\Java\jdk-11.0.15\bin\awt.dll
0x00007ff9733d0000 - 0x00007ff97349d000 	C:\Windows\System32\OLEAUT32.dll
0x00007ff96f2a0000 - 0x00007ff96f331000 	C:\Windows\SYSTEM32\apphelp.dll
0x00007ff940250000 - 0x00007ff940291000 	D:\Program Files\Java\jdk-11.0.15\bin\lcms.dll
0x00007ff96f7a0000 - 0x00007ff96f7cf000 	C:\Windows\system32\DWMAPI.DLL
0x00007ff96f3e0000 - 0x00007ff96f47e000 	C:\Windows\system32\uxtheme.dll

dbghelp: loaded successfully - version: 4.0.5 - missing functions: none
symbol engine: initialized successfully - sym options: 0x614 - pdb path: .;D:\Program Files\Java\jdk-11.0.15\bin;C:\Windows\SYSTEM32;C:\Windows\WinSxS\amd64_microsoft.windows.common-controls_6595b64144ccf1df_6.0.19041.1110_none_60b5254171f9507e;D:\Program Files\Java\jdk-11.0.15\bin\server;D:\Program Files\JetBrains\IntelliJ IDEA 2022.2.1\bin;D:\Program Files\JetBrains\ArcSoft_ArcFace_Java_Windows_x64_V3.0\libs\WIN64

VM Arguments:
jvm_args: -Dfile.encoding=UTF-8 -XX:TieredStopAtLevel=1 -Xverify:none -Dspring.output.ansi.enabled=always -Dcom.sun.management.jmxremote -Dspring.jmx.enabled=true -Dspring.liveBeansView.mbeanDomain -Dspring.application.admin.enabled=true -javaagent:D:\Program Files\JetBrains\IntelliJ IDEA 2022.2.1\lib\idea_rt.jar=5833:D:\Program Files\JetBrains\IntelliJ IDEA 2022.2.1\bin -Dfile.encoding=UTF-8 
java_command: com.example.uploadtest.UploadtestApplication
java_class_path (initial): D:\JavaProject\uploadtest\target\classes;D:\Program Files\JetBrains\ArcSoft_ArcFace_Java_Windows_x64_V3.0\libs\arcsoft-sdk-face-3.0.0.0.jar;D:\Program Files\JetBrains\apache-maven-3.6.3\repository\org\springframework\boot\spring-boot-starter-web\2.3.7.RELEASE\spring-boot-starter-web-2.3.7.RELEASE.jar;D:\Program Files\JetBrains\apache-maven-3.6.3\repository\org\springframework\boot\spring-boot-starter\2.3.7.RELEASE\spring-boot-starter-2.3.7.RELEASE.jar;D:\Program Files\JetBrains\apache-maven-3.6.3\repository\org\springframework\boot\spring-boot-starter-logging\2.3.7.RELEASE\spring-boot-starter-logging-2.3.7.RELEASE.jar;D:\Program Files\JetBrains\apache-maven-3.6.3\repository\ch\qos\logback\logback-classic\1.2.3\logback-classic-1.2.3.jar;D:\Program Files\JetBrains\apache-maven-3.6.3\repository\ch\qos\logback\logback-core\1.2.3\logback-core-1.2.3.jar;D:\Program Files\JetBrains\apache-maven-3.6.3\repository\org\apache\logging\log4j\log4j-to-slf4j\2.13.3\log4j-to-slf4j-2.13.3.jar;D:\Program Files\JetBrains\apache-maven-3.6.3\repository\org\apache\logging\log4j\log4j-api\2.13.3\log4j-api-2.13.3.jar;D:\Program Files\JetBrains\apache-maven-3.6.3\repository\org\slf4j\jul-to-slf4j\1.7.30\jul-to-slf4j-1.7.30.jar;D:\Program Files\JetBrains\apache-maven-3.6.3\repository\jakarta\annotation\jakarta.annotation-api\1.3.5\jakarta.annotation-api-1.3.5.jar;D:\Program Files\JetBrains\apache-maven-3.6.3\repository\org\yaml\snakeyaml\1.26\snakeyaml-1.26.jar;D:\Program Files\JetBrains\apache-maven-3.6.3\repository\org\springframework\boot\spring-boot-starter-json\2.3.7.RELEASE\spring-boot-starter-json-2.3.7.RELEASE.jar;D:\Program Files\JetBrains\apache-maven-3.6.3\repository\com\fasterxml\jackson\core\jackson-databind\2.11.3\jackson-databind-2.11.3.jar;D:\Program Files\JetBrains\apache-maven-3.6.3\repository\com\fasterxml\jackson\core\jackson-core\2.11.3\jackson-core-2.11.3.jar;D:\Program Files\JetBrains\apache-maven-3.6.3\repository\com\fasterxml\jackson\datat
Launcher Type: SUN_STANDARD

[Global flags]
     bool BytecodeVerificationLocal                = false                                     {product} {command line}
     bool BytecodeVerificationRemote               = false                                     {product} {command line}
     intx CICompilerCount                          = 4                                         {product} {ergonomic}
     uint ConcGCThreads                            = 2                                         {product} {ergonomic}
     uint G1ConcRefinementThreads                  = 8                                         {product} {ergonomic}
   size_t G1HeapRegionSize                         = 1048576                                   {product} {ergonomic}
    uintx GCDrainStackTargetSize                   = 64                                        {product} {ergonomic}
   size_t InitialHeapSize                          = 132120576                                 {product} {ergonomic}
     bool ManagementServer                         = true                                      {product} {command line}
   size_t MarkStackSize                            = 4194304                                   {product} {ergonomic}
   size_t MaxHeapSize                              = 2099249152                                {product} {ergonomic}
   size_t MaxNewSize                               = 1259339776                                {product} {ergonomic}
   size_t MinHeapDeltaBytes                        = 1048576                                   {product} {ergonomic}
    uintx NonNMethodCodeHeapSize                   = 7549744                                {pd product} {ergonomic}
    uintx NonProfiledCodeHeapSize                  = 244108496                              {pd product} {ergonomic}
    uintx ProfiledCodeHeapSize                     = 0                                      {pd product} {ergonomic}
    uintx ReservedCodeCacheSize                    = 251658240                              {pd product} {ergonomic}
     bool SegmentedCodeCache                       = true                                      {product} {ergonomic}
     intx TieredStopAtLevel                        = 1                                         {product} {command line}
     bool UseCompressedClassPointers               = true                                 {lp64_product} {ergonomic}
     bool UseCompressedOops                        = true                                 {lp64_product} {ergonomic}
     bool UseG1GC                                  = true                                      {product} {ergonomic}
     bool UseLargePagesIndividualAllocation        = false                                  {pd product} {ergonomic}

Logging:
Log output configuration:
 #0: stdout all=warning uptime,level,tags
 #1: stderr all=off uptime,level,tags

Environment Variables:
JAVA_HOME=D:\Program Files\Java\jdk-11.0.15
JAVA_TOOL_OPTIONS=-Dfile.encoding=UTF-8
PATH=D:\Program Files\Python\Scripts\;D:\Program Files\Python\;C:\Program Files (x86)\Python39-32\Scripts\;C:\Program Files (x86)\Python39-32\;D:\Program Files (x86)\VMware\VMware Workstation\bin\;C:\Program Files\Common Files\Oracle\Java\javapath;C:\Program Files\Microsoft\jdk-11.0.12.7-hotspot\bin;C:\Windows\system32;C:\Windows;C:\Windows\System32\Wbem;C:\Windows\System32\WindowsPowerShell\v1.0\;C:\Windows\System32\OpenSSH\;C:\Program Files\dotnet\;D:\Program Files\Git\cmd;D:\ProgramData\Anaconda3\Scripts;D:\Program Files\nodejs\;D:\Program Files\Apache Software Foundation\Tomcat 10.0\lib\;D:\Program Files\JetBrains\ArcSoft_ArcFace_Java_Windows_x64_V3.0\libs\WIN64;D:\Program Files\gradle-7.5.1\bin;C:\Program Files\MySQL\MySQL Shell 8.0\bin\;C:\Users\admin\AppData\Local\Microsoft\WindowsApps;D:\Program Files\JetBrains\IntelliJ IDEA 2022.2.1\bin;;C:\Users\admin\.dotnet\tools;d:\Program Files\JetBrains\DataGrip 2022.1.2\bin;;D:\Programs Files\Microsoft VS Code\bin;D:\Program Files\JetBrains\apache-maven-3.6.3\bin;;D:\Program Files\JetBrains\PyCharm 2021.3\bin;;C:\Users\admin\AppData\Roaming\npm
USERNAME=admin
OS=Windows_NT
PROCESSOR_IDENTIFIER=Intel64 Family 6 Model 158 Stepping 13, GenuineIntel



---------------  S Y S T E M  ---------------

OS: Windows 10 , 64 bit Build 19041 (10.0.19041.2251)

CPU:total 8 (initial active 8) (8 cores per cpu, 1 threads per core) family 6 model 158 stepping 13 microcode 0xc6, cmov, cx8, fxsr, mmx, sse, sse2, sse3, ssse3, sse4.1, sse4.2, popcnt, avx, avx2, aes, clmul, erms, 3dnowpref, lzcnt, tsc, tscinvbit, bmi1, bmi2, adx, fma

Memory: 4k page, system-wide physical 8005M (362M free)
TotalPageFile size 31136M (AvailPageFile size 10183M)
current process WorkingSet (physical memory assigned to process): 397M, peak: 398M
current process commit charge ("private bytes"): 677M, peak: 677M

vm_info: Java HotSpot(TM) 64-Bit Server VM (11.0.15+8-LTS-149) for windows-amd64 JRE (11.0.15+8-LTS-149), built on Mar  9 2022 22:42:32 by "mach5one" with MS VC++ 15.9 (VS2017)

END.
